CRITICAL - 2025-06-14 12:55:02 --> CodeIgniter\Exceptions\CriticalError: Cache: RedisException occurred with message (Connection refused). in /home/asgor-dev-ai/Videos/Donation-full-project/assistpro-backend/codes/vendor/codeigniter4/framework/system/Cache/Handlers/RedisHandler.php:101
Stack trace:
#0 /home/asgor-dev-ai/Videos/Donation-full-project/assistpro-backend/codes/vendor/codeigniter4/framework/system/Cache/CacheFactory.php(81): CodeIgniter\Cache\Handlers\RedisHandler->initialize()
#1 /home/asgor-dev-ai/Videos/Donation-full-project/assistpro-backend/codes/vendor/codeigniter4/framework/system/Config/Services.php(129): CodeIgniter\Cache\CacheFactory::getHandler()
#2 /home/asgor-dev-ai/Videos/Donation-full-project/assistpro-backend/codes/vendor/codeigniter4/framework/system/Config/BaseService.php(312): CodeIgniter\Config\Services::cache()
#3 /home/asgor-dev-ai/Videos/Donation-full-project/assistpro-backend/codes/vendor/codeigniter4/framework/system/Config/BaseService.php(251): CodeIgniter\Config\BaseService::__callStatic()
#4 /home/asgor-dev-ai/Videos/Donation-full-project/assistpro-backend/codes/vendor/codeigniter4/framework/system/Config/Services.php(124): CodeIgniter\Config\BaseService::getSharedInstance()
#5 /home/asgor-dev-ai/Videos/Donation-full-project/assistpro-backend/codes/vendor/codeigniter4/framework/system/Config/BaseService.php(321): CodeIgniter\Config\Services::cache()
#6 /home/asgor-dev-ai/Videos/Donation-full-project/assistpro-backend/codes/vendor/codeigniter4/framework/system/Config/BaseService.php(202): CodeIgniter\Config\BaseService::__callStatic()
#7 /home/asgor-dev-ai/Videos/Donation-full-project/assistpro-backend/codes/vendor/codeigniter4/framework/system/Config/Services.php(454): CodeIgniter\Config\BaseService::get()
#8 /home/asgor-dev-ai/Videos/Donation-full-project/assistpro-backend/codes/vendor/codeigniter4/framework/system/Config/BaseService.php(312): CodeIgniter\Config\Services::responsecache()
#9 /home/asgor-dev-ai/Videos/Donation-full-project/assistpro-backend/codes/vendor/codeigniter4/framework/system/Config/BaseService.php(251): CodeIgniter\Config\BaseService::__callStatic()
#10 /home/asgor-dev-ai/Videos/Donation-full-project/assistpro-backend/codes/vendor/codeigniter4/framework/system/Config/Services.php(450): CodeIgniter\Config\BaseService::getSharedInstance()
#11 /home/asgor-dev-ai/Videos/Donation-full-project/assistpro-backend/codes/vendor/codeigniter4/framework/system/Config/BaseService.php(321): CodeIgniter\Config\Services::responsecache()
#12 /home/asgor-dev-ai/Videos/Donation-full-project/assistpro-backend/codes/vendor/codeigniter4/framework/system/CodeIgniter.php(179): CodeIgniter\Config\BaseService::__callStatic()
#13 /home/asgor-dev-ai/Videos/Donation-full-project/assistpro-backend/codes/vendor/codeigniter4/framework/system/Config/Services.php(164): CodeIgniter\CodeIgniter->__construct()
#14 /home/asgor-dev-ai/Videos/Donation-full-project/assistpro-backend/codes/vendor/codeigniter4/framework/system/Config/BaseService.php(321): CodeIgniter\Config\Services::codeigniter()
#15 /home/asgor-dev-ai/Videos/Donation-full-project/assistpro-backend/codes/vendor/codeigniter4/framework/system/Config/BaseService.php(251): CodeIgniter\Config\BaseService::__callStatic()
#16 /home/asgor-dev-ai/Videos/Donation-full-project/assistpro-backend/codes/vendor/codeigniter4/framework/system/Config/Services.php(159): CodeIgniter\Config\BaseService::getSharedInstance()
#17 /home/asgor-dev-ai/Videos/Donation-full-project/assistpro-backend/codes/vendor/codeigniter4/framework/system/Boot.php(311): CodeIgniter\Config\Services::codeigniter()
#18 /home/asgor-dev-ai/Videos/Donation-full-project/assistpro-backend/codes/vendor/codeigniter4/framework/system/Boot.php(101): CodeIgniter\Boot::initializeCodeIgniter()
#19 /home/asgor-dev-ai/Videos/Donation-full-project/assistpro-backend/codes/spark(84): CodeIgniter\Boot::bootSpark()
#20 {main} Resorting to using dummy handler.
ERROR - 2025-06-14 12:55:12 --> Error connecting to the database: mysqli_sql_exception: Connection timed out in /home/asgor-dev-ai/Videos/Donation-full-project/assistpro-backend/codes/vendor/codeigniter4/framework/system/Database/MySQLi/Connection.php:186
Stack trace:
#0 /home/asgor-dev-ai/Videos/Donation-full-project/assistpro-backend/codes/vendor/codeigniter4/framework/system/Database/MySQLi/Connection.php(186): mysqli->real_connect()
#1 /home/asgor-dev-ai/Videos/Donation-full-project/assistpro-backend/codes/vendor/codeigniter4/framework/system/Database/BaseConnection.php(421): CodeIgniter\Database\MySQLi\Connection->connect()
#2 /home/asgor-dev-ai/Videos/Donation-full-project/assistpro-backend/codes/vendor/codeigniter4/framework/system/Database/BaseConnection.php(616): CodeIgniter\Database\BaseConnection->initialize()
#3 /home/asgor-dev-ai/Videos/Donation-full-project/assistpro-backend/codes/vendor/codeigniter4/framework/system/Database/BaseConnection.php(1485): CodeIgniter\Database\BaseConnection->query()
#4 /home/asgor-dev-ai/Videos/Donation-full-project/assistpro-backend/codes/vendor/codeigniter4/framework/system/Database/BaseConnection.php(1505): CodeIgniter\Database\BaseConnection->listTables()
#5 /home/asgor-dev-ai/Videos/Donation-full-project/assistpro-backend/codes/vendor/codeigniter4/framework/system/Database/MigrationRunner.php(759): CodeIgniter\Database\BaseConnection->tableExists()
#6 /home/asgor-dev-ai/Videos/Donation-full-project/assistpro-backend/codes/vendor/codeigniter4/framework/system/Database/MigrationRunner.php(163): CodeIgniter\Database\MigrationRunner->ensureTable()
#7 /home/asgor-dev-ai/Videos/Donation-full-project/assistpro-backend/codes/vendor/codeigniter4/framework/system/Commands/Database/Migrate.php(85): CodeIgniter\Database\MigrationRunner->latest()
#8 /home/asgor-dev-ai/Videos/Donation-full-project/assistpro-backend/codes/vendor/codeigniter4/framework/system/CLI/Commands.php(70): CodeIgniter\Commands\Database\Migrate->run()
#9 /home/asgor-dev-ai/Videos/Donation-full-project/assistpro-backend/codes/vendor/codeigniter4/framework/system/CLI/Console.php(48): CodeIgniter\CLI\Commands->run()
#10 /home/asgor-dev-ai/Videos/Donation-full-project/assistpro-backend/codes/vendor/codeigniter4/framework/system/Boot.php(351): CodeIgniter\CLI\Console->run()
#11 /home/asgor-dev-ai/Videos/Donation-full-project/assistpro-backend/codes/vendor/codeigniter4/framework/system/Boot.php(104): CodeIgniter\Boot::runCommand()
#12 /home/asgor-dev-ai/Videos/Donation-full-project/assistpro-backend/codes/spark(84): CodeIgniter\Boot::bootSpark()
#13 {main}

Next CodeIgniter\Database\Exceptions\DatabaseException: Connection timed out in /home/asgor-dev-ai/Videos/Donation-full-project/assistpro-backend/codes/vendor/codeigniter4/framework/system/Database/MySQLi/Connection.php:231
Stack trace:
#0 /home/asgor-dev-ai/Videos/Donation-full-project/assistpro-backend/codes/vendor/codeigniter4/framework/system/Database/BaseConnection.php(421): CodeIgniter\Database\MySQLi\Connection->connect()
#1 /home/asgor-dev-ai/Videos/Donation-full-project/assistpro-backend/codes/vendor/codeigniter4/framework/system/Database/BaseConnection.php(616): CodeIgniter\Database\BaseConnection->initialize()
#2 /home/asgor-dev-ai/Videos/Donation-full-project/assistpro-backend/codes/vendor/codeigniter4/framework/system/Database/BaseConnection.php(1485): CodeIgniter\Database\BaseConnection->query()
#3 /home/asgor-dev-ai/Videos/Donation-full-project/assistpro-backend/codes/vendor/codeigniter4/framework/system/Database/BaseConnection.php(1505): CodeIgniter\Database\BaseConnection->listTables()
#4 /home/asgor-dev-ai/Videos/Donation-full-project/assistpro-backend/codes/vendor/codeigniter4/framework/system/Database/MigrationRunner.php(759): CodeIgniter\Database\BaseConnection->tableExists()
#5 /home/asgor-dev-ai/Videos/Donation-full-project/assistpro-backend/codes/vendor/codeigniter4/framework/system/Database/MigrationRunner.php(163): CodeIgniter\Database\MigrationRunner->ensureTable()
#6 /home/asgor-dev-ai/Videos/Donation-full-project/assistpro-backend/codes/vendor/codeigniter4/framework/system/Commands/Database/Migrate.php(85): CodeIgniter\Database\MigrationRunner->latest()
#7 /home/asgor-dev-ai/Videos/Donation-full-project/assistpro-backend/codes/vendor/codeigniter4/framework/system/CLI/Commands.php(70): CodeIgniter\Commands\Database\Migrate->run()
#8 /home/asgor-dev-ai/Videos/Donation-full-project/assistpro-backend/codes/vendor/codeigniter4/framework/system/CLI/Console.php(48): CodeIgniter\CLI\Commands->run()
#9 /home/asgor-dev-ai/Videos/Donation-full-project/assistpro-backend/codes/vendor/codeigniter4/framework/system/Boot.php(351): CodeIgniter\CLI\Console->run()
#10 /home/asgor-dev-ai/Videos/Donation-full-project/assistpro-backend/codes/vendor/codeigniter4/framework/system/Boot.php(104): CodeIgniter\Boot::runCommand()
#11 /home/asgor-dev-ai/Videos/Donation-full-project/assistpro-backend/codes/spark(84): CodeIgniter\Boot::bootSpark()
#12 {main}
CRITICAL - 2025-06-14 12:58:33 --> CodeIgniter\Exceptions\CriticalError: Cache: RedisException occurred with message (Connection refused). in /home/asgor-dev-ai/Videos/Donation-full-project/assistpro-backend/codes/vendor/codeigniter4/framework/system/Cache/Handlers/RedisHandler.php:101
Stack trace:
#0 /home/asgor-dev-ai/Videos/Donation-full-project/assistpro-backend/codes/vendor/codeigniter4/framework/system/Cache/CacheFactory.php(81): CodeIgniter\Cache\Handlers\RedisHandler->initialize()
#1 /home/asgor-dev-ai/Videos/Donation-full-project/assistpro-backend/codes/vendor/codeigniter4/framework/system/Config/Services.php(129): CodeIgniter\Cache\CacheFactory::getHandler()
#2 /home/asgor-dev-ai/Videos/Donation-full-project/assistpro-backend/codes/vendor/codeigniter4/framework/system/Config/BaseService.php(312): CodeIgniter\Config\Services::cache()
#3 /home/asgor-dev-ai/Videos/Donation-full-project/assistpro-backend/codes/vendor/codeigniter4/framework/system/Config/BaseService.php(251): CodeIgniter\Config\BaseService::__callStatic()
#4 /home/asgor-dev-ai/Videos/Donation-full-project/assistpro-backend/codes/vendor/codeigniter4/framework/system/Config/Services.php(124): CodeIgniter\Config\BaseService::getSharedInstance()
#5 /home/asgor-dev-ai/Videos/Donation-full-project/assistpro-backend/codes/vendor/codeigniter4/framework/system/Config/BaseService.php(321): CodeIgniter\Config\Services::cache()
#6 /home/asgor-dev-ai/Videos/Donation-full-project/assistpro-backend/codes/vendor/codeigniter4/framework/system/Config/BaseService.php(202): CodeIgniter\Config\BaseService::__callStatic()
#7 /home/asgor-dev-ai/Videos/Donation-full-project/assistpro-backend/codes/vendor/codeigniter4/framework/system/Config/Services.php(454): CodeIgniter\Config\BaseService::get()
#8 /home/asgor-dev-ai/Videos/Donation-full-project/assistpro-backend/codes/vendor/codeigniter4/framework/system/Config/BaseService.php(312): CodeIgniter\Config\Services::responsecache()
#9 /home/asgor-dev-ai/Videos/Donation-full-project/assistpro-backend/codes/vendor/codeigniter4/framework/system/Config/BaseService.php(251): CodeIgniter\Config\BaseService::__callStatic()
#10 /home/asgor-dev-ai/Videos/Donation-full-project/assistpro-backend/codes/vendor/codeigniter4/framework/system/Config/Services.php(450): CodeIgniter\Config\BaseService::getSharedInstance()
#11 /home/asgor-dev-ai/Videos/Donation-full-project/assistpro-backend/codes/vendor/codeigniter4/framework/system/Config/BaseService.php(321): CodeIgniter\Config\Services::responsecache()
#12 /home/asgor-dev-ai/Videos/Donation-full-project/assistpro-backend/codes/vendor/codeigniter4/framework/system/CodeIgniter.php(179): CodeIgniter\Config\BaseService::__callStatic()
#13 /home/asgor-dev-ai/Videos/Donation-full-project/assistpro-backend/codes/vendor/codeigniter4/framework/system/Config/Services.php(164): CodeIgniter\CodeIgniter->__construct()
#14 /home/asgor-dev-ai/Videos/Donation-full-project/assistpro-backend/codes/vendor/codeigniter4/framework/system/Config/BaseService.php(321): CodeIgniter\Config\Services::codeigniter()
#15 /home/asgor-dev-ai/Videos/Donation-full-project/assistpro-backend/codes/vendor/codeigniter4/framework/system/Config/BaseService.php(251): CodeIgniter\Config\BaseService::__callStatic()
#16 /home/asgor-dev-ai/Videos/Donation-full-project/assistpro-backend/codes/vendor/codeigniter4/framework/system/Config/Services.php(159): CodeIgniter\Config\BaseService::getSharedInstance()
#17 /home/asgor-dev-ai/Videos/Donation-full-project/assistpro-backend/codes/vendor/codeigniter4/framework/system/Boot.php(311): CodeIgniter\Config\Services::codeigniter()
#18 /home/asgor-dev-ai/Videos/Donation-full-project/assistpro-backend/codes/vendor/codeigniter4/framework/system/Boot.php(101): CodeIgniter\Boot::initializeCodeIgniter()
#19 /home/asgor-dev-ai/Videos/Donation-full-project/assistpro-backend/codes/spark(84): CodeIgniter\Boot::bootSpark()
#20 {main} Resorting to using dummy handler.
CRITICAL - 2025-06-14 13:00:26 --> CodeIgniter\Exceptions\CriticalError: Cache: RedisException occurred with message (Connection refused). in /home/asgor-dev-ai/Videos/Donation-full-project/assistpro-backend/codes/vendor/codeigniter4/framework/system/Cache/Handlers/RedisHandler.php:101
Stack trace:
#0 /home/asgor-dev-ai/Videos/Donation-full-project/assistpro-backend/codes/vendor/codeigniter4/framework/system/Cache/CacheFactory.php(81): CodeIgniter\Cache\Handlers\RedisHandler->initialize()
#1 /home/asgor-dev-ai/Videos/Donation-full-project/assistpro-backend/codes/vendor/codeigniter4/framework/system/Config/Services.php(129): CodeIgniter\Cache\CacheFactory::getHandler()
#2 /home/asgor-dev-ai/Videos/Donation-full-project/assistpro-backend/codes/vendor/codeigniter4/framework/system/Config/BaseService.php(312): CodeIgniter\Config\Services::cache()
#3 /home/asgor-dev-ai/Videos/Donation-full-project/assistpro-backend/codes/vendor/codeigniter4/framework/system/Config/BaseService.php(251): CodeIgniter\Config\BaseService::__callStatic()
#4 /home/asgor-dev-ai/Videos/Donation-full-project/assistpro-backend/codes/vendor/codeigniter4/framework/system/Config/Services.php(124): CodeIgniter\Config\BaseService::getSharedInstance()
#5 /home/asgor-dev-ai/Videos/Donation-full-project/assistpro-backend/codes/vendor/codeigniter4/framework/system/Config/BaseService.php(321): CodeIgniter\Config\Services::cache()
#6 /home/asgor-dev-ai/Videos/Donation-full-project/assistpro-backend/codes/vendor/codeigniter4/framework/system/Config/BaseService.php(202): CodeIgniter\Config\BaseService::__callStatic()
#7 /home/asgor-dev-ai/Videos/Donation-full-project/assistpro-backend/codes/vendor/codeigniter4/framework/system/Config/Services.php(454): CodeIgniter\Config\BaseService::get()
#8 /home/asgor-dev-ai/Videos/Donation-full-project/assistpro-backend/codes/vendor/codeigniter4/framework/system/Config/BaseService.php(312): CodeIgniter\Config\Services::responsecache()
#9 /home/asgor-dev-ai/Videos/Donation-full-project/assistpro-backend/codes/vendor/codeigniter4/framework/system/Config/BaseService.php(251): CodeIgniter\Config\BaseService::__callStatic()
#10 /home/asgor-dev-ai/Videos/Donation-full-project/assistpro-backend/codes/vendor/codeigniter4/framework/system/Config/Services.php(450): CodeIgniter\Config\BaseService::getSharedInstance()
#11 /home/asgor-dev-ai/Videos/Donation-full-project/assistpro-backend/codes/vendor/codeigniter4/framework/system/Config/BaseService.php(321): CodeIgniter\Config\Services::responsecache()
#12 /home/asgor-dev-ai/Videos/Donation-full-project/assistpro-backend/codes/vendor/codeigniter4/framework/system/CodeIgniter.php(179): CodeIgniter\Config\BaseService::__callStatic()
#13 /home/asgor-dev-ai/Videos/Donation-full-project/assistpro-backend/codes/vendor/codeigniter4/framework/system/Config/Services.php(164): CodeIgniter\CodeIgniter->__construct()
#14 /home/asgor-dev-ai/Videos/Donation-full-project/assistpro-backend/codes/vendor/codeigniter4/framework/system/Config/BaseService.php(321): CodeIgniter\Config\Services::codeigniter()
#15 /home/asgor-dev-ai/Videos/Donation-full-project/assistpro-backend/codes/vendor/codeigniter4/framework/system/Config/BaseService.php(251): CodeIgniter\Config\BaseService::__callStatic()
#16 /home/asgor-dev-ai/Videos/Donation-full-project/assistpro-backend/codes/vendor/codeigniter4/framework/system/Config/Services.php(159): CodeIgniter\Config\BaseService::getSharedInstance()
#17 /home/asgor-dev-ai/Videos/Donation-full-project/assistpro-backend/codes/vendor/codeigniter4/framework/system/Boot.php(311): CodeIgniter\Config\Services::codeigniter()
#18 /home/asgor-dev-ai/Videos/Donation-full-project/assistpro-backend/codes/vendor/codeigniter4/framework/system/Boot.php(101): CodeIgniter\Boot::initializeCodeIgniter()
#19 /home/asgor-dev-ai/Videos/Donation-full-project/assistpro-backend/codes/spark(84): CodeIgniter\Boot::bootSpark()
#20 {main} Resorting to using dummy handler.
CRITICAL - 2025-06-14 13:50:29 --> RedisException: Connection timed out
[Method: POST, Route: api/register]
in APPPATH/Services/RedisService.php on line 48.
 1 APPPATH/Services/RedisService.php(48): Redis->connect()
 2 APPPATH/Services/RedisService.php(19): App\Services\RedisService->createConnection()
 3 APPPATH/Config/Services.php(54): App\Services\RedisService->__construct()
 4 SYSTEMPATH/Config/BaseService.php(251): Config\Services::redisService()
 5 APPPATH/Config/Services.php(51): CodeIgniter\Config\BaseService::getSharedInstance()
 6 SYSTEMPATH/Config/BaseService.php(321): Config\Services::redisService()
 7 SYSTEMPATH/Config/BaseService.php(202): CodeIgniter\Config\BaseService::__callStatic()
 8 SYSTEMPATH/Common.php(998): CodeIgniter\Config\BaseService::get()
 9 APPPATH/Services/Auth/RedisAuthService.php(29): service()
10 APPPATH/Config/Services.php(36): App\Services\Auth\RedisAuthService->__construct()
11 SYSTEMPATH/Config/BaseService.php(251): Config\Services::authService()
12 APPPATH/Config/Services.php(33): CodeIgniter\Config\BaseService::getSharedInstance()
13 SYSTEMPATH/Config/BaseService.php(321): Config\Services::authService()
14 SYSTEMPATH/Config/BaseService.php(202): CodeIgniter\Config\BaseService::__callStatic()
15 SYSTEMPATH/Common.php(998): CodeIgniter\Config\BaseService::get()
16 APPPATH/Filters/AuthFilter.php(21): service()
17 SYSTEMPATH/Filters/Filters.php(197): App\Filters\AuthFilter->__construct()
18 SYSTEMPATH/Filters/Filters.php(184): CodeIgniter\Filters\Filters->runBefore()
19 SYSTEMPATH/CodeIgniter.php(481): CodeIgniter\Filters\Filters->run()
20 SYSTEMPATH/CodeIgniter.php(355): CodeIgniter\CodeIgniter->handleRequest()
21 SYSTEMPATH/Boot.php(325): CodeIgniter\CodeIgniter->run()
22 SYSTEMPATH/Boot.php(67): CodeIgniter\Boot::runCodeIgniter()
23 FCPATH/index.php(56): CodeIgniter\Boot::bootWeb()
24 SYSTEMPATH/rewrite.php(44): require_once('/home/asgor-dev-ai/Videos/Donation-full-project/assistpro-backend/codes/public/index.php')
CRITICAL - 2025-06-14 17:39:12 --> RedisException: Connection timed out
[Method: GET, Route: api/v1/students]
in APPPATH/Services/RedisService.php on line 48.
 1 APPPATH/Services/RedisService.php(48): Redis->connect()
 2 APPPATH/Services/RedisService.php(19): App\Services\RedisService->createConnection()
 3 APPPATH/Config/Services.php(54): App\Services\RedisService->__construct()
 4 SYSTEMPATH/Config/BaseService.php(251): Config\Services::redisService()
 5 APPPATH/Config/Services.php(51): CodeIgniter\Config\BaseService::getSharedInstance()
 6 SYSTEMPATH/Config/BaseService.php(321): Config\Services::redisService()
 7 SYSTEMPATH/Config/BaseService.php(202): CodeIgniter\Config\BaseService::__callStatic()
 8 SYSTEMPATH/Common.php(998): CodeIgniter\Config\BaseService::get()
 9 APPPATH/Services/Auth/RedisAuthService.php(29): service()
10 APPPATH/Config/Services.php(36): App\Services\Auth\RedisAuthService->__construct()
11 SYSTEMPATH/Config/BaseService.php(251): Config\Services::authService()
12 APPPATH/Config/Services.php(33): CodeIgniter\Config\BaseService::getSharedInstance()
13 SYSTEMPATH/Config/BaseService.php(321): Config\Services::authService()
14 SYSTEMPATH/Config/BaseService.php(202): CodeIgniter\Config\BaseService::__callStatic()
15 SYSTEMPATH/Common.php(998): CodeIgniter\Config\BaseService::get()
16 APPPATH/Filters/AuthFilter.php(21): service()
17 SYSTEMPATH/Filters/Filters.php(197): App\Filters\AuthFilter->__construct()
18 SYSTEMPATH/Filters/Filters.php(184): CodeIgniter\Filters\Filters->runBefore()
19 SYSTEMPATH/CodeIgniter.php(481): CodeIgniter\Filters\Filters->run()
20 SYSTEMPATH/CodeIgniter.php(355): CodeIgniter\CodeIgniter->handleRequest()
21 SYSTEMPATH/Boot.php(325): CodeIgniter\CodeIgniter->run()
22 SYSTEMPATH/Boot.php(67): CodeIgniter\Boot::runCodeIgniter()
23 FCPATH/index.php(56): CodeIgniter\Boot::bootWeb()
24 SYSTEMPATH/rewrite.php(44): require_once('/home/asgor-dev-ai/Videos/Donation-full-project/assistpro-backend/codes/public/index.php')
CRITICAL - 2025-06-14 17:40:12 --> RedisException: Connection timed out
[Method: POST, Route: api/register]
in APPPATH/Services/RedisService.php on line 48.
 1 APPPATH/Services/RedisService.php(48): Redis->connect()
 2 APPPATH/Services/RedisService.php(19): App\Services\RedisService->createConnection()
 3 APPPATH/Config/Services.php(54): App\Services\RedisService->__construct()
 4 SYSTEMPATH/Config/BaseService.php(251): Config\Services::redisService()
 5 APPPATH/Config/Services.php(51): CodeIgniter\Config\BaseService::getSharedInstance()
 6 SYSTEMPATH/Config/BaseService.php(321): Config\Services::redisService()
 7 SYSTEMPATH/Config/BaseService.php(202): CodeIgniter\Config\BaseService::__callStatic()
 8 SYSTEMPATH/Common.php(998): CodeIgniter\Config\BaseService::get()
 9 APPPATH/Services/Auth/RedisAuthService.php(29): service()
10 APPPATH/Config/Services.php(36): App\Services\Auth\RedisAuthService->__construct()
11 SYSTEMPATH/Config/BaseService.php(251): Config\Services::authService()
12 APPPATH/Config/Services.php(33): CodeIgniter\Config\BaseService::getSharedInstance()
13 SYSTEMPATH/Config/BaseService.php(321): Config\Services::authService()
14 SYSTEMPATH/Config/BaseService.php(202): CodeIgniter\Config\BaseService::__callStatic()
15 SYSTEMPATH/Common.php(998): CodeIgniter\Config\BaseService::get()
16 APPPATH/Filters/AuthFilter.php(21): service()
17 SYSTEMPATH/Filters/Filters.php(197): App\Filters\AuthFilter->__construct()
18 SYSTEMPATH/Filters/Filters.php(184): CodeIgniter\Filters\Filters->runBefore()
19 SYSTEMPATH/CodeIgniter.php(481): CodeIgniter\Filters\Filters->run()
20 SYSTEMPATH/CodeIgniter.php(355): CodeIgniter\CodeIgniter->handleRequest()
21 SYSTEMPATH/Boot.php(325): CodeIgniter\CodeIgniter->run()
22 SYSTEMPATH/Boot.php(67): CodeIgniter\Boot::runCodeIgniter()
23 FCPATH/index.php(56): CodeIgniter\Boot::bootWeb()
24 SYSTEMPATH/rewrite.php(44): require_once('/home/asgor-dev-ai/Videos/Donation-full-project/assistpro-backend/codes/public/index.php')
CRITICAL - 2025-06-14 17:44:36 --> RedisException: ERR AUTH <password> called without any password configured for the default user. Are you sure your configuration is correct?
[Method: POST, Route: api/register]
in APPPATH/Services/RedisService.php on line 50.
 1 APPPATH/Services/RedisService.php(50): Redis->auth()
 2 APPPATH/Services/RedisService.php(19): App\Services\RedisService->createConnection()
 3 APPPATH/Config/Services.php(54): App\Services\RedisService->__construct()
 4 SYSTEMPATH/Config/BaseService.php(251): Config\Services::redisService()
 5 APPPATH/Config/Services.php(51): CodeIgniter\Config\BaseService::getSharedInstance()
 6 SYSTEMPATH/Config/BaseService.php(321): Config\Services::redisService()
 7 SYSTEMPATH/Config/BaseService.php(202): CodeIgniter\Config\BaseService::__callStatic()
 8 SYSTEMPATH/Common.php(998): CodeIgniter\Config\BaseService::get()
 9 APPPATH/Services/Auth/RedisAuthService.php(29): service()
10 APPPATH/Config/Services.php(36): App\Services\Auth\RedisAuthService->__construct()
11 SYSTEMPATH/Config/BaseService.php(251): Config\Services::authService()
12 APPPATH/Config/Services.php(33): CodeIgniter\Config\BaseService::getSharedInstance()
13 SYSTEMPATH/Config/BaseService.php(321): Config\Services::authService()
14 SYSTEMPATH/Config/BaseService.php(202): CodeIgniter\Config\BaseService::__callStatic()
15 SYSTEMPATH/Common.php(998): CodeIgniter\Config\BaseService::get()
16 APPPATH/Filters/AuthFilter.php(21): service()
17 SYSTEMPATH/Filters/Filters.php(197): App\Filters\AuthFilter->__construct()
18 SYSTEMPATH/Filters/Filters.php(184): CodeIgniter\Filters\Filters->runBefore()
19 SYSTEMPATH/CodeIgniter.php(481): CodeIgniter\Filters\Filters->run()
20 SYSTEMPATH/CodeIgniter.php(355): CodeIgniter\CodeIgniter->handleRequest()
21 SYSTEMPATH/Boot.php(325): CodeIgniter\CodeIgniter->run()
22 SYSTEMPATH/Boot.php(67): CodeIgniter\Boot::runCodeIgniter()
23 FCPATH/index.php(56): CodeIgniter\Boot::bootWeb()
24 SYSTEMPATH/rewrite.php(44): require_once('/home/asgor-dev-ai/Videos/Donation-full-project/assistpro-backend/codes/public/index.php')
CRITICAL - 2025-06-14 17:44:58 --> RedisException: ERR AUTH <password> called without any password configured for the default user. Are you sure your configuration is correct?
[Method: POST, Route: api/register]
in APPPATH/Services/RedisService.php on line 50.
 1 APPPATH/Services/RedisService.php(50): Redis->auth()
 2 APPPATH/Services/RedisService.php(19): App\Services\RedisService->createConnection()
 3 APPPATH/Config/Services.php(54): App\Services\RedisService->__construct()
 4 SYSTEMPATH/Config/BaseService.php(251): Config\Services::redisService()
 5 APPPATH/Config/Services.php(51): CodeIgniter\Config\BaseService::getSharedInstance()
 6 SYSTEMPATH/Config/BaseService.php(321): Config\Services::redisService()
 7 SYSTEMPATH/Config/BaseService.php(202): CodeIgniter\Config\BaseService::__callStatic()
 8 SYSTEMPATH/Common.php(998): CodeIgniter\Config\BaseService::get()
 9 APPPATH/Services/Auth/RedisAuthService.php(29): service()
10 APPPATH/Config/Services.php(36): App\Services\Auth\RedisAuthService->__construct()
11 SYSTEMPATH/Config/BaseService.php(251): Config\Services::authService()
12 APPPATH/Config/Services.php(33): CodeIgniter\Config\BaseService::getSharedInstance()
13 SYSTEMPATH/Config/BaseService.php(321): Config\Services::authService()
14 SYSTEMPATH/Config/BaseService.php(202): CodeIgniter\Config\BaseService::__callStatic()
15 SYSTEMPATH/Common.php(998): CodeIgniter\Config\BaseService::get()
16 APPPATH/Filters/AuthFilter.php(21): service()
17 SYSTEMPATH/Filters/Filters.php(197): App\Filters\AuthFilter->__construct()
18 SYSTEMPATH/Filters/Filters.php(184): CodeIgniter\Filters\Filters->runBefore()
19 SYSTEMPATH/CodeIgniter.php(481): CodeIgniter\Filters\Filters->run()
20 SYSTEMPATH/CodeIgniter.php(355): CodeIgniter\CodeIgniter->handleRequest()
21 SYSTEMPATH/Boot.php(325): CodeIgniter\CodeIgniter->run()
22 SYSTEMPATH/Boot.php(67): CodeIgniter\Boot::runCodeIgniter()
23 FCPATH/index.php(56): CodeIgniter\Boot::bootWeb()
24 SYSTEMPATH/rewrite.php(44): require_once('/home/asgor-dev-ai/Videos/Donation-full-project/assistpro-backend/codes/public/index.php')
CRITICAL - 2025-06-14 17:45:02 --> RedisException: ERR AUTH <password> called without any password configured for the default user. Are you sure your configuration is correct?
[Method: POST, Route: api/register]
in APPPATH/Services/RedisService.php on line 50.
 1 APPPATH/Services/RedisService.php(50): Redis->auth()
 2 APPPATH/Services/RedisService.php(19): App\Services\RedisService->createConnection()
 3 APPPATH/Config/Services.php(54): App\Services\RedisService->__construct()
 4 SYSTEMPATH/Config/BaseService.php(251): Config\Services::redisService()
 5 APPPATH/Config/Services.php(51): CodeIgniter\Config\BaseService::getSharedInstance()
 6 SYSTEMPATH/Config/BaseService.php(321): Config\Services::redisService()
 7 SYSTEMPATH/Config/BaseService.php(202): CodeIgniter\Config\BaseService::__callStatic()
 8 SYSTEMPATH/Common.php(998): CodeIgniter\Config\BaseService::get()
 9 APPPATH/Services/Auth/RedisAuthService.php(29): service()
10 APPPATH/Config/Services.php(36): App\Services\Auth\RedisAuthService->__construct()
11 SYSTEMPATH/Config/BaseService.php(251): Config\Services::authService()
12 APPPATH/Config/Services.php(33): CodeIgniter\Config\BaseService::getSharedInstance()
13 SYSTEMPATH/Config/BaseService.php(321): Config\Services::authService()
14 SYSTEMPATH/Config/BaseService.php(202): CodeIgniter\Config\BaseService::__callStatic()
15 SYSTEMPATH/Common.php(998): CodeIgniter\Config\BaseService::get()
16 APPPATH/Filters/AuthFilter.php(21): service()
17 SYSTEMPATH/Filters/Filters.php(197): App\Filters\AuthFilter->__construct()
18 SYSTEMPATH/Filters/Filters.php(184): CodeIgniter\Filters\Filters->runBefore()
19 SYSTEMPATH/CodeIgniter.php(481): CodeIgniter\Filters\Filters->run()
20 SYSTEMPATH/CodeIgniter.php(355): CodeIgniter\CodeIgniter->handleRequest()
21 SYSTEMPATH/Boot.php(325): CodeIgniter\CodeIgniter->run()
22 SYSTEMPATH/Boot.php(67): CodeIgniter\Boot::runCodeIgniter()
23 FCPATH/index.php(56): CodeIgniter\Boot::bootWeb()
24 SYSTEMPATH/rewrite.php(44): require_once('/home/asgor-dev-ai/Videos/Donation-full-project/assistpro-backend/codes/public/index.php')
CRITICAL - 2025-06-14 17:47:39 --> RedisException: ERR AUTH <password> called without any password configured for the default user. Are you sure your configuration is correct?
[Method: POST, Route: api/register]
in APPPATH/Services/RedisService.php on line 50.
 1 APPPATH/Services/RedisService.php(50): Redis->auth()
 2 APPPATH/Services/RedisService.php(19): App\Services\RedisService->createConnection()
 3 APPPATH/Config/Services.php(54): App\Services\RedisService->__construct()
 4 SYSTEMPATH/Config/BaseService.php(251): Config\Services::redisService()
 5 APPPATH/Config/Services.php(51): CodeIgniter\Config\BaseService::getSharedInstance()
 6 SYSTEMPATH/Config/BaseService.php(321): Config\Services::redisService()
 7 SYSTEMPATH/Config/BaseService.php(202): CodeIgniter\Config\BaseService::__callStatic()
 8 SYSTEMPATH/Common.php(998): CodeIgniter\Config\BaseService::get()
 9 APPPATH/Services/Auth/RedisAuthService.php(29): service()
10 APPPATH/Config/Services.php(36): App\Services\Auth\RedisAuthService->__construct()
11 SYSTEMPATH/Config/BaseService.php(251): Config\Services::authService()
12 APPPATH/Config/Services.php(33): CodeIgniter\Config\BaseService::getSharedInstance()
13 SYSTEMPATH/Config/BaseService.php(321): Config\Services::authService()
14 SYSTEMPATH/Config/BaseService.php(202): CodeIgniter\Config\BaseService::__callStatic()
15 SYSTEMPATH/Common.php(998): CodeIgniter\Config\BaseService::get()
16 APPPATH/Filters/AuthFilter.php(21): service()
17 SYSTEMPATH/Filters/Filters.php(197): App\Filters\AuthFilter->__construct()
18 SYSTEMPATH/Filters/Filters.php(184): CodeIgniter\Filters\Filters->runBefore()
19 SYSTEMPATH/CodeIgniter.php(481): CodeIgniter\Filters\Filters->run()
20 SYSTEMPATH/CodeIgniter.php(355): CodeIgniter\CodeIgniter->handleRequest()
21 SYSTEMPATH/Boot.php(325): CodeIgniter\CodeIgniter->run()
22 SYSTEMPATH/Boot.php(67): CodeIgniter\Boot::runCodeIgniter()
23 FCPATH/index.php(56): CodeIgniter\Boot::bootWeb()
24 SYSTEMPATH/rewrite.php(44): require_once('/home/asgor-dev-ai/Videos/Donation-full-project/assistpro-backend/codes/public/index.php')
CRITICAL - 2025-06-14 18:05:45 --> Error: Class "App\Models\Users" not found
[Method: POST, Route: api/register]
in APPPATH/Controllers/Api/AuthController.php on line 21.
 1 SYSTEMPATH/CodeIgniter.php(903): App\Controllers\Api\AuthController->__construct()
 2 SYSTEMPATH/CodeIgniter.php(500): CodeIgniter\CodeIgniter->createController()
 3 SYSTEMPATH/CodeIgniter.php(355): CodeIgniter\CodeIgniter->handleRequest()
 4 SYSTEMPATH/Boot.php(325): CodeIgniter\CodeIgniter->run()
 5 SYSTEMPATH/Boot.php(67): CodeIgniter\Boot::runCodeIgniter()
 6 FCPATH/index.php(56): CodeIgniter\Boot::bootWeb()
 7 SYSTEMPATH/rewrite.php(44): require_once('/home/asgor-dev-ai/Videos/Donation-full-project/assistpro-backend/codes/public/index.php')
ERROR - 2025-06-14 18:14:56 --> mysqli_sql_exception: Unknown column 'created_at' in 'field list' in /home/asgor-dev-ai/Videos/Donation-full-project/assistpro-backend/codes/vendor/codeigniter4/framework/system/Database/MySQLi/Connection.php:312
Stack trace:
#0 /home/asgor-dev-ai/Videos/Donation-full-project/assistpro-backend/codes/vendor/codeigniter4/framework/system/Database/MySQLi/Connection.php(312): mysqli->query()
#1 /home/asgor-dev-ai/Videos/Donation-full-project/assistpro-backend/codes/vendor/codeigniter4/framework/system/Database/BaseConnection.php(734): CodeIgniter\Database\MySQLi\Connection->execute()
#2 /home/asgor-dev-ai/Videos/Donation-full-project/assistpro-backend/codes/vendor/codeigniter4/framework/system/Database/BaseConnection.php(648): CodeIgniter\Database\BaseConnection->simpleQuery()
#3 /home/asgor-dev-ai/Videos/Donation-full-project/assistpro-backend/codes/vendor/codeigniter4/framework/system/Database/BaseBuilder.php(2340): CodeIgniter\Database\BaseConnection->query()
#4 /home/asgor-dev-ai/Videos/Donation-full-project/assistpro-backend/codes/vendor/codeigniter4/framework/system/Model.php(394): CodeIgniter\Database\BaseBuilder->insert()
#5 /home/asgor-dev-ai/Videos/Donation-full-project/assistpro-backend/codes/vendor/codeigniter4/framework/system/BaseModel.php(840): CodeIgniter\Model->doInsert()
#6 /home/asgor-dev-ai/Videos/Donation-full-project/assistpro-backend/codes/vendor/codeigniter4/framework/system/Model.php(802): CodeIgniter\BaseModel->insert()
#7 /home/asgor-dev-ai/Videos/Donation-full-project/assistpro-backend/codes/app/Controllers/Api/AuthController.php(131): CodeIgniter\Model->insert()
#8 /home/asgor-dev-ai/Videos/Donation-full-project/assistpro-backend/codes/vendor/codeigniter4/framework/system/CodeIgniter.php(933): App\Controllers\Api\AuthController->register()
#9 /home/asgor-dev-ai/Videos/Donation-full-project/assistpro-backend/codes/vendor/codeigniter4/framework/system/CodeIgniter.php(509): CodeIgniter\CodeIgniter->runController()
#10 /home/asgor-dev-ai/Videos/Donation-full-project/assistpro-backend/codes/vendor/codeigniter4/framework/system/CodeIgniter.php(355): CodeIgniter\CodeIgniter->handleRequest()
#11 /home/asgor-dev-ai/Videos/Donation-full-project/assistpro-backend/codes/vendor/codeigniter4/framework/system/Boot.php(325): CodeIgniter\CodeIgniter->run()
#12 /home/asgor-dev-ai/Videos/Donation-full-project/assistpro-backend/codes/vendor/codeigniter4/framework/system/Boot.php(67): CodeIgniter\Boot::runCodeIgniter()
#13 /home/asgor-dev-ai/Videos/Donation-full-project/assistpro-backend/codes/public/index.php(56): CodeIgniter\Boot::bootWeb()
#14 /home/asgor-dev-ai/Videos/Donation-full-project/assistpro-backend/codes/vendor/codeigniter4/framework/system/rewrite.php(44): require_once('...')
#15 {main}
CRITICAL - 2025-06-14 18:14:56 --> CodeIgniter\Database\Exceptions\DatabaseException: Unknown column 'created_at' in 'field list'
[Method: POST, Route: api/register]
in SYSTEMPATH/Database/BaseConnection.php on line 688.
 1 SYSTEMPATH/Database/BaseBuilder.php(2340): CodeIgniter\Database\BaseConnection->query()
 2 SYSTEMPATH/Model.php(394): CodeIgniter\Database\BaseBuilder->insert()
 3 SYSTEMPATH/BaseModel.php(840): CodeIgniter\Model->doInsert()
 4 SYSTEMPATH/Model.php(802): CodeIgniter\BaseModel->insert()
 5 APPPATH/Controllers/Api/AuthController.php(131): CodeIgniter\Model->insert()
 6 SYSTEMPATH/CodeIgniter.php(933): App\Controllers\Api\AuthController->register()
 7 SYSTEMPATH/CodeIgniter.php(509): CodeIgniter\CodeIgniter->runController()
 8 SYSTEMPATH/CodeIgniter.php(355): CodeIgniter\CodeIgniter->handleRequest()
 9 SYSTEMPATH/Boot.php(325): CodeIgniter\CodeIgniter->run()
10 SYSTEMPATH/Boot.php(67): CodeIgniter\Boot::runCodeIgniter()
11 FCPATH/index.php(56): CodeIgniter\Boot::bootWeb()
12 SYSTEMPATH/rewrite.php(44): require_once('/home/asgor-dev-ai/Videos/Donation-full-project/assistpro-backend/codes/public/index.php')
CRITICAL - 2025-06-14 18:14:56 --> [Caused by] CodeIgniter\Database\Exceptions\DatabaseException: Unknown column 'created_at' in 'field list'
in SYSTEMPATH/Database/MySQLi/Connection.php on line 317.
 1 SYSTEMPATH/Database/BaseConnection.php(734): CodeIgniter\Database\MySQLi\Connection->execute()
 2 SYSTEMPATH/Database/BaseConnection.php(648): CodeIgniter\Database\BaseConnection->simpleQuery()
 3 SYSTEMPATH/Database/BaseBuilder.php(2340): CodeIgniter\Database\BaseConnection->query()
 4 SYSTEMPATH/Model.php(394): CodeIgniter\Database\BaseBuilder->insert()
 5 SYSTEMPATH/BaseModel.php(840): CodeIgniter\Model->doInsert()
 6 SYSTEMPATH/Model.php(802): CodeIgniter\BaseModel->insert()
 7 APPPATH/Controllers/Api/AuthController.php(131): CodeIgniter\Model->insert()
 8 SYSTEMPATH/CodeIgniter.php(933): App\Controllers\Api\AuthController->register()
 9 SYSTEMPATH/CodeIgniter.php(509): CodeIgniter\CodeIgniter->runController()
10 SYSTEMPATH/CodeIgniter.php(355): CodeIgniter\CodeIgniter->handleRequest()
11 SYSTEMPATH/Boot.php(325): CodeIgniter\CodeIgniter->run()
12 SYSTEMPATH/Boot.php(67): CodeIgniter\Boot::runCodeIgniter()
13 FCPATH/index.php(56): CodeIgniter\Boot::bootWeb()
14 SYSTEMPATH/rewrite.php(44): require_once('/home/asgor-dev-ai/Videos/Donation-full-project/assistpro-backend/codes/public/index.php')
CRITICAL - 2025-06-14 18:14:56 --> [Caused by] mysqli_sql_exception: Unknown column 'created_at' in 'field list'
in SYSTEMPATH/Database/MySQLi/Connection.php on line 312.
 1 SYSTEMPATH/Database/MySQLi/Connection.php(312): mysqli->query()
 2 SYSTEMPATH/Database/BaseConnection.php(734): CodeIgniter\Database\MySQLi\Connection->execute()
 3 SYSTEMPATH/Database/BaseConnection.php(648): CodeIgniter\Database\BaseConnection->simpleQuery()
 4 SYSTEMPATH/Database/BaseBuilder.php(2340): CodeIgniter\Database\BaseConnection->query()
 5 SYSTEMPATH/Model.php(394): CodeIgniter\Database\BaseBuilder->insert()
 6 SYSTEMPATH/BaseModel.php(840): CodeIgniter\Model->doInsert()
 7 SYSTEMPATH/Model.php(802): CodeIgniter\BaseModel->insert()
 8 APPPATH/Controllers/Api/AuthController.php(131): CodeIgniter\Model->insert()
 9 SYSTEMPATH/CodeIgniter.php(933): App\Controllers\Api\AuthController->register()
10 SYSTEMPATH/CodeIgniter.php(509): CodeIgniter\CodeIgniter->runController()
11 SYSTEMPATH/CodeIgniter.php(355): CodeIgniter\CodeIgniter->handleRequest()
12 SYSTEMPATH/Boot.php(325): CodeIgniter\CodeIgniter->run()
13 SYSTEMPATH/Boot.php(67): CodeIgniter\Boot::runCodeIgniter()
14 FCPATH/index.php(56): CodeIgniter\Boot::bootWeb()
15 SYSTEMPATH/rewrite.php(44): require_once('/home/asgor-dev-ai/Videos/Donation-full-project/assistpro-backend/codes/public/index.php')
CRITICAL - 2025-06-14 18:23:59 --> ErrorException: Trying to access array offset on null
[Method: POST, Route: api/login]
in APPPATH/Controllers/Api/AuthController.php on line 49.
 1 APPPATH/Controllers/Api/AuthController.php(49): CodeIgniter\Debug\Exceptions->errorHandler()
 2 SYSTEMPATH/CodeIgniter.php(933): App\Controllers\Api\AuthController->login()
 3 SYSTEMPATH/CodeIgniter.php(509): CodeIgniter\CodeIgniter->runController()
 4 SYSTEMPATH/CodeIgniter.php(355): CodeIgniter\CodeIgniter->handleRequest()
 5 SYSTEMPATH/Boot.php(325): CodeIgniter\CodeIgniter->run()
 6 SYSTEMPATH/Boot.php(67): CodeIgniter\Boot::runCodeIgniter()
 7 FCPATH/index.php(56): CodeIgniter\Boot::bootWeb()
 8 SYSTEMPATH/rewrite.php(44): require_once('/home/asgor-dev-ai/Videos/Donation-full-project/assistpro-backend/codes/public/index.php')
CRITICAL - 2025-06-14 18:26:03 --> ErrorException: Trying to access array offset on null
[Method: POST, Route: api/login]
in APPPATH/Controllers/Api/AuthController.php on line 49.
 1 APPPATH/Controllers/Api/AuthController.php(49): CodeIgniter\Debug\Exceptions->errorHandler()
 2 SYSTEMPATH/CodeIgniter.php(933): App\Controllers\Api\AuthController->login()
 3 SYSTEMPATH/CodeIgniter.php(509): CodeIgniter\CodeIgniter->runController()
 4 SYSTEMPATH/CodeIgniter.php(355): CodeIgniter\CodeIgniter->handleRequest()
 5 SYSTEMPATH/Boot.php(325): CodeIgniter\CodeIgniter->run()
 6 SYSTEMPATH/Boot.php(67): CodeIgniter\Boot::runCodeIgniter()
 7 FCPATH/index.php(56): CodeIgniter\Boot::bootWeb()
 8 SYSTEMPATH/rewrite.php(44): require_once('/home/asgor-dev-ai/Videos/Donation-full-project/assistpro-backend/codes/public/index.php')
CRITICAL - 2025-06-14 18:30:15 --> ErrorException: Undefined array key "Authorization"
[Method: POST, Route: api/login]
in APPPATH/Controllers/Api/AuthController.php on line 88.
 1 APPPATH/Controllers/Api/AuthController.php(88): CodeIgniter\Debug\Exceptions->errorHandler()
 2 APPPATH/Controllers/Api/AuthController.php(54): App\Controllers\Api\AuthController->isUserLoggedIn()
 3 SYSTEMPATH/CodeIgniter.php(933): App\Controllers\Api\AuthController->login()
 4 SYSTEMPATH/CodeIgniter.php(509): CodeIgniter\CodeIgniter->runController()
 5 SYSTEMPATH/CodeIgniter.php(355): CodeIgniter\CodeIgniter->handleRequest()
 6 SYSTEMPATH/Boot.php(325): CodeIgniter\CodeIgniter->run()
 7 SYSTEMPATH/Boot.php(67): CodeIgniter\Boot::runCodeIgniter()
 8 FCPATH/index.php(56): CodeIgniter\Boot::bootWeb()
 9 SYSTEMPATH/rewrite.php(44): require_once('/home/asgor-dev-ai/Videos/Donation-full-project/assistpro-backend/codes/public/index.php')
CRITICAL - 2025-06-14 18:30:30 --> ErrorException: Undefined array key "Authorization"
[Method: POST, Route: api/login]
in APPPATH/Controllers/Api/AuthController.php on line 88.
 1 APPPATH/Controllers/Api/AuthController.php(88): CodeIgniter\Debug\Exceptions->errorHandler()
 2 APPPATH/Controllers/Api/AuthController.php(54): App\Controllers\Api\AuthController->isUserLoggedIn()
 3 SYSTEMPATH/CodeIgniter.php(933): App\Controllers\Api\AuthController->login()
 4 SYSTEMPATH/CodeIgniter.php(509): CodeIgniter\CodeIgniter->runController()
 5 SYSTEMPATH/CodeIgniter.php(355): CodeIgniter\CodeIgniter->handleRequest()
 6 SYSTEMPATH/Boot.php(325): CodeIgniter\CodeIgniter->run()
 7 SYSTEMPATH/Boot.php(67): CodeIgniter\Boot::runCodeIgniter()
 8 FCPATH/index.php(56): CodeIgniter\Boot::bootWeb()
 9 SYSTEMPATH/rewrite.php(44): require_once('/home/asgor-dev-ai/Videos/Donation-full-project/assistpro-backend/codes/public/index.php')
