CRITICAL - 2025-06-29 14:00:24 --> CodeIgniter\Exceptions\CriticalError: Cache: RedisException occurred with message (Connection refused). in /var/www/html/vendor/codeigniter4/framework/system/Cache/Handlers/RedisHandler.php:101
Stack trace:
#0 /var/www/html/vendor/codeigniter4/framework/system/Cache/CacheFactory.php(81): CodeIgniter\Cache\Handlers\RedisHandler->initialize()
#1 /var/www/html/vendor/codeigniter4/framework/system/Config/Services.php(129): CodeIgniter\Cache\CacheFactory::getHandler(Object(Config\Cache))
#2 /var/www/html/vendor/codeigniter4/framework/system/Config/BaseService.php(312): CodeIgniter\Config\Services::cache(Object(Config\Cache), false)
#3 /var/www/html/vendor/codeigniter4/framework/system/Config/BaseService.php(251): CodeIgniter\Config\BaseService::__callStatic('cache', Array)
#4 /var/www/html/vendor/codeigniter4/framework/system/Config/Services.php(124): CodeIgniter\Config\BaseService::getSharedInstance('cache', NULL)
#5 /var/www/html/vendor/codeigniter4/framework/system/Config/BaseService.php(321): CodeIgniter\Config\Services::cache()
#6 /var/www/html/vendor/codeigniter4/framework/system/Config/BaseService.php(202): CodeIgniter\Config\BaseService::__callStatic('cache', Array)
#7 /var/www/html/vendor/codeigniter4/framework/system/Config/Services.php(454): CodeIgniter\Config\BaseService::get('cache')
#8 /var/www/html/vendor/codeigniter4/framework/system/Config/BaseService.php(312): CodeIgniter\Config\Services::responsecache(Object(Config\Cache), NULL, false)
#9 /var/www/html/vendor/codeigniter4/framework/system/Config/BaseService.php(251): CodeIgniter\Config\BaseService::__callStatic('responsecache', Array)
#10 /var/www/html/vendor/codeigniter4/framework/system/Config/Services.php(450): CodeIgniter\Config\BaseService::getSharedInstance('responsecache', NULL, NULL)
#11 /var/www/html/vendor/codeigniter4/framework/system/Config/BaseService.php(321): CodeIgniter\Config\Services::responsecache()
#12 /var/www/html/vendor/codeigniter4/framework/system/CodeIgniter.php(179): CodeIgniter\Config\BaseService::__callStatic('responsecache', Array)
#13 /var/www/html/vendor/codeigniter4/framework/system/Config/Services.php(164): CodeIgniter\CodeIgniter->__construct(Object(Config\App))
#14 /var/www/html/vendor/codeigniter4/framework/system/Config/BaseService.php(321): CodeIgniter\Config\Services::codeigniter(Object(Config\App), false)
#15 /var/www/html/vendor/codeigniter4/framework/system/Config/BaseService.php(251): CodeIgniter\Config\BaseService::__callStatic('codeigniter', Array)
#16 /var/www/html/vendor/codeigniter4/framework/system/Config/Services.php(159): CodeIgniter\Config\BaseService::getSharedInstance('codeigniter', NULL)
#17 /var/www/html/vendor/codeigniter4/framework/system/Boot.php(311): CodeIgniter\Config\Services::codeigniter()
#18 /var/www/html/vendor/codeigniter4/framework/system/Boot.php(66): CodeIgniter\Boot::initializeCodeIgniter()
#19 /var/www/html/public/index.php(56): CodeIgniter\Boot::bootWeb(Object(Config\Paths))
#20 {main} Resorting to using dummy handler.
CRITICAL - 2025-06-29 14:05:24 --> CodeIgniter\Exceptions\CriticalError: Cache: RedisException occurred with message (Connection refused). in /var/www/html/vendor/codeigniter4/framework/system/Cache/Handlers/RedisHandler.php:101
Stack trace:
#0 /var/www/html/vendor/codeigniter4/framework/system/Cache/CacheFactory.php(81): CodeIgniter\Cache\Handlers\RedisHandler->initialize()
#1 /var/www/html/vendor/codeigniter4/framework/system/Config/Services.php(129): CodeIgniter\Cache\CacheFactory::getHandler(Object(Config\Cache))
#2 /var/www/html/vendor/codeigniter4/framework/system/Config/BaseService.php(312): CodeIgniter\Config\Services::cache(Object(Config\Cache), false)
#3 /var/www/html/vendor/codeigniter4/framework/system/Config/BaseService.php(251): CodeIgniter\Config\BaseService::__callStatic('cache', Array)
#4 /var/www/html/vendor/codeigniter4/framework/system/Config/Services.php(124): CodeIgniter\Config\BaseService::getSharedInstance('cache', NULL)
#5 /var/www/html/vendor/codeigniter4/framework/system/Config/BaseService.php(321): CodeIgniter\Config\Services::cache()
#6 /var/www/html/vendor/codeigniter4/framework/system/Config/BaseService.php(202): CodeIgniter\Config\BaseService::__callStatic('cache', Array)
#7 /var/www/html/vendor/codeigniter4/framework/system/Config/Services.php(454): CodeIgniter\Config\BaseService::get('cache')
#8 /var/www/html/vendor/codeigniter4/framework/system/Config/BaseService.php(312): CodeIgniter\Config\Services::responsecache(Object(Config\Cache), NULL, false)
#9 /var/www/html/vendor/codeigniter4/framework/system/Config/BaseService.php(251): CodeIgniter\Config\BaseService::__callStatic('responsecache', Array)
#10 /var/www/html/vendor/codeigniter4/framework/system/Config/Services.php(450): CodeIgniter\Config\BaseService::getSharedInstance('responsecache', NULL, NULL)
#11 /var/www/html/vendor/codeigniter4/framework/system/Config/BaseService.php(321): CodeIgniter\Config\Services::responsecache()
#12 /var/www/html/vendor/codeigniter4/framework/system/CodeIgniter.php(179): CodeIgniter\Config\BaseService::__callStatic('responsecache', Array)
#13 /var/www/html/vendor/codeigniter4/framework/system/Config/Services.php(164): CodeIgniter\CodeIgniter->__construct(Object(Config\App))
#14 /var/www/html/vendor/codeigniter4/framework/system/Config/BaseService.php(321): CodeIgniter\Config\Services::codeigniter(Object(Config\App), false)
#15 /var/www/html/vendor/codeigniter4/framework/system/Config/BaseService.php(251): CodeIgniter\Config\BaseService::__callStatic('codeigniter', Array)
#16 /var/www/html/vendor/codeigniter4/framework/system/Config/Services.php(159): CodeIgniter\Config\BaseService::getSharedInstance('codeigniter', NULL)
#17 /var/www/html/vendor/codeigniter4/framework/system/Boot.php(311): CodeIgniter\Config\Services::codeigniter()
#18 /var/www/html/vendor/codeigniter4/framework/system/Boot.php(101): CodeIgniter\Boot::initializeCodeIgniter()
#19 /var/www/html/spark(84): CodeIgniter\Boot::bootSpark(Object(Config\Paths))
#20 {main} Resorting to using dummy handler.
ERROR - 2025-06-29 14:05:27 --> Error connecting to the database: CodeIgniter\Database\Exceptions\DatabaseException: This extension requires the Microsoft ODBC Driver for SQL Server. Access the following URL to download the ODBC Driver for SQL Server for x64: https://go.microsoft.com/fwlink/?LinkId=163712 SQLSTATE: IMSSP, code: -49 in /var/www/html/vendor/codeigniter4/framework/system/Database/SQLSRV/Connection.php:144
Stack trace:
#0 /var/www/html/vendor/codeigniter4/framework/system/Database/BaseConnection.php(421): CodeIgniter\Database\SQLSRV\Connection->connect(false)
#1 /var/www/html/vendor/codeigniter4/framework/system/Database/BaseConnection.php(616): CodeIgniter\Database\BaseConnection->initialize()
#2 /var/www/html/vendor/codeigniter4/framework/system/Database/BaseConnection.php(1485): CodeIgniter\Database\BaseConnection->query('SELECT [TABLE_N...')
#3 /var/www/html/vendor/codeigniter4/framework/system/Database/BaseConnection.php(1505): CodeIgniter\Database\BaseConnection->listTables()
#4 /var/www/html/vendor/codeigniter4/framework/system/Database/MigrationRunner.php(759): CodeIgniter\Database\BaseConnection->tableExists('migrations')
#5 /var/www/html/vendor/codeigniter4/framework/system/Database/MigrationRunner.php(163): CodeIgniter\Database\MigrationRunner->ensureTable()
#6 /var/www/html/vendor/codeigniter4/framework/system/Commands/Database/Migrate.php(85): CodeIgniter\Database\MigrationRunner->latest(NULL)
#7 /var/www/html/vendor/codeigniter4/framework/system/CLI/Commands.php(70): CodeIgniter\Commands\Database\Migrate->run(Array)
#8 /var/www/html/vendor/codeigniter4/framework/system/CLI/Console.php(48): CodeIgniter\CLI\Commands->run('migrate', Array)
#9 /var/www/html/vendor/codeigniter4/framework/system/Boot.php(351): CodeIgniter\CLI\Console->run()
#10 /var/www/html/vendor/codeigniter4/framework/system/Boot.php(104): CodeIgniter\Boot::runCommand(Object(CodeIgniter\CLI\Console))
#11 /var/www/html/spark(84): CodeIgniter\Boot::bootSpark(Object(Config\Paths))
#12 {main}
CRITICAL - 2025-06-29 14:05:43 --> CodeIgniter\Exceptions\CriticalError: Cache: RedisException occurred with message (Connection refused). in /var/www/html/vendor/codeigniter4/framework/system/Cache/Handlers/RedisHandler.php:101
Stack trace:
#0 /var/www/html/vendor/codeigniter4/framework/system/Cache/CacheFactory.php(81): CodeIgniter\Cache\Handlers\RedisHandler->initialize()
#1 /var/www/html/vendor/codeigniter4/framework/system/Config/Services.php(129): CodeIgniter\Cache\CacheFactory::getHandler(Object(Config\Cache))
#2 /var/www/html/vendor/codeigniter4/framework/system/Config/BaseService.php(312): CodeIgniter\Config\Services::cache(Object(Config\Cache), false)
#3 /var/www/html/vendor/codeigniter4/framework/system/Config/BaseService.php(251): CodeIgniter\Config\BaseService::__callStatic('cache', Array)
#4 /var/www/html/vendor/codeigniter4/framework/system/Config/Services.php(124): CodeIgniter\Config\BaseService::getSharedInstance('cache', NULL)
#5 /var/www/html/vendor/codeigniter4/framework/system/Config/BaseService.php(321): CodeIgniter\Config\Services::cache()
#6 /var/www/html/vendor/codeigniter4/framework/system/Config/BaseService.php(202): CodeIgniter\Config\BaseService::__callStatic('cache', Array)
#7 /var/www/html/vendor/codeigniter4/framework/system/Config/Services.php(454): CodeIgniter\Config\BaseService::get('cache')
#8 /var/www/html/vendor/codeigniter4/framework/system/Config/BaseService.php(312): CodeIgniter\Config\Services::responsecache(Object(Config\Cache), NULL, false)
#9 /var/www/html/vendor/codeigniter4/framework/system/Config/BaseService.php(251): CodeIgniter\Config\BaseService::__callStatic('responsecache', Array)
#10 /var/www/html/vendor/codeigniter4/framework/system/Config/Services.php(450): CodeIgniter\Config\BaseService::getSharedInstance('responsecache', NULL, NULL)
#11 /var/www/html/vendor/codeigniter4/framework/system/Config/BaseService.php(321): CodeIgniter\Config\Services::responsecache()
#12 /var/www/html/vendor/codeigniter4/framework/system/CodeIgniter.php(179): CodeIgniter\Config\BaseService::__callStatic('responsecache', Array)
#13 /var/www/html/vendor/codeigniter4/framework/system/Config/Services.php(164): CodeIgniter\CodeIgniter->__construct(Object(Config\App))
#14 /var/www/html/vendor/codeigniter4/framework/system/Config/BaseService.php(321): CodeIgniter\Config\Services::codeigniter(Object(Config\App), false)
#15 /var/www/html/vendor/codeigniter4/framework/system/Config/BaseService.php(251): CodeIgniter\Config\BaseService::__callStatic('codeigniter', Array)
#16 /var/www/html/vendor/codeigniter4/framework/system/Config/Services.php(159): CodeIgniter\Config\BaseService::getSharedInstance('codeigniter', NULL)
#17 /var/www/html/vendor/codeigniter4/framework/system/Boot.php(311): CodeIgniter\Config\Services::codeigniter()
#18 /var/www/html/vendor/codeigniter4/framework/system/Boot.php(101): CodeIgniter\Boot::initializeCodeIgniter()
#19 /var/www/html/spark(84): CodeIgniter\Boot::bootSpark(Object(Config\Paths))
#20 {main} Resorting to using dummy handler.
ERROR - 2025-06-29 14:05:43 --> Error connecting to the database: CodeIgniter\Database\Exceptions\DatabaseException: This extension requires the Microsoft ODBC Driver for SQL Server. Access the following URL to download the ODBC Driver for SQL Server for x64: https://go.microsoft.com/fwlink/?LinkId=163712 SQLSTATE: IMSSP, code: -49 in /var/www/html/vendor/codeigniter4/framework/system/Database/SQLSRV/Connection.php:144
Stack trace:
#0 /var/www/html/vendor/codeigniter4/framework/system/Database/BaseConnection.php(421): CodeIgniter\Database\SQLSRV\Connection->connect(false)
#1 /var/www/html/vendor/codeigniter4/framework/system/Database/Database.php(72): CodeIgniter\Database\BaseConnection->initialize()
#2 /var/www/html/vendor/codeigniter4/framework/system/Database/Config.php(111): CodeIgniter\Database\Database->loadForge(Object(CodeIgniter\Database\SQLSRV\Connection))
#3 /var/www/html/vendor/codeigniter4/framework/system/Database/Seeder.php(98): CodeIgniter\Database\Config::forge(NULL)
#4 /var/www/html/vendor/codeigniter4/framework/system/Commands/Database/Seed.php(71): CodeIgniter\Database\Seeder->__construct(Object(Config\Database))
#5 /var/www/html/vendor/codeigniter4/framework/system/CLI/Commands.php(70): CodeIgniter\Commands\Database\Seed->run(Array)
#6 /var/www/html/vendor/codeigniter4/framework/system/CLI/Console.php(48): CodeIgniter\CLI\Commands->run('db:seed', Array)
#7 /var/www/html/vendor/codeigniter4/framework/system/Boot.php(351): CodeIgniter\CLI\Console->run()
#8 /var/www/html/vendor/codeigniter4/framework/system/Boot.php(104): CodeIgniter\Boot::runCommand(Object(CodeIgniter\CLI\Console))
#9 /var/www/html/spark(84): CodeIgniter\Boot::bootSpark(Object(Config\Paths))
#10 {main}
CRITICAL - 2025-06-29 14:05:43 --> CodeIgniter\Database\Exceptions\DatabaseException: Unable to connect to the database.
Main connection [SQLSRV]: This extension requires the Microsoft ODBC Driver for SQL Server. Access the following URL to download the ODBC Driver for SQL Server for x64: https://go.microsoft.com/fwlink/?LinkId=163712 SQLSTATE: IMSSP, code: -49
[Method: CLI, Route: db:seed/StudentsSeeder]
in SYSTEMPATH/Database/BaseConnection.php on line 467.
 1 SYSTEMPATH/Database/Database.php(72): CodeIgniter\Database\BaseConnection->initialize()
 2 SYSTEMPATH/Database/Config.php(111): CodeIgniter\Database\Database->loadForge(Object(CodeIgniter\Database\SQLSRV\Connection))
 3 SYSTEMPATH/Database/Seeder.php(98): CodeIgniter\Database\Config::forge(null)
 4 SYSTEMPATH/Commands/Database/Seed.php(71): CodeIgniter\Database\Seeder->__construct(Object(Config\Database))
 5 SYSTEMPATH/CLI/Commands.php(70): CodeIgniter\Commands\Database\Seed->run([...])
 6 SYSTEMPATH/CLI/Console.php(48): CodeIgniter\CLI\Commands->run('db:seed', [...])
 7 SYSTEMPATH/Boot.php(351): CodeIgniter\CLI\Console->run()
 8 SYSTEMPATH/Boot.php(104): CodeIgniter\Boot::runCommand(Object(CodeIgniter\CLI\Console))
 9 ROOTPATH/spark(84): CodeIgniter\Boot::bootSpark(Object(Config\Paths))
CRITICAL - 2025-06-29 14:05:51 --> CodeIgniter\Exceptions\CriticalError: Cache: RedisException occurred with message (Connection refused). in /var/www/html/vendor/codeigniter4/framework/system/Cache/Handlers/RedisHandler.php:101
Stack trace:
#0 /var/www/html/vendor/codeigniter4/framework/system/Cache/CacheFactory.php(81): CodeIgniter\Cache\Handlers\RedisHandler->initialize()
#1 /var/www/html/vendor/codeigniter4/framework/system/Config/Services.php(129): CodeIgniter\Cache\CacheFactory::getHandler(Object(Config\Cache))
#2 /var/www/html/vendor/codeigniter4/framework/system/Config/BaseService.php(312): CodeIgniter\Config\Services::cache(Object(Config\Cache), false)
#3 /var/www/html/vendor/codeigniter4/framework/system/Config/BaseService.php(251): CodeIgniter\Config\BaseService::__callStatic('cache', Array)
#4 /var/www/html/vendor/codeigniter4/framework/system/Config/Services.php(124): CodeIgniter\Config\BaseService::getSharedInstance('cache', NULL)
#5 /var/www/html/vendor/codeigniter4/framework/system/Config/BaseService.php(321): CodeIgniter\Config\Services::cache()
#6 /var/www/html/vendor/codeigniter4/framework/system/Config/BaseService.php(202): CodeIgniter\Config\BaseService::__callStatic('cache', Array)
#7 /var/www/html/vendor/codeigniter4/framework/system/Config/Services.php(454): CodeIgniter\Config\BaseService::get('cache')
#8 /var/www/html/vendor/codeigniter4/framework/system/Config/BaseService.php(312): CodeIgniter\Config\Services::responsecache(Object(Config\Cache), NULL, false)
#9 /var/www/html/vendor/codeigniter4/framework/system/Config/BaseService.php(251): CodeIgniter\Config\BaseService::__callStatic('responsecache', Array)
#10 /var/www/html/vendor/codeigniter4/framework/system/Config/Services.php(450): CodeIgniter\Config\BaseService::getSharedInstance('responsecache', NULL, NULL)
#11 /var/www/html/vendor/codeigniter4/framework/system/Config/BaseService.php(321): CodeIgniter\Config\Services::responsecache()
#12 /var/www/html/vendor/codeigniter4/framework/system/CodeIgniter.php(179): CodeIgniter\Config\BaseService::__callStatic('responsecache', Array)
#13 /var/www/html/vendor/codeigniter4/framework/system/Config/Services.php(164): CodeIgniter\CodeIgniter->__construct(Object(Config\App))
#14 /var/www/html/vendor/codeigniter4/framework/system/Config/BaseService.php(321): CodeIgniter\Config\Services::codeigniter(Object(Config\App), false)
#15 /var/www/html/vendor/codeigniter4/framework/system/Config/BaseService.php(251): CodeIgniter\Config\BaseService::__callStatic('codeigniter', Array)
#16 /var/www/html/vendor/codeigniter4/framework/system/Config/Services.php(159): CodeIgniter\Config\BaseService::getSharedInstance('codeigniter', NULL)
#17 /var/www/html/vendor/codeigniter4/framework/system/Boot.php(311): CodeIgniter\Config\Services::codeigniter()
#18 /var/www/html/vendor/codeigniter4/framework/system/Boot.php(101): CodeIgniter\Boot::initializeCodeIgniter()
#19 /var/www/html/spark(84): CodeIgniter\Boot::bootSpark(Object(Config\Paths))
#20 {main} Resorting to using dummy handler.
ERROR - 2025-06-29 14:05:51 --> Error connecting to the database: CodeIgniter\Database\Exceptions\DatabaseException: This extension requires the Microsoft ODBC Driver for SQL Server. Access the following URL to download the ODBC Driver for SQL Server for x64: https://go.microsoft.com/fwlink/?LinkId=163712 SQLSTATE: IMSSP, code: -49 in /var/www/html/vendor/codeigniter4/framework/system/Database/SQLSRV/Connection.php:144
Stack trace:
#0 /var/www/html/vendor/codeigniter4/framework/system/Database/BaseConnection.php(421): CodeIgniter\Database\SQLSRV\Connection->connect(false)
#1 /var/www/html/vendor/codeigniter4/framework/system/Database/Database.php(72): CodeIgniter\Database\BaseConnection->initialize()
#2 /var/www/html/vendor/codeigniter4/framework/system/Database/Config.php(111): CodeIgniter\Database\Database->loadForge(Object(CodeIgniter\Database\SQLSRV\Connection))
#3 /var/www/html/vendor/codeigniter4/framework/system/Database/Seeder.php(98): CodeIgniter\Database\Config::forge(NULL)
#4 /var/www/html/vendor/codeigniter4/framework/system/Commands/Database/Seed.php(71): CodeIgniter\Database\Seeder->__construct(Object(Config\Database))
#5 /var/www/html/vendor/codeigniter4/framework/system/CLI/Commands.php(70): CodeIgniter\Commands\Database\Seed->run(Array)
#6 /var/www/html/vendor/codeigniter4/framework/system/CLI/Console.php(48): CodeIgniter\CLI\Commands->run('db:seed', Array)
#7 /var/www/html/vendor/codeigniter4/framework/system/Boot.php(351): CodeIgniter\CLI\Console->run()
#8 /var/www/html/vendor/codeigniter4/framework/system/Boot.php(104): CodeIgniter\Boot::runCommand(Object(CodeIgniter\CLI\Console))
#9 /var/www/html/spark(84): CodeIgniter\Boot::bootSpark(Object(Config\Paths))
#10 {main}
CRITICAL - 2025-06-29 14:05:51 --> CodeIgniter\Database\Exceptions\DatabaseException: Unable to connect to the database.
Main connection [SQLSRV]: This extension requires the Microsoft ODBC Driver for SQL Server. Access the following URL to download the ODBC Driver for SQL Server for x64: https://go.microsoft.com/fwlink/?LinkId=163712 SQLSTATE: IMSSP, code: -49
[Method: CLI, Route: db:seed/DonationsSeeder]
in SYSTEMPATH/Database/BaseConnection.php on line 467.
 1 SYSTEMPATH/Database/Database.php(72): CodeIgniter\Database\BaseConnection->initialize()
 2 SYSTEMPATH/Database/Config.php(111): CodeIgniter\Database\Database->loadForge(Object(CodeIgniter\Database\SQLSRV\Connection))
 3 SYSTEMPATH/Database/Seeder.php(98): CodeIgniter\Database\Config::forge(null)
 4 SYSTEMPATH/Commands/Database/Seed.php(71): CodeIgniter\Database\Seeder->__construct(Object(Config\Database))
 5 SYSTEMPATH/CLI/Commands.php(70): CodeIgniter\Commands\Database\Seed->run([...])
 6 SYSTEMPATH/CLI/Console.php(48): CodeIgniter\CLI\Commands->run('db:seed', [...])
 7 SYSTEMPATH/Boot.php(351): CodeIgniter\CLI\Console->run()
 8 SYSTEMPATH/Boot.php(104): CodeIgniter\Boot::runCommand(Object(CodeIgniter\CLI\Console))
 9 ROOTPATH/spark(84): CodeIgniter\Boot::bootSpark(Object(Config\Paths))
CRITICAL - 2025-06-29 18:04:53 --> CodeIgniter\Exceptions\CriticalError: Cache: RedisException occurred with message (Connection refused). in /var/www/html/vendor/codeigniter4/framework/system/Cache/Handlers/RedisHandler.php:101
Stack trace:
#0 /var/www/html/vendor/codeigniter4/framework/system/Cache/CacheFactory.php(81): CodeIgniter\Cache\Handlers\RedisHandler->initialize()
#1 /var/www/html/vendor/codeigniter4/framework/system/Config/Services.php(129): CodeIgniter\Cache\CacheFactory::getHandler(Object(Config\Cache))
#2 /var/www/html/vendor/codeigniter4/framework/system/Config/BaseService.php(312): CodeIgniter\Config\Services::cache(Object(Config\Cache), false)
#3 /var/www/html/vendor/codeigniter4/framework/system/Config/BaseService.php(251): CodeIgniter\Config\BaseService::__callStatic('cache', Array)
#4 /var/www/html/vendor/codeigniter4/framework/system/Config/Services.php(124): CodeIgniter\Config\BaseService::getSharedInstance('cache', NULL)
#5 /var/www/html/vendor/codeigniter4/framework/system/Config/BaseService.php(321): CodeIgniter\Config\Services::cache()
#6 /var/www/html/vendor/codeigniter4/framework/system/Config/BaseService.php(202): CodeIgniter\Config\BaseService::__callStatic('cache', Array)
#7 /var/www/html/vendor/codeigniter4/framework/system/Config/Services.php(454): CodeIgniter\Config\BaseService::get('cache')
#8 /var/www/html/vendor/codeigniter4/framework/system/Config/BaseService.php(312): CodeIgniter\Config\Services::responsecache(Object(Config\Cache), NULL, false)
#9 /var/www/html/vendor/codeigniter4/framework/system/Config/BaseService.php(251): CodeIgniter\Config\BaseService::__callStatic('responsecache', Array)
#10 /var/www/html/vendor/codeigniter4/framework/system/Config/Services.php(450): CodeIgniter\Config\BaseService::getSharedInstance('responsecache', NULL, NULL)
#11 /var/www/html/vendor/codeigniter4/framework/system/Config/BaseService.php(321): CodeIgniter\Config\Services::responsecache()
#12 /var/www/html/vendor/codeigniter4/framework/system/CodeIgniter.php(179): CodeIgniter\Config\BaseService::__callStatic('responsecache', Array)
#13 /var/www/html/vendor/codeigniter4/framework/system/Config/Services.php(164): CodeIgniter\CodeIgniter->__construct(Object(Config\App))
#14 /var/www/html/vendor/codeigniter4/framework/system/Config/BaseService.php(321): CodeIgniter\Config\Services::codeigniter(Object(Config\App), false)
#15 /var/www/html/vendor/codeigniter4/framework/system/Config/BaseService.php(251): CodeIgniter\Config\BaseService::__callStatic('codeigniter', Array)
#16 /var/www/html/vendor/codeigniter4/framework/system/Config/Services.php(159): CodeIgniter\Config\BaseService::getSharedInstance('codeigniter', NULL)
#17 /var/www/html/vendor/codeigniter4/framework/system/Boot.php(311): CodeIgniter\Config\Services::codeigniter()
#18 /var/www/html/vendor/codeigniter4/framework/system/Boot.php(101): CodeIgniter\Boot::initializeCodeIgniter()
#19 /var/www/html/spark(84): CodeIgniter\Boot::bootSpark(Object(Config\Paths))
#20 {main} Resorting to using dummy handler.
CRITICAL - 2025-06-29 18:05:01 --> CodeIgniter\Exceptions\CriticalError: Cache: RedisException occurred with message (Connection refused). in /var/www/html/vendor/codeigniter4/framework/system/Cache/Handlers/RedisHandler.php:101
Stack trace:
#0 /var/www/html/vendor/codeigniter4/framework/system/Cache/CacheFactory.php(81): CodeIgniter\Cache\Handlers\RedisHandler->initialize()
#1 /var/www/html/vendor/codeigniter4/framework/system/Config/Services.php(129): CodeIgniter\Cache\CacheFactory::getHandler(Object(Config\Cache))
#2 /var/www/html/vendor/codeigniter4/framework/system/Config/BaseService.php(312): CodeIgniter\Config\Services::cache(Object(Config\Cache), false)
#3 /var/www/html/vendor/codeigniter4/framework/system/Config/BaseService.php(251): CodeIgniter\Config\BaseService::__callStatic('cache', Array)
#4 /var/www/html/vendor/codeigniter4/framework/system/Config/Services.php(124): CodeIgniter\Config\BaseService::getSharedInstance('cache', NULL)
#5 /var/www/html/vendor/codeigniter4/framework/system/Config/BaseService.php(321): CodeIgniter\Config\Services::cache()
#6 /var/www/html/vendor/codeigniter4/framework/system/Config/BaseService.php(202): CodeIgniter\Config\BaseService::__callStatic('cache', Array)
#7 /var/www/html/vendor/codeigniter4/framework/system/Config/Services.php(454): CodeIgniter\Config\BaseService::get('cache')
#8 /var/www/html/vendor/codeigniter4/framework/system/Config/BaseService.php(312): CodeIgniter\Config\Services::responsecache(Object(Config\Cache), NULL, false)
#9 /var/www/html/vendor/codeigniter4/framework/system/Config/BaseService.php(251): CodeIgniter\Config\BaseService::__callStatic('responsecache', Array)
#10 /var/www/html/vendor/codeigniter4/framework/system/Config/Services.php(450): CodeIgniter\Config\BaseService::getSharedInstance('responsecache', NULL, NULL)
#11 /var/www/html/vendor/codeigniter4/framework/system/Config/BaseService.php(321): CodeIgniter\Config\Services::responsecache()
#12 /var/www/html/vendor/codeigniter4/framework/system/CodeIgniter.php(179): CodeIgniter\Config\BaseService::__callStatic('responsecache', Array)
#13 /var/www/html/vendor/codeigniter4/framework/system/Config/Services.php(164): CodeIgniter\CodeIgniter->__construct(Object(Config\App))
#14 /var/www/html/vendor/codeigniter4/framework/system/Config/BaseService.php(321): CodeIgniter\Config\Services::codeigniter(Object(Config\App), false)
#15 /var/www/html/vendor/codeigniter4/framework/system/Config/BaseService.php(251): CodeIgniter\Config\BaseService::__callStatic('codeigniter', Array)
#16 /var/www/html/vendor/codeigniter4/framework/system/Config/Services.php(159): CodeIgniter\Config\BaseService::getSharedInstance('codeigniter', NULL)
#17 /var/www/html/vendor/codeigniter4/framework/system/Boot.php(311): CodeIgniter\Config\Services::codeigniter()
#18 /var/www/html/vendor/codeigniter4/framework/system/Boot.php(101): CodeIgniter\Boot::initializeCodeIgniter()
#19 /var/www/html/spark(84): CodeIgniter\Boot::bootSpark(Object(Config\Paths))
#20 {main} Resorting to using dummy handler.
CRITICAL - 2025-06-29 18:05:06 --> CodeIgniter\Exceptions\CriticalError: Cache: RedisException occurred with message (Connection refused). in /var/www/html/vendor/codeigniter4/framework/system/Cache/Handlers/RedisHandler.php:101
Stack trace:
#0 /var/www/html/vendor/codeigniter4/framework/system/Cache/CacheFactory.php(81): CodeIgniter\Cache\Handlers\RedisHandler->initialize()
#1 /var/www/html/vendor/codeigniter4/framework/system/Config/Services.php(129): CodeIgniter\Cache\CacheFactory::getHandler(Object(Config\Cache))
#2 /var/www/html/vendor/codeigniter4/framework/system/Config/BaseService.php(312): CodeIgniter\Config\Services::cache(Object(Config\Cache), false)
#3 /var/www/html/vendor/codeigniter4/framework/system/Config/BaseService.php(251): CodeIgniter\Config\BaseService::__callStatic('cache', Array)
#4 /var/www/html/vendor/codeigniter4/framework/system/Config/Services.php(124): CodeIgniter\Config\BaseService::getSharedInstance('cache', NULL)
#5 /var/www/html/vendor/codeigniter4/framework/system/Config/BaseService.php(321): CodeIgniter\Config\Services::cache()
#6 /var/www/html/vendor/codeigniter4/framework/system/Config/BaseService.php(202): CodeIgniter\Config\BaseService::__callStatic('cache', Array)
#7 /var/www/html/vendor/codeigniter4/framework/system/Config/Services.php(454): CodeIgniter\Config\BaseService::get('cache')
#8 /var/www/html/vendor/codeigniter4/framework/system/Config/BaseService.php(312): CodeIgniter\Config\Services::responsecache(Object(Config\Cache), NULL, false)
#9 /var/www/html/vendor/codeigniter4/framework/system/Config/BaseService.php(251): CodeIgniter\Config\BaseService::__callStatic('responsecache', Array)
#10 /var/www/html/vendor/codeigniter4/framework/system/Config/Services.php(450): CodeIgniter\Config\BaseService::getSharedInstance('responsecache', NULL, NULL)
#11 /var/www/html/vendor/codeigniter4/framework/system/Config/BaseService.php(321): CodeIgniter\Config\Services::responsecache()
#12 /var/www/html/vendor/codeigniter4/framework/system/CodeIgniter.php(179): CodeIgniter\Config\BaseService::__callStatic('responsecache', Array)
#13 /var/www/html/vendor/codeigniter4/framework/system/Config/Services.php(164): CodeIgniter\CodeIgniter->__construct(Object(Config\App))
#14 /var/www/html/vendor/codeigniter4/framework/system/Config/BaseService.php(321): CodeIgniter\Config\Services::codeigniter(Object(Config\App), false)
#15 /var/www/html/vendor/codeigniter4/framework/system/Config/BaseService.php(251): CodeIgniter\Config\BaseService::__callStatic('codeigniter', Array)
#16 /var/www/html/vendor/codeigniter4/framework/system/Config/Services.php(159): CodeIgniter\Config\BaseService::getSharedInstance('codeigniter', NULL)
#17 /var/www/html/vendor/codeigniter4/framework/system/Boot.php(311): CodeIgniter\Config\Services::codeigniter()
#18 /var/www/html/vendor/codeigniter4/framework/system/Boot.php(101): CodeIgniter\Boot::initializeCodeIgniter()
#19 /var/www/html/spark(84): CodeIgniter\Boot::bootSpark(Object(Config\Paths))
#20 {main} Resorting to using dummy handler.
CRITICAL - 2025-06-29 18:06:48 --> CodeIgniter\Exceptions\CriticalError: Cache: RedisException occurred with message (Connection refused). in /var/www/html/vendor/codeigniter4/framework/system/Cache/Handlers/RedisHandler.php:101
Stack trace:
#0 /var/www/html/vendor/codeigniter4/framework/system/Cache/CacheFactory.php(81): CodeIgniter\Cache\Handlers\RedisHandler->initialize()
#1 /var/www/html/vendor/codeigniter4/framework/system/Config/Services.php(129): CodeIgniter\Cache\CacheFactory::getHandler(Object(Config\Cache))
#2 /var/www/html/vendor/codeigniter4/framework/system/Config/BaseService.php(312): CodeIgniter\Config\Services::cache(Object(Config\Cache), false)
#3 /var/www/html/vendor/codeigniter4/framework/system/Config/BaseService.php(251): CodeIgniter\Config\BaseService::__callStatic('cache', Array)
#4 /var/www/html/vendor/codeigniter4/framework/system/Config/Services.php(124): CodeIgniter\Config\BaseService::getSharedInstance('cache', NULL)
#5 /var/www/html/vendor/codeigniter4/framework/system/Config/BaseService.php(321): CodeIgniter\Config\Services::cache()
#6 /var/www/html/vendor/codeigniter4/framework/system/Config/BaseService.php(202): CodeIgniter\Config\BaseService::__callStatic('cache', Array)
#7 /var/www/html/vendor/codeigniter4/framework/system/Config/Services.php(454): CodeIgniter\Config\BaseService::get('cache')
#8 /var/www/html/vendor/codeigniter4/framework/system/Config/BaseService.php(312): CodeIgniter\Config\Services::responsecache(Object(Config\Cache), NULL, false)
#9 /var/www/html/vendor/codeigniter4/framework/system/Config/BaseService.php(251): CodeIgniter\Config\BaseService::__callStatic('responsecache', Array)
#10 /var/www/html/vendor/codeigniter4/framework/system/Config/Services.php(450): CodeIgniter\Config\BaseService::getSharedInstance('responsecache', NULL, NULL)
#11 /var/www/html/vendor/codeigniter4/framework/system/Config/BaseService.php(321): CodeIgniter\Config\Services::responsecache()
#12 /var/www/html/vendor/codeigniter4/framework/system/CodeIgniter.php(179): CodeIgniter\Config\BaseService::__callStatic('responsecache', Array)
#13 /var/www/html/vendor/codeigniter4/framework/system/Config/Services.php(164): CodeIgniter\CodeIgniter->__construct(Object(Config\App))
#14 /var/www/html/vendor/codeigniter4/framework/system/Config/BaseService.php(321): CodeIgniter\Config\Services::codeigniter(Object(Config\App), false)
#15 /var/www/html/vendor/codeigniter4/framework/system/Config/BaseService.php(251): CodeIgniter\Config\BaseService::__callStatic('codeigniter', Array)
#16 /var/www/html/vendor/codeigniter4/framework/system/Config/Services.php(159): CodeIgniter\Config\BaseService::getSharedInstance('codeigniter', NULL)
#17 /var/www/html/vendor/codeigniter4/framework/system/Boot.php(311): CodeIgniter\Config\Services::codeigniter()
#18 /var/www/html/vendor/codeigniter4/framework/system/Boot.php(66): CodeIgniter\Boot::initializeCodeIgniter()
#19 /var/www/html/public/index.php(56): CodeIgniter\Boot::bootWeb(Object(Config\Paths))
#20 {main} Resorting to using dummy handler.
ERROR - 2025-06-29 18:06:48 --> [Microsoft][ODBC Driver 18 for SQL Server][SQL Server]Invalid object name 'assist_pro_mf_disa.dbo.users'.
CRITICAL - 2025-06-29 18:06:48 --> CodeIgniter\Database\Exceptions\DatabaseException: [Microsoft][ODBC Driver 18 for SQL Server][SQL Server]Invalid object name 'assist_pro_mf_disa.dbo.users'.
[Method: POST, Route: api/login]
in SYSTEMPATH/Database/BaseConnection.php on line 688.
 1 SYSTEMPATH/Database/SQLSRV/Builder.php(656): CodeIgniter\Database\BaseConnection->query('SELECT *
FROM "assist_pro_mf_disa"."dbo"."users"
WHERE "username" = :username:
 ORDER BY (SELECT NULL)  OFFSET 0  ROWS FETCH NEXT 1 ROWS ONLY ', [...], false)
 2 SYSTEMPATH/Model.php(330): CodeIgniter\Database\SQLSRV\Builder->get()
 3 SYSTEMPATH/BaseModel.php(714): CodeIgniter\Model->doFirst()
 4 APPPATH/Controllers/Api/AuthController.php(48): CodeIgniter\BaseModel->first()
 5 SYSTEMPATH/CodeIgniter.php(933): App\Controllers\Api\AuthController->login()
 6 SYSTEMPATH/CodeIgniter.php(509): CodeIgniter\CodeIgniter->runController(Object(App\Controllers\Api\AuthController))
 7 SYSTEMPATH/CodeIgniter.php(355): CodeIgniter\CodeIgniter->handleRequest(null, Object(Config\Cache), false)
 8 SYSTEMPATH/Boot.php(325): CodeIgniter\CodeIgniter->run()
 9 SYSTEMPATH/Boot.php(67): CodeIgniter\Boot::runCodeIgniter(Object(CodeIgniter\CodeIgniter))
10 FCPATH/index.php(56): CodeIgniter\Boot::bootWeb(Object(Config\Paths))
CRITICAL - 2025-06-29 18:06:48 --> [Caused by] CodeIgniter\Database\Exceptions\DatabaseException: [Microsoft][ODBC Driver 18 for SQL Server][SQL Server]Invalid object name 'assist_pro_mf_disa.dbo.users'.
in SYSTEMPATH/Database/SQLSRV/Connection.php on line 488.
 1 SYSTEMPATH/Database/BaseConnection.php(734): CodeIgniter\Database\SQLSRV\Connection->execute('SELECT *
FROM "assist_pro_mf_disa"."dbo"."users"
WHERE "username" = \'admin\'
 ORDER BY (SELECT NULL)  OFFSET 0  ROWS FETCH NEXT 1 ROWS ONLY ')
 2 SYSTEMPATH/Database/BaseConnection.php(648): CodeIgniter\Database\BaseConnection->simpleQuery('SELECT *
FROM "assist_pro_mf_disa"."dbo"."users"
WHERE "username" = \'admin\'
 ORDER BY (SELECT NULL)  OFFSET 0  ROWS FETCH NEXT 1 ROWS ONLY ')
 3 SYSTEMPATH/Database/SQLSRV/Builder.php(656): CodeIgniter\Database\BaseConnection->query('SELECT *
FROM "assist_pro_mf_disa"."dbo"."users"
WHERE "username" = :username:
 ORDER BY (SELECT NULL)  OFFSET 0  ROWS FETCH NEXT 1 ROWS ONLY ', [...], false)
 4 SYSTEMPATH/Model.php(330): CodeIgniter\Database\SQLSRV\Builder->get()
 5 SYSTEMPATH/BaseModel.php(714): CodeIgniter\Model->doFirst()
 6 APPPATH/Controllers/Api/AuthController.php(48): CodeIgniter\BaseModel->first()
 7 SYSTEMPATH/CodeIgniter.php(933): App\Controllers\Api\AuthController->login()
 8 SYSTEMPATH/CodeIgniter.php(509): CodeIgniter\CodeIgniter->runController(Object(App\Controllers\Api\AuthController))
 9 SYSTEMPATH/CodeIgniter.php(355): CodeIgniter\CodeIgniter->handleRequest(null, Object(Config\Cache), false)
10 SYSTEMPATH/Boot.php(325): CodeIgniter\CodeIgniter->run()
11 SYSTEMPATH/Boot.php(67): CodeIgniter\Boot::runCodeIgniter(Object(CodeIgniter\CodeIgniter))
12 FCPATH/index.php(56): CodeIgniter\Boot::bootWeb(Object(Config\Paths))
CRITICAL - 2025-06-29 18:13:47 --> CodeIgniter\Exceptions\CriticalError: Cache: RedisException occurred with message (Connection refused). in /var/www/html/vendor/codeigniter4/framework/system/Cache/Handlers/RedisHandler.php:101
Stack trace:
#0 /var/www/html/vendor/codeigniter4/framework/system/Cache/CacheFactory.php(81): CodeIgniter\Cache\Handlers\RedisHandler->initialize()
#1 /var/www/html/vendor/codeigniter4/framework/system/Config/Services.php(129): CodeIgniter\Cache\CacheFactory::getHandler(Object(Config\Cache))
#2 /var/www/html/vendor/codeigniter4/framework/system/Config/BaseService.php(312): CodeIgniter\Config\Services::cache(Object(Config\Cache), false)
#3 /var/www/html/vendor/codeigniter4/framework/system/Config/BaseService.php(251): CodeIgniter\Config\BaseService::__callStatic('cache', Array)
#4 /var/www/html/vendor/codeigniter4/framework/system/Config/Services.php(124): CodeIgniter\Config\BaseService::getSharedInstance('cache', NULL)
#5 /var/www/html/vendor/codeigniter4/framework/system/Config/BaseService.php(321): CodeIgniter\Config\Services::cache()
#6 /var/www/html/vendor/codeigniter4/framework/system/Config/BaseService.php(202): CodeIgniter\Config\BaseService::__callStatic('cache', Array)
#7 /var/www/html/vendor/codeigniter4/framework/system/Config/Services.php(454): CodeIgniter\Config\BaseService::get('cache')
#8 /var/www/html/vendor/codeigniter4/framework/system/Config/BaseService.php(312): CodeIgniter\Config\Services::responsecache(Object(Config\Cache), NULL, false)
#9 /var/www/html/vendor/codeigniter4/framework/system/Config/BaseService.php(251): CodeIgniter\Config\BaseService::__callStatic('responsecache', Array)
#10 /var/www/html/vendor/codeigniter4/framework/system/Config/Services.php(450): CodeIgniter\Config\BaseService::getSharedInstance('responsecache', NULL, NULL)
#11 /var/www/html/vendor/codeigniter4/framework/system/Config/BaseService.php(321): CodeIgniter\Config\Services::responsecache()
#12 /var/www/html/vendor/codeigniter4/framework/system/CodeIgniter.php(179): CodeIgniter\Config\BaseService::__callStatic('responsecache', Array)
#13 /var/www/html/vendor/codeigniter4/framework/system/Config/Services.php(164): CodeIgniter\CodeIgniter->__construct(Object(Config\App))
#14 /var/www/html/vendor/codeigniter4/framework/system/Config/BaseService.php(321): CodeIgniter\Config\Services::codeigniter(Object(Config\App), false)
#15 /var/www/html/vendor/codeigniter4/framework/system/Config/BaseService.php(251): CodeIgniter\Config\BaseService::__callStatic('codeigniter', Array)
#16 /var/www/html/vendor/codeigniter4/framework/system/Config/Services.php(159): CodeIgniter\Config\BaseService::getSharedInstance('codeigniter', NULL)
#17 /var/www/html/vendor/codeigniter4/framework/system/Boot.php(311): CodeIgniter\Config\Services::codeigniter()
#18 /var/www/html/vendor/codeigniter4/framework/system/Boot.php(101): CodeIgniter\Boot::initializeCodeIgniter()
#19 /var/www/html/spark(84): CodeIgniter\Boot::bootSpark(Object(Config\Paths))
#20 {main} Resorting to using dummy handler.
CRITICAL - 2025-06-29 18:22:01 --> CodeIgniter\Exceptions\CriticalError: Cache: RedisException occurred with message (Connection refused). in /var/www/html/vendor/codeigniter4/framework/system/Cache/Handlers/RedisHandler.php:101
Stack trace:
#0 /var/www/html/vendor/codeigniter4/framework/system/Cache/CacheFactory.php(81): CodeIgniter\Cache\Handlers\RedisHandler->initialize()
#1 /var/www/html/vendor/codeigniter4/framework/system/Config/Services.php(129): CodeIgniter\Cache\CacheFactory::getHandler(Object(Config\Cache))
#2 /var/www/html/vendor/codeigniter4/framework/system/Config/BaseService.php(312): CodeIgniter\Config\Services::cache(Object(Config\Cache), false)
#3 /var/www/html/vendor/codeigniter4/framework/system/Config/BaseService.php(251): CodeIgniter\Config\BaseService::__callStatic('cache', Array)
#4 /var/www/html/vendor/codeigniter4/framework/system/Config/Services.php(124): CodeIgniter\Config\BaseService::getSharedInstance('cache', NULL)
#5 /var/www/html/vendor/codeigniter4/framework/system/Config/BaseService.php(321): CodeIgniter\Config\Services::cache()
#6 /var/www/html/vendor/codeigniter4/framework/system/Config/BaseService.php(202): CodeIgniter\Config\BaseService::__callStatic('cache', Array)
#7 /var/www/html/vendor/codeigniter4/framework/system/Config/Services.php(454): CodeIgniter\Config\BaseService::get('cache')
#8 /var/www/html/vendor/codeigniter4/framework/system/Config/BaseService.php(312): CodeIgniter\Config\Services::responsecache(Object(Config\Cache), NULL, false)
#9 /var/www/html/vendor/codeigniter4/framework/system/Config/BaseService.php(251): CodeIgniter\Config\BaseService::__callStatic('responsecache', Array)
#10 /var/www/html/vendor/codeigniter4/framework/system/Config/Services.php(450): CodeIgniter\Config\BaseService::getSharedInstance('responsecache', NULL, NULL)
#11 /var/www/html/vendor/codeigniter4/framework/system/Config/BaseService.php(321): CodeIgniter\Config\Services::responsecache()
#12 /var/www/html/vendor/codeigniter4/framework/system/CodeIgniter.php(179): CodeIgniter\Config\BaseService::__callStatic('responsecache', Array)
#13 /var/www/html/vendor/codeigniter4/framework/system/Config/Services.php(164): CodeIgniter\CodeIgniter->__construct(Object(Config\App))
#14 /var/www/html/vendor/codeigniter4/framework/system/Config/BaseService.php(321): CodeIgniter\Config\Services::codeigniter(Object(Config\App), false)
#15 /var/www/html/vendor/codeigniter4/framework/system/Config/BaseService.php(251): CodeIgniter\Config\BaseService::__callStatic('codeigniter', Array)
#16 /var/www/html/vendor/codeigniter4/framework/system/Config/Services.php(159): CodeIgniter\Config\BaseService::getSharedInstance('codeigniter', NULL)
#17 /var/www/html/vendor/codeigniter4/framework/system/Boot.php(311): CodeIgniter\Config\Services::codeigniter()
#18 /var/www/html/vendor/codeigniter4/framework/system/Boot.php(66): CodeIgniter\Boot::initializeCodeIgniter()
#19 /var/www/html/public/index.php(56): CodeIgniter\Boot::bootWeb(Object(Config\Paths))
#20 {main} Resorting to using dummy handler.
CRITICAL - 2025-06-29 18:25:17 --> CodeIgniter\Exceptions\CriticalError: Cache: RedisException occurred with message (Connection refused). in /var/www/html/vendor/codeigniter4/framework/system/Cache/Handlers/RedisHandler.php:101
Stack trace:
#0 /var/www/html/vendor/codeigniter4/framework/system/Cache/CacheFactory.php(81): CodeIgniter\Cache\Handlers\RedisHandler->initialize()
#1 /var/www/html/vendor/codeigniter4/framework/system/Config/Services.php(129): CodeIgniter\Cache\CacheFactory::getHandler(Object(Config\Cache))
#2 /var/www/html/vendor/codeigniter4/framework/system/Config/BaseService.php(312): CodeIgniter\Config\Services::cache(Object(Config\Cache), false)
#3 /var/www/html/vendor/codeigniter4/framework/system/Config/BaseService.php(251): CodeIgniter\Config\BaseService::__callStatic('cache', Array)
#4 /var/www/html/vendor/codeigniter4/framework/system/Config/Services.php(124): CodeIgniter\Config\BaseService::getSharedInstance('cache', NULL)
#5 /var/www/html/vendor/codeigniter4/framework/system/Config/BaseService.php(321): CodeIgniter\Config\Services::cache()
#6 /var/www/html/vendor/codeigniter4/framework/system/Config/BaseService.php(202): CodeIgniter\Config\BaseService::__callStatic('cache', Array)
#7 /var/www/html/vendor/codeigniter4/framework/system/Config/Services.php(454): CodeIgniter\Config\BaseService::get('cache')
#8 /var/www/html/vendor/codeigniter4/framework/system/Config/BaseService.php(312): CodeIgniter\Config\Services::responsecache(Object(Config\Cache), NULL, false)
#9 /var/www/html/vendor/codeigniter4/framework/system/Config/BaseService.php(251): CodeIgniter\Config\BaseService::__callStatic('responsecache', Array)
#10 /var/www/html/vendor/codeigniter4/framework/system/Config/Services.php(450): CodeIgniter\Config\BaseService::getSharedInstance('responsecache', NULL, NULL)
#11 /var/www/html/vendor/codeigniter4/framework/system/Config/BaseService.php(321): CodeIgniter\Config\Services::responsecache()
#12 /var/www/html/vendor/codeigniter4/framework/system/CodeIgniter.php(179): CodeIgniter\Config\BaseService::__callStatic('responsecache', Array)
#13 /var/www/html/vendor/codeigniter4/framework/system/Config/Services.php(164): CodeIgniter\CodeIgniter->__construct(Object(Config\App))
#14 /var/www/html/vendor/codeigniter4/framework/system/Config/BaseService.php(321): CodeIgniter\Config\Services::codeigniter(Object(Config\App), false)
#15 /var/www/html/vendor/codeigniter4/framework/system/Config/BaseService.php(251): CodeIgniter\Config\BaseService::__callStatic('codeigniter', Array)
#16 /var/www/html/vendor/codeigniter4/framework/system/Config/Services.php(159): CodeIgniter\Config\BaseService::getSharedInstance('codeigniter', NULL)
#17 /var/www/html/vendor/codeigniter4/framework/system/Boot.php(311): CodeIgniter\Config\Services::codeigniter()
#18 /var/www/html/vendor/codeigniter4/framework/system/Boot.php(66): CodeIgniter\Boot::initializeCodeIgniter()
#19 /var/www/html/public/index.php(56): CodeIgniter\Boot::bootWeb(Object(Config\Paths))
#20 {main} Resorting to using dummy handler.
CRITICAL - 2025-06-29 18:33:34 --> CodeIgniter\Exceptions\CriticalError: Cache: RedisException occurred with message (Connection refused). in /var/www/html/vendor/codeigniter4/framework/system/Cache/Handlers/RedisHandler.php:101
Stack trace:
#0 /var/www/html/vendor/codeigniter4/framework/system/Cache/CacheFactory.php(81): CodeIgniter\Cache\Handlers\RedisHandler->initialize()
#1 /var/www/html/vendor/codeigniter4/framework/system/Config/Services.php(129): CodeIgniter\Cache\CacheFactory::getHandler(Object(Config\Cache))
#2 /var/www/html/vendor/codeigniter4/framework/system/Config/BaseService.php(312): CodeIgniter\Config\Services::cache(Object(Config\Cache), false)
#3 /var/www/html/vendor/codeigniter4/framework/system/Config/BaseService.php(251): CodeIgniter\Config\BaseService::__callStatic('cache', Array)
#4 /var/www/html/vendor/codeigniter4/framework/system/Config/Services.php(124): CodeIgniter\Config\BaseService::getSharedInstance('cache', NULL)
#5 /var/www/html/vendor/codeigniter4/framework/system/Config/BaseService.php(321): CodeIgniter\Config\Services::cache()
#6 /var/www/html/vendor/codeigniter4/framework/system/Config/BaseService.php(202): CodeIgniter\Config\BaseService::__callStatic('cache', Array)
#7 /var/www/html/vendor/codeigniter4/framework/system/Config/Services.php(454): CodeIgniter\Config\BaseService::get('cache')
#8 /var/www/html/vendor/codeigniter4/framework/system/Config/BaseService.php(312): CodeIgniter\Config\Services::responsecache(Object(Config\Cache), NULL, false)
#9 /var/www/html/vendor/codeigniter4/framework/system/Config/BaseService.php(251): CodeIgniter\Config\BaseService::__callStatic('responsecache', Array)
#10 /var/www/html/vendor/codeigniter4/framework/system/Config/Services.php(450): CodeIgniter\Config\BaseService::getSharedInstance('responsecache', NULL, NULL)
#11 /var/www/html/vendor/codeigniter4/framework/system/Config/BaseService.php(321): CodeIgniter\Config\Services::responsecache()
#12 /var/www/html/vendor/codeigniter4/framework/system/CodeIgniter.php(179): CodeIgniter\Config\BaseService::__callStatic('responsecache', Array)
#13 /var/www/html/vendor/codeigniter4/framework/system/Config/Services.php(164): CodeIgniter\CodeIgniter->__construct(Object(Config\App))
#14 /var/www/html/vendor/codeigniter4/framework/system/Config/BaseService.php(321): CodeIgniter\Config\Services::codeigniter(Object(Config\App), false)
#15 /var/www/html/vendor/codeigniter4/framework/system/Config/BaseService.php(251): CodeIgniter\Config\BaseService::__callStatic('codeigniter', Array)
#16 /var/www/html/vendor/codeigniter4/framework/system/Config/Services.php(159): CodeIgniter\Config\BaseService::getSharedInstance('codeigniter', NULL)
#17 /var/www/html/vendor/codeigniter4/framework/system/Boot.php(311): CodeIgniter\Config\Services::codeigniter()
#18 /var/www/html/vendor/codeigniter4/framework/system/Boot.php(66): CodeIgniter\Boot::initializeCodeIgniter()
#19 /var/www/html/public/index.php(56): CodeIgniter\Boot::bootWeb(Object(Config\Paths))
#20 {main} Resorting to using dummy handler.
CRITICAL - 2025-06-29 18:39:21 --> CodeIgniter\Exceptions\CriticalError: Cache: RedisException occurred with message (Connection refused). in /var/www/html/vendor/codeigniter4/framework/system/Cache/Handlers/RedisHandler.php:101
Stack trace:
#0 /var/www/html/vendor/codeigniter4/framework/system/Cache/CacheFactory.php(81): CodeIgniter\Cache\Handlers\RedisHandler->initialize()
#1 /var/www/html/vendor/codeigniter4/framework/system/Config/Services.php(129): CodeIgniter\Cache\CacheFactory::getHandler(Object(Config\Cache))
#2 /var/www/html/vendor/codeigniter4/framework/system/Config/BaseService.php(312): CodeIgniter\Config\Services::cache(Object(Config\Cache), false)
#3 /var/www/html/vendor/codeigniter4/framework/system/Config/BaseService.php(251): CodeIgniter\Config\BaseService::__callStatic('cache', Array)
#4 /var/www/html/vendor/codeigniter4/framework/system/Config/Services.php(124): CodeIgniter\Config\BaseService::getSharedInstance('cache', NULL)
#5 /var/www/html/vendor/codeigniter4/framework/system/Config/BaseService.php(321): CodeIgniter\Config\Services::cache()
#6 /var/www/html/vendor/codeigniter4/framework/system/Config/BaseService.php(202): CodeIgniter\Config\BaseService::__callStatic('cache', Array)
#7 /var/www/html/vendor/codeigniter4/framework/system/Config/Services.php(454): CodeIgniter\Config\BaseService::get('cache')
#8 /var/www/html/vendor/codeigniter4/framework/system/Config/BaseService.php(312): CodeIgniter\Config\Services::responsecache(Object(Config\Cache), NULL, false)
#9 /var/www/html/vendor/codeigniter4/framework/system/Config/BaseService.php(251): CodeIgniter\Config\BaseService::__callStatic('responsecache', Array)
#10 /var/www/html/vendor/codeigniter4/framework/system/Config/Services.php(450): CodeIgniter\Config\BaseService::getSharedInstance('responsecache', NULL, NULL)
#11 /var/www/html/vendor/codeigniter4/framework/system/Config/BaseService.php(321): CodeIgniter\Config\Services::responsecache()
#12 /var/www/html/vendor/codeigniter4/framework/system/CodeIgniter.php(179): CodeIgniter\Config\BaseService::__callStatic('responsecache', Array)
#13 /var/www/html/vendor/codeigniter4/framework/system/Config/Services.php(164): CodeIgniter\CodeIgniter->__construct(Object(Config\App))
#14 /var/www/html/vendor/codeigniter4/framework/system/Config/BaseService.php(321): CodeIgniter\Config\Services::codeigniter(Object(Config\App), false)
#15 /var/www/html/vendor/codeigniter4/framework/system/Config/BaseService.php(251): CodeIgniter\Config\BaseService::__callStatic('codeigniter', Array)
#16 /var/www/html/vendor/codeigniter4/framework/system/Config/Services.php(159): CodeIgniter\Config\BaseService::getSharedInstance('codeigniter', NULL)
#17 /var/www/html/vendor/codeigniter4/framework/system/Boot.php(311): CodeIgniter\Config\Services::codeigniter()
#18 /var/www/html/vendor/codeigniter4/framework/system/Boot.php(66): CodeIgniter\Boot::initializeCodeIgniter()
#19 /var/www/html/public/index.php(56): CodeIgniter\Boot::bootWeb(Object(Config\Paths))
#20 {main} Resorting to using dummy handler.
ERROR - 2025-06-29 18:39:21 --> [Microsoft][ODBC Driver 18 for SQL Server][SQL Server]Invalid object name 'assist_pro_mf_disa.dbo.users'.
CRITICAL - 2025-06-29 18:39:21 --> CodeIgniter\Database\Exceptions\DatabaseException: [Microsoft][ODBC Driver 18 for SQL Server][SQL Server]Invalid object name 'assist_pro_mf_disa.dbo.users'.
[Method: POST, Route: api/login]
in SYSTEMPATH/Database/BaseConnection.php on line 688.
 1 SYSTEMPATH/Database/SQLSRV/Builder.php(656): CodeIgniter\Database\BaseConnection->query('SELECT *
FROM "assist_pro_mf_disa"."dbo"."users"
WHERE "username" = :username:
 ORDER BY (SELECT NULL)  OFFSET 0  ROWS FETCH NEXT 1 ROWS ONLY ', [...], false)
 2 SYSTEMPATH/Model.php(330): CodeIgniter\Database\SQLSRV\Builder->get()
 3 SYSTEMPATH/BaseModel.php(714): CodeIgniter\Model->doFirst()
 4 APPPATH/Controllers/Api/AuthController.php(48): CodeIgniter\BaseModel->first()
 5 SYSTEMPATH/CodeIgniter.php(933): App\Controllers\Api\AuthController->login()
 6 SYSTEMPATH/CodeIgniter.php(509): CodeIgniter\CodeIgniter->runController(Object(App\Controllers\Api\AuthController))
 7 SYSTEMPATH/CodeIgniter.php(355): CodeIgniter\CodeIgniter->handleRequest(null, Object(Config\Cache), false)
 8 SYSTEMPATH/Boot.php(325): CodeIgniter\CodeIgniter->run()
 9 SYSTEMPATH/Boot.php(67): CodeIgniter\Boot::runCodeIgniter(Object(CodeIgniter\CodeIgniter))
10 FCPATH/index.php(56): CodeIgniter\Boot::bootWeb(Object(Config\Paths))
CRITICAL - 2025-06-29 18:39:21 --> [Caused by] CodeIgniter\Database\Exceptions\DatabaseException: [Microsoft][ODBC Driver 18 for SQL Server][SQL Server]Invalid object name 'assist_pro_mf_disa.dbo.users'.
in SYSTEMPATH/Database/SQLSRV/Connection.php on line 488.
 1 SYSTEMPATH/Database/BaseConnection.php(734): CodeIgniter\Database\SQLSRV\Connection->execute('SELECT *
FROM "assist_pro_mf_disa"."dbo"."users"
WHERE "username" = \'admin\'
 ORDER BY (SELECT NULL)  OFFSET 0  ROWS FETCH NEXT 1 ROWS ONLY ')
 2 SYSTEMPATH/Database/BaseConnection.php(648): CodeIgniter\Database\BaseConnection->simpleQuery('SELECT *
FROM "assist_pro_mf_disa"."dbo"."users"
WHERE "username" = \'admin\'
 ORDER BY (SELECT NULL)  OFFSET 0  ROWS FETCH NEXT 1 ROWS ONLY ')
 3 SYSTEMPATH/Database/SQLSRV/Builder.php(656): CodeIgniter\Database\BaseConnection->query('SELECT *
FROM "assist_pro_mf_disa"."dbo"."users"
WHERE "username" = :username:
 ORDER BY (SELECT NULL)  OFFSET 0  ROWS FETCH NEXT 1 ROWS ONLY ', [...], false)
 4 SYSTEMPATH/Model.php(330): CodeIgniter\Database\SQLSRV\Builder->get()
 5 SYSTEMPATH/BaseModel.php(714): CodeIgniter\Model->doFirst()
 6 APPPATH/Controllers/Api/AuthController.php(48): CodeIgniter\BaseModel->first()
 7 SYSTEMPATH/CodeIgniter.php(933): App\Controllers\Api\AuthController->login()
 8 SYSTEMPATH/CodeIgniter.php(509): CodeIgniter\CodeIgniter->runController(Object(App\Controllers\Api\AuthController))
 9 SYSTEMPATH/CodeIgniter.php(355): CodeIgniter\CodeIgniter->handleRequest(null, Object(Config\Cache), false)
10 SYSTEMPATH/Boot.php(325): CodeIgniter\CodeIgniter->run()
11 SYSTEMPATH/Boot.php(67): CodeIgniter\Boot::runCodeIgniter(Object(CodeIgniter\CodeIgniter))
12 FCPATH/index.php(56): CodeIgniter\Boot::bootWeb(Object(Config\Paths))
CRITICAL - 2025-06-29 18:39:34 --> CodeIgniter\Exceptions\CriticalError: Cache: RedisException occurred with message (Connection refused). in /var/www/html/vendor/codeigniter4/framework/system/Cache/Handlers/RedisHandler.php:101
Stack trace:
#0 /var/www/html/vendor/codeigniter4/framework/system/Cache/CacheFactory.php(81): CodeIgniter\Cache\Handlers\RedisHandler->initialize()
#1 /var/www/html/vendor/codeigniter4/framework/system/Config/Services.php(129): CodeIgniter\Cache\CacheFactory::getHandler(Object(Config\Cache))
#2 /var/www/html/vendor/codeigniter4/framework/system/Config/BaseService.php(312): CodeIgniter\Config\Services::cache(Object(Config\Cache), false)
#3 /var/www/html/vendor/codeigniter4/framework/system/Config/BaseService.php(251): CodeIgniter\Config\BaseService::__callStatic('cache', Array)
#4 /var/www/html/vendor/codeigniter4/framework/system/Config/Services.php(124): CodeIgniter\Config\BaseService::getSharedInstance('cache', NULL)
#5 /var/www/html/vendor/codeigniter4/framework/system/Config/BaseService.php(321): CodeIgniter\Config\Services::cache()
#6 /var/www/html/vendor/codeigniter4/framework/system/Config/BaseService.php(202): CodeIgniter\Config\BaseService::__callStatic('cache', Array)
#7 /var/www/html/vendor/codeigniter4/framework/system/Config/Services.php(454): CodeIgniter\Config\BaseService::get('cache')
#8 /var/www/html/vendor/codeigniter4/framework/system/Config/BaseService.php(312): CodeIgniter\Config\Services::responsecache(Object(Config\Cache), NULL, false)
#9 /var/www/html/vendor/codeigniter4/framework/system/Config/BaseService.php(251): CodeIgniter\Config\BaseService::__callStatic('responsecache', Array)
#10 /var/www/html/vendor/codeigniter4/framework/system/Config/Services.php(450): CodeIgniter\Config\BaseService::getSharedInstance('responsecache', NULL, NULL)
#11 /var/www/html/vendor/codeigniter4/framework/system/Config/BaseService.php(321): CodeIgniter\Config\Services::responsecache()
#12 /var/www/html/vendor/codeigniter4/framework/system/CodeIgniter.php(179): CodeIgniter\Config\BaseService::__callStatic('responsecache', Array)
#13 /var/www/html/vendor/codeigniter4/framework/system/Config/Services.php(164): CodeIgniter\CodeIgniter->__construct(Object(Config\App))
#14 /var/www/html/vendor/codeigniter4/framework/system/Config/BaseService.php(321): CodeIgniter\Config\Services::codeigniter(Object(Config\App), false)
#15 /var/www/html/vendor/codeigniter4/framework/system/Config/BaseService.php(251): CodeIgniter\Config\BaseService::__callStatic('codeigniter', Array)
#16 /var/www/html/vendor/codeigniter4/framework/system/Config/Services.php(159): CodeIgniter\Config\BaseService::getSharedInstance('codeigniter', NULL)
#17 /var/www/html/vendor/codeigniter4/framework/system/Boot.php(311): CodeIgniter\Config\Services::codeigniter()
#18 /var/www/html/vendor/codeigniter4/framework/system/Boot.php(66): CodeIgniter\Boot::initializeCodeIgniter()
#19 /var/www/html/public/index.php(56): CodeIgniter\Boot::bootWeb(Object(Config\Paths))
#20 {main} Resorting to using dummy handler.
ERROR - 2025-06-29 18:39:34 --> [Microsoft][ODBC Driver 18 for SQL Server][SQL Server]Invalid object name 'assist_pro_mf_disa.dbo.users'.
CRITICAL - 2025-06-29 18:39:34 --> CodeIgniter\Database\Exceptions\DatabaseException: [Microsoft][ODBC Driver 18 for SQL Server][SQL Server]Invalid object name 'assist_pro_mf_disa.dbo.users'.
[Method: POST, Route: api/register]
in SYSTEMPATH/Database/BaseConnection.php on line 688.
 1 SYSTEMPATH/Database/BaseBuilder.php(2340): CodeIgniter\Database\BaseConnection->query('INSERT INTO "assist_pro_mf_disa"."dbo"."users" ("username","email","password","created_at","updated_at") VALUES (:username:, :email:, :password:, :created_at:, :updated_at:)', [...], false)
 2 SYSTEMPATH/Model.php(394): CodeIgniter\Database\BaseBuilder->insert()
 3 SYSTEMPATH/BaseModel.php(840): CodeIgniter\Model->doInsert([...])
 4 SYSTEMPATH/Model.php(802): CodeIgniter\BaseModel->insert([...], true)
 5 APPPATH/Controllers/Api/AuthController.php(133): CodeIgniter\Model->insert([...])
 6 SYSTEMPATH/CodeIgniter.php(933): App\Controllers\Api\AuthController->register()
 7 SYSTEMPATH/CodeIgniter.php(509): CodeIgniter\CodeIgniter->runController(Object(App\Controllers\Api\AuthController))
 8 SYSTEMPATH/CodeIgniter.php(355): CodeIgniter\CodeIgniter->handleRequest(null, Object(Config\Cache), false)
 9 SYSTEMPATH/Boot.php(325): CodeIgniter\CodeIgniter->run()
10 SYSTEMPATH/Boot.php(67): CodeIgniter\Boot::runCodeIgniter(Object(CodeIgniter\CodeIgniter))
11 FCPATH/index.php(56): CodeIgniter\Boot::bootWeb(Object(Config\Paths))
CRITICAL - 2025-06-29 18:39:34 --> [Caused by] CodeIgniter\Database\Exceptions\DatabaseException: [Microsoft][ODBC Driver 18 for SQL Server][SQL Server]Invalid object name 'assist_pro_mf_disa.dbo.users'.
in SYSTEMPATH/Database/SQLSRV/Connection.php on line 488.
 1 SYSTEMPATH/Database/BaseConnection.php(734): CodeIgniter\Database\SQLSRV\Connection->execute('INSERT INTO "assist_pro_mf_disa"."dbo"."users" ("username","email","password","created_at","updated_at") VALUES (\'admin\', \'admin@mail.com\', \'$2y$10$M9QMycbgA7XTgBN8MPw3Qu/xRGF0ur6cua4.iGMsmaJ3IjngX/1Qm\', \'2025-06-29 18:39:34\', \'2025-06-29 18:39:34\')')
 2 SYSTEMPATH/Database/BaseConnection.php(648): CodeIgniter\Database\BaseConnection->simpleQuery('INSERT INTO "assist_pro_mf_disa"."dbo"."users" ("username","email","password","created_at","updated_at") VALUES (\'admin\', \'admin@mail.com\', \'$2y$10$M9QMycbgA7XTgBN8MPw3Qu/xRGF0ur6cua4.iGMsmaJ3IjngX/1Qm\', \'2025-06-29 18:39:34\', \'2025-06-29 18:39:34\')')
 3 SYSTEMPATH/Database/BaseBuilder.php(2340): CodeIgniter\Database\BaseConnection->query('INSERT INTO "assist_pro_mf_disa"."dbo"."users" ("username","email","password","created_at","updated_at") VALUES (:username:, :email:, :password:, :created_at:, :updated_at:)', [...], false)
 4 SYSTEMPATH/Model.php(394): CodeIgniter\Database\BaseBuilder->insert()
 5 SYSTEMPATH/BaseModel.php(840): CodeIgniter\Model->doInsert([...])
 6 SYSTEMPATH/Model.php(802): CodeIgniter\BaseModel->insert([...], true)
 7 APPPATH/Controllers/Api/AuthController.php(133): CodeIgniter\Model->insert([...])
 8 SYSTEMPATH/CodeIgniter.php(933): App\Controllers\Api\AuthController->register()
 9 SYSTEMPATH/CodeIgniter.php(509): CodeIgniter\CodeIgniter->runController(Object(App\Controllers\Api\AuthController))
10 SYSTEMPATH/CodeIgniter.php(355): CodeIgniter\CodeIgniter->handleRequest(null, Object(Config\Cache), false)
11 SYSTEMPATH/Boot.php(325): CodeIgniter\CodeIgniter->run()
12 SYSTEMPATH/Boot.php(67): CodeIgniter\Boot::runCodeIgniter(Object(CodeIgniter\CodeIgniter))
13 FCPATH/index.php(56): CodeIgniter\Boot::bootWeb(Object(Config\Paths))
CRITICAL - 2025-06-29 18:50:36 --> CodeIgniter\Exceptions\CriticalError: Cache: RedisException occurred with message (Connection refused). in /var/www/html/vendor/codeigniter4/framework/system/Cache/Handlers/RedisHandler.php:101
Stack trace:
#0 /var/www/html/vendor/codeigniter4/framework/system/Cache/CacheFactory.php(81): CodeIgniter\Cache\Handlers\RedisHandler->initialize()
#1 /var/www/html/vendor/codeigniter4/framework/system/Config/Services.php(129): CodeIgniter\Cache\CacheFactory::getHandler(Object(Config\Cache))
#2 /var/www/html/vendor/codeigniter4/framework/system/Config/BaseService.php(312): CodeIgniter\Config\Services::cache(Object(Config\Cache), false)
#3 /var/www/html/vendor/codeigniter4/framework/system/Config/BaseService.php(251): CodeIgniter\Config\BaseService::__callStatic('cache', Array)
#4 /var/www/html/vendor/codeigniter4/framework/system/Config/Services.php(124): CodeIgniter\Config\BaseService::getSharedInstance('cache', NULL)
#5 /var/www/html/vendor/codeigniter4/framework/system/Config/BaseService.php(321): CodeIgniter\Config\Services::cache()
#6 /var/www/html/vendor/codeigniter4/framework/system/Config/BaseService.php(202): CodeIgniter\Config\BaseService::__callStatic('cache', Array)
#7 /var/www/html/vendor/codeigniter4/framework/system/Config/Services.php(454): CodeIgniter\Config\BaseService::get('cache')
#8 /var/www/html/vendor/codeigniter4/framework/system/Config/BaseService.php(312): CodeIgniter\Config\Services::responsecache(Object(Config\Cache), NULL, false)
#9 /var/www/html/vendor/codeigniter4/framework/system/Config/BaseService.php(251): CodeIgniter\Config\BaseService::__callStatic('responsecache', Array)
#10 /var/www/html/vendor/codeigniter4/framework/system/Config/Services.php(450): CodeIgniter\Config\BaseService::getSharedInstance('responsecache', NULL, NULL)
#11 /var/www/html/vendor/codeigniter4/framework/system/Config/BaseService.php(321): CodeIgniter\Config\Services::responsecache()
#12 /var/www/html/vendor/codeigniter4/framework/system/CodeIgniter.php(179): CodeIgniter\Config\BaseService::__callStatic('responsecache', Array)
#13 /var/www/html/vendor/codeigniter4/framework/system/Config/Services.php(164): CodeIgniter\CodeIgniter->__construct(Object(Config\App))
#14 /var/www/html/vendor/codeigniter4/framework/system/Config/BaseService.php(321): CodeIgniter\Config\Services::codeigniter(Object(Config\App), false)
#15 /var/www/html/vendor/codeigniter4/framework/system/Config/BaseService.php(251): CodeIgniter\Config\BaseService::__callStatic('codeigniter', Array)
#16 /var/www/html/vendor/codeigniter4/framework/system/Config/Services.php(159): CodeIgniter\Config\BaseService::getSharedInstance('codeigniter', NULL)
#17 /var/www/html/vendor/codeigniter4/framework/system/Boot.php(311): CodeIgniter\Config\Services::codeigniter()
#18 /var/www/html/vendor/codeigniter4/framework/system/Boot.php(101): CodeIgniter\Boot::initializeCodeIgniter()
#19 /var/www/html/spark(84): CodeIgniter\Boot::bootSpark(Object(Config\Paths))
#20 {main} Resorting to using dummy handler.
CRITICAL - 2025-06-29 18:50:36 --> CodeIgniter\Exceptions\CriticalError: Cache: RedisException occurred with message (Connection refused). in /var/www/html/vendor/codeigniter4/framework/system/Cache/Handlers/RedisHandler.php:101
Stack trace:
#0 /var/www/html/vendor/codeigniter4/framework/system/Cache/CacheFactory.php(81): CodeIgniter\Cache\Handlers\RedisHandler->initialize()
#1 /var/www/html/vendor/codeigniter4/framework/system/Commands/Cache/ClearCache.php(78): CodeIgniter\Cache\CacheFactory::getHandler(Object(Config\Cache))
#2 /var/www/html/vendor/codeigniter4/framework/system/CLI/Commands.php(70): CodeIgniter\Commands\Cache\ClearCache->run(Array)
#3 /var/www/html/vendor/codeigniter4/framework/system/CLI/Console.php(48): CodeIgniter\CLI\Commands->run('cache:clear', Array)
#4 /var/www/html/vendor/codeigniter4/framework/system/Boot.php(351): CodeIgniter\CLI\Console->run()
#5 /var/www/html/vendor/codeigniter4/framework/system/Boot.php(104): CodeIgniter\Boot::runCommand(Object(CodeIgniter\CLI\Console))
#6 /var/www/html/spark(84): CodeIgniter\Boot::bootSpark(Object(Config\Paths))
#7 {main} Resorting to using dummy handler.
CRITICAL - 2025-06-29 18:50:57 --> CodeIgniter\Exceptions\CriticalError: Cache: RedisException occurred with message (Connection refused). in /var/www/html/vendor/codeigniter4/framework/system/Cache/Handlers/RedisHandler.php:101
Stack trace:
#0 /var/www/html/vendor/codeigniter4/framework/system/Cache/CacheFactory.php(81): CodeIgniter\Cache\Handlers\RedisHandler->initialize()
#1 /var/www/html/vendor/codeigniter4/framework/system/Config/Services.php(129): CodeIgniter\Cache\CacheFactory::getHandler(Object(Config\Cache))
#2 /var/www/html/vendor/codeigniter4/framework/system/Config/BaseService.php(312): CodeIgniter\Config\Services::cache(Object(Config\Cache), false)
#3 /var/www/html/vendor/codeigniter4/framework/system/Config/BaseService.php(251): CodeIgniter\Config\BaseService::__callStatic('cache', Array)
#4 /var/www/html/vendor/codeigniter4/framework/system/Config/Services.php(124): CodeIgniter\Config\BaseService::getSharedInstance('cache', NULL)
#5 /var/www/html/vendor/codeigniter4/framework/system/Config/BaseService.php(321): CodeIgniter\Config\Services::cache()
#6 /var/www/html/vendor/codeigniter4/framework/system/Config/BaseService.php(202): CodeIgniter\Config\BaseService::__callStatic('cache', Array)
#7 /var/www/html/vendor/codeigniter4/framework/system/Config/Services.php(454): CodeIgniter\Config\BaseService::get('cache')
#8 /var/www/html/vendor/codeigniter4/framework/system/Config/BaseService.php(312): CodeIgniter\Config\Services::responsecache(Object(Config\Cache), NULL, false)
#9 /var/www/html/vendor/codeigniter4/framework/system/Config/BaseService.php(251): CodeIgniter\Config\BaseService::__callStatic('responsecache', Array)
#10 /var/www/html/vendor/codeigniter4/framework/system/Config/Services.php(450): CodeIgniter\Config\BaseService::getSharedInstance('responsecache', NULL, NULL)
#11 /var/www/html/vendor/codeigniter4/framework/system/Config/BaseService.php(321): CodeIgniter\Config\Services::responsecache()
#12 /var/www/html/vendor/codeigniter4/framework/system/CodeIgniter.php(179): CodeIgniter\Config\BaseService::__callStatic('responsecache', Array)
#13 /var/www/html/vendor/codeigniter4/framework/system/Config/Services.php(164): CodeIgniter\CodeIgniter->__construct(Object(Config\App))
#14 /var/www/html/vendor/codeigniter4/framework/system/Config/BaseService.php(321): CodeIgniter\Config\Services::codeigniter(Object(Config\App), false)
#15 /var/www/html/vendor/codeigniter4/framework/system/Config/BaseService.php(251): CodeIgniter\Config\BaseService::__callStatic('codeigniter', Array)
#16 /var/www/html/vendor/codeigniter4/framework/system/Config/Services.php(159): CodeIgniter\Config\BaseService::getSharedInstance('codeigniter', NULL)
#17 /var/www/html/vendor/codeigniter4/framework/system/Boot.php(311): CodeIgniter\Config\Services::codeigniter()
#18 /var/www/html/vendor/codeigniter4/framework/system/Boot.php(101): CodeIgniter\Boot::initializeCodeIgniter()
#19 /var/www/html/spark(84): CodeIgniter\Boot::bootSpark(Object(Config\Paths))
#20 {main} Resorting to using dummy handler.
CRITICAL - 2025-06-29 18:54:03 --> CodeIgniter\Exceptions\CriticalError: Cache: RedisException occurred with message (Connection refused). in /var/www/html/vendor/codeigniter4/framework/system/Cache/Handlers/RedisHandler.php:101
Stack trace:
#0 /var/www/html/vendor/codeigniter4/framework/system/Cache/CacheFactory.php(81): CodeIgniter\Cache\Handlers\RedisHandler->initialize()
#1 /var/www/html/vendor/codeigniter4/framework/system/Config/Services.php(129): CodeIgniter\Cache\CacheFactory::getHandler(Object(Config\Cache))
#2 /var/www/html/vendor/codeigniter4/framework/system/Config/BaseService.php(312): CodeIgniter\Config\Services::cache(Object(Config\Cache), false)
#3 /var/www/html/vendor/codeigniter4/framework/system/Config/BaseService.php(251): CodeIgniter\Config\BaseService::__callStatic('cache', Array)
#4 /var/www/html/vendor/codeigniter4/framework/system/Config/Services.php(124): CodeIgniter\Config\BaseService::getSharedInstance('cache', NULL)
#5 /var/www/html/vendor/codeigniter4/framework/system/Config/BaseService.php(321): CodeIgniter\Config\Services::cache()
#6 /var/www/html/vendor/codeigniter4/framework/system/Config/BaseService.php(202): CodeIgniter\Config\BaseService::__callStatic('cache', Array)
#7 /var/www/html/vendor/codeigniter4/framework/system/Config/Services.php(454): CodeIgniter\Config\BaseService::get('cache')
#8 /var/www/html/vendor/codeigniter4/framework/system/Config/BaseService.php(312): CodeIgniter\Config\Services::responsecache(Object(Config\Cache), NULL, false)
#9 /var/www/html/vendor/codeigniter4/framework/system/Config/BaseService.php(251): CodeIgniter\Config\BaseService::__callStatic('responsecache', Array)
#10 /var/www/html/vendor/codeigniter4/framework/system/Config/Services.php(450): CodeIgniter\Config\BaseService::getSharedInstance('responsecache', NULL, NULL)
#11 /var/www/html/vendor/codeigniter4/framework/system/Config/BaseService.php(321): CodeIgniter\Config\Services::responsecache()
#12 /var/www/html/vendor/codeigniter4/framework/system/CodeIgniter.php(179): CodeIgniter\Config\BaseService::__callStatic('responsecache', Array)
#13 /var/www/html/vendor/codeigniter4/framework/system/Config/Services.php(164): CodeIgniter\CodeIgniter->__construct(Object(Config\App))
#14 /var/www/html/vendor/codeigniter4/framework/system/Config/BaseService.php(321): CodeIgniter\Config\Services::codeigniter(Object(Config\App), false)
#15 /var/www/html/vendor/codeigniter4/framework/system/Config/BaseService.php(251): CodeIgniter\Config\BaseService::__callStatic('codeigniter', Array)
#16 /var/www/html/vendor/codeigniter4/framework/system/Config/Services.php(159): CodeIgniter\Config\BaseService::getSharedInstance('codeigniter', NULL)
#17 /var/www/html/vendor/codeigniter4/framework/system/Boot.php(311): CodeIgniter\Config\Services::codeigniter()
#18 /var/www/html/vendor/codeigniter4/framework/system/Boot.php(101): CodeIgniter\Boot::initializeCodeIgniter()
#19 /var/www/html/spark(84): CodeIgniter\Boot::bootSpark(Object(Config\Paths))
#20 {main} Resorting to using dummy handler.
CRITICAL - 2025-06-29 18:54:35 --> CodeIgniter\Exceptions\CriticalError: Cache: RedisException occurred with message (Connection refused). in /var/www/html/vendor/codeigniter4/framework/system/Cache/Handlers/RedisHandler.php:101
Stack trace:
#0 /var/www/html/vendor/codeigniter4/framework/system/Cache/CacheFactory.php(81): CodeIgniter\Cache\Handlers\RedisHandler->initialize()
#1 /var/www/html/vendor/codeigniter4/framework/system/Config/Services.php(129): CodeIgniter\Cache\CacheFactory::getHandler(Object(Config\Cache))
#2 /var/www/html/vendor/codeigniter4/framework/system/Config/BaseService.php(312): CodeIgniter\Config\Services::cache(Object(Config\Cache), false)
#3 /var/www/html/vendor/codeigniter4/framework/system/Config/BaseService.php(251): CodeIgniter\Config\BaseService::__callStatic('cache', Array)
#4 /var/www/html/vendor/codeigniter4/framework/system/Config/Services.php(124): CodeIgniter\Config\BaseService::getSharedInstance('cache', NULL)
#5 /var/www/html/vendor/codeigniter4/framework/system/Config/BaseService.php(321): CodeIgniter\Config\Services::cache()
#6 /var/www/html/vendor/codeigniter4/framework/system/Config/BaseService.php(202): CodeIgniter\Config\BaseService::__callStatic('cache', Array)
#7 /var/www/html/vendor/codeigniter4/framework/system/Config/Services.php(454): CodeIgniter\Config\BaseService::get('cache')
#8 /var/www/html/vendor/codeigniter4/framework/system/Config/BaseService.php(312): CodeIgniter\Config\Services::responsecache(Object(Config\Cache), NULL, false)
#9 /var/www/html/vendor/codeigniter4/framework/system/Config/BaseService.php(251): CodeIgniter\Config\BaseService::__callStatic('responsecache', Array)
#10 /var/www/html/vendor/codeigniter4/framework/system/Config/Services.php(450): CodeIgniter\Config\BaseService::getSharedInstance('responsecache', NULL, NULL)
#11 /var/www/html/vendor/codeigniter4/framework/system/Config/BaseService.php(321): CodeIgniter\Config\Services::responsecache()
#12 /var/www/html/vendor/codeigniter4/framework/system/CodeIgniter.php(179): CodeIgniter\Config\BaseService::__callStatic('responsecache', Array)
#13 /var/www/html/vendor/codeigniter4/framework/system/Config/Services.php(164): CodeIgniter\CodeIgniter->__construct(Object(Config\App))
#14 /var/www/html/vendor/codeigniter4/framework/system/Config/BaseService.php(321): CodeIgniter\Config\Services::codeigniter(Object(Config\App), false)
#15 /var/www/html/vendor/codeigniter4/framework/system/Config/BaseService.php(251): CodeIgniter\Config\BaseService::__callStatic('codeigniter', Array)
#16 /var/www/html/vendor/codeigniter4/framework/system/Config/Services.php(159): CodeIgniter\Config\BaseService::getSharedInstance('codeigniter', NULL)
#17 /var/www/html/vendor/codeigniter4/framework/system/Boot.php(311): CodeIgniter\Config\Services::codeigniter()
#18 /var/www/html/vendor/codeigniter4/framework/system/Boot.php(101): CodeIgniter\Boot::initializeCodeIgniter()
#19 /var/www/html/spark(84): CodeIgniter\Boot::bootSpark(Object(Config\Paths))
#20 {main} Resorting to using dummy handler.
ERROR - 2025-06-29 18:54:35 --> [Microsoft][ODBC Driver 18 for SQL Server][SQL Server]Invalid object name 'assist_pro_mf_disa.dbo.users'.
CRITICAL - 2025-06-29 18:58:28 --> CodeIgniter\Exceptions\CriticalError: Cache: RedisException occurred with message (Connection refused). in /var/www/html/vendor/codeigniter4/framework/system/Cache/Handlers/RedisHandler.php:101
Stack trace:
#0 /var/www/html/vendor/codeigniter4/framework/system/Cache/CacheFactory.php(81): CodeIgniter\Cache\Handlers\RedisHandler->initialize()
#1 /var/www/html/vendor/codeigniter4/framework/system/Config/Services.php(129): CodeIgniter\Cache\CacheFactory::getHandler(Object(Config\Cache))
#2 /var/www/html/vendor/codeigniter4/framework/system/Config/BaseService.php(312): CodeIgniter\Config\Services::cache(Object(Config\Cache), false)
#3 /var/www/html/vendor/codeigniter4/framework/system/Config/BaseService.php(251): CodeIgniter\Config\BaseService::__callStatic('cache', Array)
#4 /var/www/html/vendor/codeigniter4/framework/system/Config/Services.php(124): CodeIgniter\Config\BaseService::getSharedInstance('cache', NULL)
#5 /var/www/html/vendor/codeigniter4/framework/system/Config/BaseService.php(321): CodeIgniter\Config\Services::cache()
#6 /var/www/html/vendor/codeigniter4/framework/system/Config/BaseService.php(202): CodeIgniter\Config\BaseService::__callStatic('cache', Array)
#7 /var/www/html/vendor/codeigniter4/framework/system/Config/Services.php(454): CodeIgniter\Config\BaseService::get('cache')
#8 /var/www/html/vendor/codeigniter4/framework/system/Config/BaseService.php(312): CodeIgniter\Config\Services::responsecache(Object(Config\Cache), NULL, false)
#9 /var/www/html/vendor/codeigniter4/framework/system/Config/BaseService.php(251): CodeIgniter\Config\BaseService::__callStatic('responsecache', Array)
#10 /var/www/html/vendor/codeigniter4/framework/system/Config/Services.php(450): CodeIgniter\Config\BaseService::getSharedInstance('responsecache', NULL, NULL)
#11 /var/www/html/vendor/codeigniter4/framework/system/Config/BaseService.php(321): CodeIgniter\Config\Services::responsecache()
#12 /var/www/html/vendor/codeigniter4/framework/system/CodeIgniter.php(179): CodeIgniter\Config\BaseService::__callStatic('responsecache', Array)
#13 /var/www/html/vendor/codeigniter4/framework/system/Config/Services.php(164): CodeIgniter\CodeIgniter->__construct(Object(Config\App))
#14 /var/www/html/vendor/codeigniter4/framework/system/Config/BaseService.php(321): CodeIgniter\Config\Services::codeigniter(Object(Config\App), false)
#15 /var/www/html/vendor/codeigniter4/framework/system/Config/BaseService.php(251): CodeIgniter\Config\BaseService::__callStatic('codeigniter', Array)
#16 /var/www/html/vendor/codeigniter4/framework/system/Config/Services.php(159): CodeIgniter\Config\BaseService::getSharedInstance('codeigniter', NULL)
#17 /var/www/html/vendor/codeigniter4/framework/system/Boot.php(311): CodeIgniter\Config\Services::codeigniter()
#18 /var/www/html/vendor/codeigniter4/framework/system/Boot.php(101): CodeIgniter\Boot::initializeCodeIgniter()
#19 /var/www/html/spark(84): CodeIgniter\Boot::bootSpark(Object(Config\Paths))
#20 {main} Resorting to using dummy handler.
CRITICAL - 2025-06-29 18:59:51 --> CodeIgniter\Exceptions\CriticalError: Cache: RedisException occurred with message (Connection refused). in /var/www/html/vendor/codeigniter4/framework/system/Cache/Handlers/RedisHandler.php:101
Stack trace:
#0 /var/www/html/vendor/codeigniter4/framework/system/Cache/CacheFactory.php(81): CodeIgniter\Cache\Handlers\RedisHandler->initialize()
#1 /var/www/html/vendor/codeigniter4/framework/system/Config/Services.php(129): CodeIgniter\Cache\CacheFactory::getHandler(Object(Config\Cache))
#2 /var/www/html/vendor/codeigniter4/framework/system/Config/BaseService.php(312): CodeIgniter\Config\Services::cache(Object(Config\Cache), false)
#3 /var/www/html/vendor/codeigniter4/framework/system/Config/BaseService.php(251): CodeIgniter\Config\BaseService::__callStatic('cache', Array)
#4 /var/www/html/vendor/codeigniter4/framework/system/Config/Services.php(124): CodeIgniter\Config\BaseService::getSharedInstance('cache', NULL)
#5 /var/www/html/vendor/codeigniter4/framework/system/Config/BaseService.php(321): CodeIgniter\Config\Services::cache()
#6 /var/www/html/vendor/codeigniter4/framework/system/Config/BaseService.php(202): CodeIgniter\Config\BaseService::__callStatic('cache', Array)
#7 /var/www/html/vendor/codeigniter4/framework/system/Config/Services.php(454): CodeIgniter\Config\BaseService::get('cache')
#8 /var/www/html/vendor/codeigniter4/framework/system/Config/BaseService.php(312): CodeIgniter\Config\Services::responsecache(Object(Config\Cache), NULL, false)
#9 /var/www/html/vendor/codeigniter4/framework/system/Config/BaseService.php(251): CodeIgniter\Config\BaseService::__callStatic('responsecache', Array)
#10 /var/www/html/vendor/codeigniter4/framework/system/Config/Services.php(450): CodeIgniter\Config\BaseService::getSharedInstance('responsecache', NULL, NULL)
#11 /var/www/html/vendor/codeigniter4/framework/system/Config/BaseService.php(321): CodeIgniter\Config\Services::responsecache()
#12 /var/www/html/vendor/codeigniter4/framework/system/CodeIgniter.php(179): CodeIgniter\Config\BaseService::__callStatic('responsecache', Array)
#13 /var/www/html/vendor/codeigniter4/framework/system/Config/Services.php(164): CodeIgniter\CodeIgniter->__construct(Object(Config\App))
#14 /var/www/html/vendor/codeigniter4/framework/system/Config/BaseService.php(321): CodeIgniter\Config\Services::codeigniter(Object(Config\App), false)
#15 /var/www/html/vendor/codeigniter4/framework/system/Config/BaseService.php(251): CodeIgniter\Config\BaseService::__callStatic('codeigniter', Array)
#16 /var/www/html/vendor/codeigniter4/framework/system/Config/Services.php(159): CodeIgniter\Config\BaseService::getSharedInstance('codeigniter', NULL)
#17 /var/www/html/vendor/codeigniter4/framework/system/Boot.php(311): CodeIgniter\Config\Services::codeigniter()
#18 /var/www/html/vendor/codeigniter4/framework/system/Boot.php(101): CodeIgniter\Boot::initializeCodeIgniter()
#19 /var/www/html/spark(84): CodeIgniter\Boot::bootSpark(Object(Config\Paths))
#20 {main} Resorting to using dummy handler.
CRITICAL - 2025-06-29 19:00:12 --> CodeIgniter\Exceptions\CriticalError: Cache: RedisException occurred with message (Connection refused). in /var/www/html/vendor/codeigniter4/framework/system/Cache/Handlers/RedisHandler.php:101
Stack trace:
#0 /var/www/html/vendor/codeigniter4/framework/system/Cache/CacheFactory.php(81): CodeIgniter\Cache\Handlers\RedisHandler->initialize()
#1 /var/www/html/vendor/codeigniter4/framework/system/Config/Services.php(129): CodeIgniter\Cache\CacheFactory::getHandler(Object(Config\Cache))
#2 /var/www/html/vendor/codeigniter4/framework/system/Config/BaseService.php(312): CodeIgniter\Config\Services::cache(Object(Config\Cache), false)
#3 /var/www/html/vendor/codeigniter4/framework/system/Config/BaseService.php(251): CodeIgniter\Config\BaseService::__callStatic('cache', Array)
#4 /var/www/html/vendor/codeigniter4/framework/system/Config/Services.php(124): CodeIgniter\Config\BaseService::getSharedInstance('cache', NULL)
#5 /var/www/html/vendor/codeigniter4/framework/system/Config/BaseService.php(321): CodeIgniter\Config\Services::cache()
#6 /var/www/html/vendor/codeigniter4/framework/system/Config/BaseService.php(202): CodeIgniter\Config\BaseService::__callStatic('cache', Array)
#7 /var/www/html/vendor/codeigniter4/framework/system/Config/Services.php(454): CodeIgniter\Config\BaseService::get('cache')
#8 /var/www/html/vendor/codeigniter4/framework/system/Config/BaseService.php(312): CodeIgniter\Config\Services::responsecache(Object(Config\Cache), NULL, false)
#9 /var/www/html/vendor/codeigniter4/framework/system/Config/BaseService.php(251): CodeIgniter\Config\BaseService::__callStatic('responsecache', Array)
#10 /var/www/html/vendor/codeigniter4/framework/system/Config/Services.php(450): CodeIgniter\Config\BaseService::getSharedInstance('responsecache', NULL, NULL)
#11 /var/www/html/vendor/codeigniter4/framework/system/Config/BaseService.php(321): CodeIgniter\Config\Services::responsecache()
#12 /var/www/html/vendor/codeigniter4/framework/system/CodeIgniter.php(179): CodeIgniter\Config\BaseService::__callStatic('responsecache', Array)
#13 /var/www/html/vendor/codeigniter4/framework/system/Config/Services.php(164): CodeIgniter\CodeIgniter->__construct(Object(Config\App))
#14 /var/www/html/vendor/codeigniter4/framework/system/Config/BaseService.php(321): CodeIgniter\Config\Services::codeigniter(Object(Config\App), false)
#15 /var/www/html/vendor/codeigniter4/framework/system/Config/BaseService.php(251): CodeIgniter\Config\BaseService::__callStatic('codeigniter', Array)
#16 /var/www/html/vendor/codeigniter4/framework/system/Config/Services.php(159): CodeIgniter\Config\BaseService::getSharedInstance('codeigniter', NULL)
#17 /var/www/html/vendor/codeigniter4/framework/system/Boot.php(311): CodeIgniter\Config\Services::codeigniter()
#18 /var/www/html/vendor/codeigniter4/framework/system/Boot.php(101): CodeIgniter\Boot::initializeCodeIgniter()
#19 /var/www/html/spark(84): CodeIgniter\Boot::bootSpark(Object(Config\Paths))
#20 {main} Resorting to using dummy handler.
CRITICAL - 2025-06-29 19:00:48 --> CodeIgniter\Exceptions\CriticalError: Cache: RedisException occurred with message (Connection refused). in /var/www/html/vendor/codeigniter4/framework/system/Cache/Handlers/RedisHandler.php:101
Stack trace:
#0 /var/www/html/vendor/codeigniter4/framework/system/Cache/CacheFactory.php(81): CodeIgniter\Cache\Handlers\RedisHandler->initialize()
#1 /var/www/html/vendor/codeigniter4/framework/system/Config/Services.php(129): CodeIgniter\Cache\CacheFactory::getHandler(Object(Config\Cache))
#2 /var/www/html/vendor/codeigniter4/framework/system/Config/BaseService.php(312): CodeIgniter\Config\Services::cache(Object(Config\Cache), false)
#3 /var/www/html/vendor/codeigniter4/framework/system/Config/BaseService.php(251): CodeIgniter\Config\BaseService::__callStatic('cache', Array)
#4 /var/www/html/vendor/codeigniter4/framework/system/Config/Services.php(124): CodeIgniter\Config\BaseService::getSharedInstance('cache', NULL)
#5 /var/www/html/vendor/codeigniter4/framework/system/Config/BaseService.php(321): CodeIgniter\Config\Services::cache()
#6 /var/www/html/vendor/codeigniter4/framework/system/Config/BaseService.php(202): CodeIgniter\Config\BaseService::__callStatic('cache', Array)
#7 /var/www/html/vendor/codeigniter4/framework/system/Config/Services.php(454): CodeIgniter\Config\BaseService::get('cache')
#8 /var/www/html/vendor/codeigniter4/framework/system/Config/BaseService.php(312): CodeIgniter\Config\Services::responsecache(Object(Config\Cache), NULL, false)
#9 /var/www/html/vendor/codeigniter4/framework/system/Config/BaseService.php(251): CodeIgniter\Config\BaseService::__callStatic('responsecache', Array)
#10 /var/www/html/vendor/codeigniter4/framework/system/Config/Services.php(450): CodeIgniter\Config\BaseService::getSharedInstance('responsecache', NULL, NULL)
#11 /var/www/html/vendor/codeigniter4/framework/system/Config/BaseService.php(321): CodeIgniter\Config\Services::responsecache()
#12 /var/www/html/vendor/codeigniter4/framework/system/CodeIgniter.php(179): CodeIgniter\Config\BaseService::__callStatic('responsecache', Array)
#13 /var/www/html/vendor/codeigniter4/framework/system/Config/Services.php(164): CodeIgniter\CodeIgniter->__construct(Object(Config\App))
#14 /var/www/html/vendor/codeigniter4/framework/system/Config/BaseService.php(321): CodeIgniter\Config\Services::codeigniter(Object(Config\App), false)
#15 /var/www/html/vendor/codeigniter4/framework/system/Config/BaseService.php(251): CodeIgniter\Config\BaseService::__callStatic('codeigniter', Array)
#16 /var/www/html/vendor/codeigniter4/framework/system/Config/Services.php(159): CodeIgniter\Config\BaseService::getSharedInstance('codeigniter', NULL)
#17 /var/www/html/vendor/codeigniter4/framework/system/Boot.php(311): CodeIgniter\Config\Services::codeigniter()
#18 /var/www/html/vendor/codeigniter4/framework/system/Boot.php(66): CodeIgniter\Boot::initializeCodeIgniter()
#19 /var/www/html/public/index.php(56): CodeIgniter\Boot::bootWeb(Object(Config\Paths))
#20 {main} Resorting to using dummy handler.
CRITICAL - 2025-06-29 19:01:11 --> CodeIgniter\Exceptions\CriticalError: Cache: RedisException occurred with message (Connection refused). in /var/www/html/vendor/codeigniter4/framework/system/Cache/Handlers/RedisHandler.php:101
Stack trace:
#0 /var/www/html/vendor/codeigniter4/framework/system/Cache/CacheFactory.php(81): CodeIgniter\Cache\Handlers\RedisHandler->initialize()
#1 /var/www/html/vendor/codeigniter4/framework/system/Config/Services.php(129): CodeIgniter\Cache\CacheFactory::getHandler(Object(Config\Cache))
#2 /var/www/html/vendor/codeigniter4/framework/system/Config/BaseService.php(312): CodeIgniter\Config\Services::cache(Object(Config\Cache), false)
#3 /var/www/html/vendor/codeigniter4/framework/system/Config/BaseService.php(251): CodeIgniter\Config\BaseService::__callStatic('cache', Array)
#4 /var/www/html/vendor/codeigniter4/framework/system/Config/Services.php(124): CodeIgniter\Config\BaseService::getSharedInstance('cache', NULL)
#5 /var/www/html/vendor/codeigniter4/framework/system/Config/BaseService.php(321): CodeIgniter\Config\Services::cache()
#6 /var/www/html/vendor/codeigniter4/framework/system/Config/BaseService.php(202): CodeIgniter\Config\BaseService::__callStatic('cache', Array)
#7 /var/www/html/vendor/codeigniter4/framework/system/Config/Services.php(454): CodeIgniter\Config\BaseService::get('cache')
#8 /var/www/html/vendor/codeigniter4/framework/system/Config/BaseService.php(312): CodeIgniter\Config\Services::responsecache(Object(Config\Cache), NULL, false)
#9 /var/www/html/vendor/codeigniter4/framework/system/Config/BaseService.php(251): CodeIgniter\Config\BaseService::__callStatic('responsecache', Array)
#10 /var/www/html/vendor/codeigniter4/framework/system/Config/Services.php(450): CodeIgniter\Config\BaseService::getSharedInstance('responsecache', NULL, NULL)
#11 /var/www/html/vendor/codeigniter4/framework/system/Config/BaseService.php(321): CodeIgniter\Config\Services::responsecache()
#12 /var/www/html/vendor/codeigniter4/framework/system/CodeIgniter.php(179): CodeIgniter\Config\BaseService::__callStatic('responsecache', Array)
#13 /var/www/html/vendor/codeigniter4/framework/system/Config/Services.php(164): CodeIgniter\CodeIgniter->__construct(Object(Config\App))
#14 /var/www/html/vendor/codeigniter4/framework/system/Config/BaseService.php(321): CodeIgniter\Config\Services::codeigniter(Object(Config\App), false)
#15 /var/www/html/vendor/codeigniter4/framework/system/Config/BaseService.php(251): CodeIgniter\Config\BaseService::__callStatic('codeigniter', Array)
#16 /var/www/html/vendor/codeigniter4/framework/system/Config/Services.php(159): CodeIgniter\Config\BaseService::getSharedInstance('codeigniter', NULL)
#17 /var/www/html/vendor/codeigniter4/framework/system/Boot.php(311): CodeIgniter\Config\Services::codeigniter()
#18 /var/www/html/vendor/codeigniter4/framework/system/Boot.php(66): CodeIgniter\Boot::initializeCodeIgniter()
#19 /var/www/html/public/index.php(56): CodeIgniter\Boot::bootWeb(Object(Config\Paths))
#20 {main} Resorting to using dummy handler.
CRITICAL - 2025-06-29 19:01:38 --> CodeIgniter\Exceptions\CriticalError: Cache: RedisException occurred with message (Connection refused). in /var/www/html/vendor/codeigniter4/framework/system/Cache/Handlers/RedisHandler.php:101
Stack trace:
#0 /var/www/html/vendor/codeigniter4/framework/system/Cache/CacheFactory.php(81): CodeIgniter\Cache\Handlers\RedisHandler->initialize()
#1 /var/www/html/vendor/codeigniter4/framework/system/Config/Services.php(129): CodeIgniter\Cache\CacheFactory::getHandler(Object(Config\Cache))
#2 /var/www/html/vendor/codeigniter4/framework/system/Config/BaseService.php(312): CodeIgniter\Config\Services::cache(Object(Config\Cache), false)
#3 /var/www/html/vendor/codeigniter4/framework/system/Config/BaseService.php(251): CodeIgniter\Config\BaseService::__callStatic('cache', Array)
#4 /var/www/html/vendor/codeigniter4/framework/system/Config/Services.php(124): CodeIgniter\Config\BaseService::getSharedInstance('cache', NULL)
#5 /var/www/html/vendor/codeigniter4/framework/system/Config/BaseService.php(321): CodeIgniter\Config\Services::cache()
#6 /var/www/html/vendor/codeigniter4/framework/system/Config/BaseService.php(202): CodeIgniter\Config\BaseService::__callStatic('cache', Array)
#7 /var/www/html/vendor/codeigniter4/framework/system/Config/Services.php(454): CodeIgniter\Config\BaseService::get('cache')
#8 /var/www/html/vendor/codeigniter4/framework/system/Config/BaseService.php(312): CodeIgniter\Config\Services::responsecache(Object(Config\Cache), NULL, false)
#9 /var/www/html/vendor/codeigniter4/framework/system/Config/BaseService.php(251): CodeIgniter\Config\BaseService::__callStatic('responsecache', Array)
#10 /var/www/html/vendor/codeigniter4/framework/system/Config/Services.php(450): CodeIgniter\Config\BaseService::getSharedInstance('responsecache', NULL, NULL)
#11 /var/www/html/vendor/codeigniter4/framework/system/Config/BaseService.php(321): CodeIgniter\Config\Services::responsecache()
#12 /var/www/html/vendor/codeigniter4/framework/system/CodeIgniter.php(179): CodeIgniter\Config\BaseService::__callStatic('responsecache', Array)
#13 /var/www/html/vendor/codeigniter4/framework/system/Config/Services.php(164): CodeIgniter\CodeIgniter->__construct(Object(Config\App))
#14 /var/www/html/vendor/codeigniter4/framework/system/Config/BaseService.php(321): CodeIgniter\Config\Services::codeigniter(Object(Config\App), false)
#15 /var/www/html/vendor/codeigniter4/framework/system/Config/BaseService.php(251): CodeIgniter\Config\BaseService::__callStatic('codeigniter', Array)
#16 /var/www/html/vendor/codeigniter4/framework/system/Config/Services.php(159): CodeIgniter\Config\BaseService::getSharedInstance('codeigniter', NULL)
#17 /var/www/html/vendor/codeigniter4/framework/system/Boot.php(311): CodeIgniter\Config\Services::codeigniter()
#18 /var/www/html/vendor/codeigniter4/framework/system/Boot.php(66): CodeIgniter\Boot::initializeCodeIgniter()
#19 /var/www/html/public/index.php(56): CodeIgniter\Boot::bootWeb(Object(Config\Paths))
#20 {main} Resorting to using dummy handler.
CRITICAL - 2025-06-29 19:01:48 --> CodeIgniter\Exceptions\CriticalError: Cache: RedisException occurred with message (Connection refused). in /var/www/html/vendor/codeigniter4/framework/system/Cache/Handlers/RedisHandler.php:101
Stack trace:
#0 /var/www/html/vendor/codeigniter4/framework/system/Cache/CacheFactory.php(81): CodeIgniter\Cache\Handlers\RedisHandler->initialize()
#1 /var/www/html/vendor/codeigniter4/framework/system/Config/Services.php(129): CodeIgniter\Cache\CacheFactory::getHandler(Object(Config\Cache))
#2 /var/www/html/vendor/codeigniter4/framework/system/Config/BaseService.php(312): CodeIgniter\Config\Services::cache(Object(Config\Cache), false)
#3 /var/www/html/vendor/codeigniter4/framework/system/Config/BaseService.php(251): CodeIgniter\Config\BaseService::__callStatic('cache', Array)
#4 /var/www/html/vendor/codeigniter4/framework/system/Config/Services.php(124): CodeIgniter\Config\BaseService::getSharedInstance('cache', NULL)
#5 /var/www/html/vendor/codeigniter4/framework/system/Config/BaseService.php(321): CodeIgniter\Config\Services::cache()
#6 /var/www/html/vendor/codeigniter4/framework/system/Config/BaseService.php(202): CodeIgniter\Config\BaseService::__callStatic('cache', Array)
#7 /var/www/html/vendor/codeigniter4/framework/system/Config/Services.php(454): CodeIgniter\Config\BaseService::get('cache')
#8 /var/www/html/vendor/codeigniter4/framework/system/Config/BaseService.php(312): CodeIgniter\Config\Services::responsecache(Object(Config\Cache), NULL, false)
#9 /var/www/html/vendor/codeigniter4/framework/system/Config/BaseService.php(251): CodeIgniter\Config\BaseService::__callStatic('responsecache', Array)
#10 /var/www/html/vendor/codeigniter4/framework/system/Config/Services.php(450): CodeIgniter\Config\BaseService::getSharedInstance('responsecache', NULL, NULL)
#11 /var/www/html/vendor/codeigniter4/framework/system/Config/BaseService.php(321): CodeIgniter\Config\Services::responsecache()
#12 /var/www/html/vendor/codeigniter4/framework/system/CodeIgniter.php(179): CodeIgniter\Config\BaseService::__callStatic('responsecache', Array)
#13 /var/www/html/vendor/codeigniter4/framework/system/Config/Services.php(164): CodeIgniter\CodeIgniter->__construct(Object(Config\App))
#14 /var/www/html/vendor/codeigniter4/framework/system/Config/BaseService.php(321): CodeIgniter\Config\Services::codeigniter(Object(Config\App), false)
#15 /var/www/html/vendor/codeigniter4/framework/system/Config/BaseService.php(251): CodeIgniter\Config\BaseService::__callStatic('codeigniter', Array)
#16 /var/www/html/vendor/codeigniter4/framework/system/Config/Services.php(159): CodeIgniter\Config\BaseService::getSharedInstance('codeigniter', NULL)
#17 /var/www/html/vendor/codeigniter4/framework/system/Boot.php(311): CodeIgniter\Config\Services::codeigniter()
#18 /var/www/html/vendor/codeigniter4/framework/system/Boot.php(66): CodeIgniter\Boot::initializeCodeIgniter()
#19 /var/www/html/public/index.php(56): CodeIgniter\Boot::bootWeb(Object(Config\Paths))
#20 {main} Resorting to using dummy handler.
CRITICAL - 2025-06-29 19:02:08 --> CodeIgniter\Exceptions\CriticalError: Cache: RedisException occurred with message (Connection refused). in /var/www/html/vendor/codeigniter4/framework/system/Cache/Handlers/RedisHandler.php:101
Stack trace:
#0 /var/www/html/vendor/codeigniter4/framework/system/Cache/CacheFactory.php(81): CodeIgniter\Cache\Handlers\RedisHandler->initialize()
#1 /var/www/html/vendor/codeigniter4/framework/system/Config/Services.php(129): CodeIgniter\Cache\CacheFactory::getHandler(Object(Config\Cache))
#2 /var/www/html/vendor/codeigniter4/framework/system/Config/BaseService.php(312): CodeIgniter\Config\Services::cache(Object(Config\Cache), false)
#3 /var/www/html/vendor/codeigniter4/framework/system/Config/BaseService.php(251): CodeIgniter\Config\BaseService::__callStatic('cache', Array)
#4 /var/www/html/vendor/codeigniter4/framework/system/Config/Services.php(124): CodeIgniter\Config\BaseService::getSharedInstance('cache', NULL)
#5 /var/www/html/vendor/codeigniter4/framework/system/Config/BaseService.php(321): CodeIgniter\Config\Services::cache()
#6 /var/www/html/vendor/codeigniter4/framework/system/Config/BaseService.php(202): CodeIgniter\Config\BaseService::__callStatic('cache', Array)
#7 /var/www/html/vendor/codeigniter4/framework/system/Config/Services.php(454): CodeIgniter\Config\BaseService::get('cache')
#8 /var/www/html/vendor/codeigniter4/framework/system/Config/BaseService.php(312): CodeIgniter\Config\Services::responsecache(Object(Config\Cache), NULL, false)
#9 /var/www/html/vendor/codeigniter4/framework/system/Config/BaseService.php(251): CodeIgniter\Config\BaseService::__callStatic('responsecache', Array)
#10 /var/www/html/vendor/codeigniter4/framework/system/Config/Services.php(450): CodeIgniter\Config\BaseService::getSharedInstance('responsecache', NULL, NULL)
#11 /var/www/html/vendor/codeigniter4/framework/system/Config/BaseService.php(321): CodeIgniter\Config\Services::responsecache()
#12 /var/www/html/vendor/codeigniter4/framework/system/CodeIgniter.php(179): CodeIgniter\Config\BaseService::__callStatic('responsecache', Array)
#13 /var/www/html/vendor/codeigniter4/framework/system/Config/Services.php(164): CodeIgniter\CodeIgniter->__construct(Object(Config\App))
#14 /var/www/html/vendor/codeigniter4/framework/system/Config/BaseService.php(321): CodeIgniter\Config\Services::codeigniter(Object(Config\App), false)
#15 /var/www/html/vendor/codeigniter4/framework/system/Config/BaseService.php(251): CodeIgniter\Config\BaseService::__callStatic('codeigniter', Array)
#16 /var/www/html/vendor/codeigniter4/framework/system/Config/Services.php(159): CodeIgniter\Config\BaseService::getSharedInstance('codeigniter', NULL)
#17 /var/www/html/vendor/codeigniter4/framework/system/Boot.php(311): CodeIgniter\Config\Services::codeigniter()
#18 /var/www/html/vendor/codeigniter4/framework/system/Boot.php(66): CodeIgniter\Boot::initializeCodeIgniter()
#19 /var/www/html/public/index.php(56): CodeIgniter\Boot::bootWeb(Object(Config\Paths))
#20 {main} Resorting to using dummy handler.
