CRITICAL - 2025-04-28 03:49:15 --> CodeIgniter\Exceptions\CriticalError: Cache: RedisException occurred with message (Connection refused). in /var/www/html/vendor/codeigniter4/framework/system/Cache/Handlers/RedisHandler.php:101
Stack trace:
#0 /var/www/html/vendor/codeigniter4/framework/system/Cache/CacheFactory.php(81): CodeIgniter\Cache\Handlers\RedisHandler->initialize()
#1 /var/www/html/vendor/codeigniter4/framework/system/Config/Services.php(129): CodeIgniter\Cache\CacheFactory::getHandler(Object(Config\Cache))
#2 /var/www/html/vendor/codeigniter4/framework/system/Config/BaseService.php(312): CodeIgniter\Config\Services::cache(Object(Config\Cache), false)
#3 /var/www/html/vendor/codeigniter4/framework/system/Config/BaseService.php(251): CodeIgniter\Config\BaseService::__callStatic('cache', Array)
#4 /var/www/html/vendor/codeigniter4/framework/system/Config/Services.php(124): CodeIgniter\Config\BaseService::getSharedInstance('cache', NULL)
#5 /var/www/html/vendor/codeigniter4/framework/system/Config/BaseService.php(321): CodeIgniter\Config\Services::cache()
#6 /var/www/html/vendor/codeigniter4/framework/system/Config/BaseService.php(202): CodeIgniter\Config\BaseService::__callStatic('cache', Array)
#7 /var/www/html/vendor/codeigniter4/framework/system/Config/Services.php(454): CodeIgniter\Config\BaseService::get('cache')
#8 /var/www/html/vendor/codeigniter4/framework/system/Config/BaseService.php(312): CodeIgniter\Config\Services::responsecache(Object(Config\Cache), NULL, false)
#9 /var/www/html/vendor/codeigniter4/framework/system/Config/BaseService.php(251): CodeIgniter\Config\BaseService::__callStatic('responsecache', Array)
#10 /var/www/html/vendor/codeigniter4/framework/system/Config/Services.php(450): CodeIgniter\Config\BaseService::getSharedInstance('responsecache', NULL, NULL)
#11 /var/www/html/vendor/codeigniter4/framework/system/Config/BaseService.php(321): CodeIgniter\Config\Services::responsecache()
#12 /var/www/html/vendor/codeigniter4/framework/system/CodeIgniter.php(179): CodeIgniter\Config\BaseService::__callStatic('responsecache', Array)
#13 /var/www/html/vendor/codeigniter4/framework/system/Config/Services.php(164): CodeIgniter\CodeIgniter->__construct(Object(Config\App))
#14 /var/www/html/vendor/codeigniter4/framework/system/Config/BaseService.php(321): CodeIgniter\Config\Services::codeigniter(Object(Config\App), false)
#15 /var/www/html/vendor/codeigniter4/framework/system/Config/BaseService.php(251): CodeIgniter\Config\BaseService::__callStatic('codeigniter', Array)
#16 /var/www/html/vendor/codeigniter4/framework/system/Config/Services.php(159): CodeIgniter\Config\BaseService::getSharedInstance('codeigniter', NULL)
#17 /var/www/html/vendor/codeigniter4/framework/system/Boot.php(311): CodeIgniter\Config\Services::codeigniter()
#18 /var/www/html/vendor/codeigniter4/framework/system/Boot.php(66): CodeIgniter\Boot::initializeCodeIgniter()
#19 /var/www/html/public/index.php(56): CodeIgniter\Boot::bootWeb(Object(Config\Paths))
#20 {main} Resorting to using dummy handler.
CRITICAL - 2025-04-28 03:49:15 --> CodeIgniter\Exceptions\CriticalError: Cache: RedisException occurred with message (Connection refused). in /var/www/html/vendor/codeigniter4/framework/system/Cache/Handlers/RedisHandler.php:101
Stack trace:
#0 /var/www/html/vendor/codeigniter4/framework/system/Cache/CacheFactory.php(81): CodeIgniter\Cache\Handlers\RedisHandler->initialize()
#1 /var/www/html/vendor/codeigniter4/framework/system/Config/Services.php(129): CodeIgniter\Cache\CacheFactory::getHandler(Object(Config\Cache))
#2 /var/www/html/vendor/codeigniter4/framework/system/Config/BaseService.php(312): CodeIgniter\Config\Services::cache(Object(Config\Cache), false)
#3 /var/www/html/vendor/codeigniter4/framework/system/Config/BaseService.php(251): CodeIgniter\Config\BaseService::__callStatic('cache', Array)
#4 /var/www/html/vendor/codeigniter4/framework/system/Config/Services.php(124): CodeIgniter\Config\BaseService::getSharedInstance('cache', NULL)
#5 /var/www/html/vendor/codeigniter4/framework/system/Config/BaseService.php(321): CodeIgniter\Config\Services::cache()
#6 /var/www/html/vendor/codeigniter4/framework/system/Config/BaseService.php(202): CodeIgniter\Config\BaseService::__callStatic('cache', Array)
#7 /var/www/html/vendor/codeigniter4/framework/system/Config/Services.php(454): CodeIgniter\Config\BaseService::get('cache')
#8 /var/www/html/vendor/codeigniter4/framework/system/Config/BaseService.php(312): CodeIgniter\Config\Services::responsecache(Object(Config\Cache), NULL, false)
#9 /var/www/html/vendor/codeigniter4/framework/system/Config/BaseService.php(251): CodeIgniter\Config\BaseService::__callStatic('responsecache', Array)
#10 /var/www/html/vendor/codeigniter4/framework/system/Config/Services.php(450): CodeIgniter\Config\BaseService::getSharedInstance('responsecache', NULL, NULL)
#11 /var/www/html/vendor/codeigniter4/framework/system/Config/BaseService.php(321): CodeIgniter\Config\Services::responsecache()
#12 /var/www/html/vendor/codeigniter4/framework/system/CodeIgniter.php(179): CodeIgniter\Config\BaseService::__callStatic('responsecache', Array)
#13 /var/www/html/vendor/codeigniter4/framework/system/Config/Services.php(164): CodeIgniter\CodeIgniter->__construct(Object(Config\App))
#14 /var/www/html/vendor/codeigniter4/framework/system/Config/BaseService.php(321): CodeIgniter\Config\Services::codeigniter(Object(Config\App), false)
#15 /var/www/html/vendor/codeigniter4/framework/system/Config/BaseService.php(251): CodeIgniter\Config\BaseService::__callStatic('codeigniter', Array)
#16 /var/www/html/vendor/codeigniter4/framework/system/Config/Services.php(159): CodeIgniter\Config\BaseService::getSharedInstance('codeigniter', NULL)
#17 /var/www/html/vendor/codeigniter4/framework/system/Boot.php(311): CodeIgniter\Config\Services::codeigniter()
#18 /var/www/html/vendor/codeigniter4/framework/system/Boot.php(66): CodeIgniter\Boot::initializeCodeIgniter()
#19 /var/www/html/public/index.php(56): CodeIgniter\Boot::bootWeb(Object(Config\Paths))
#20 {main} Resorting to using dummy handler.
CRITICAL - 2025-04-28 03:49:16 --> CodeIgniter\Exceptions\CriticalError: Cache: RedisException occurred with message (Connection refused). in /var/www/html/vendor/codeigniter4/framework/system/Cache/Handlers/RedisHandler.php:101
Stack trace:
#0 /var/www/html/vendor/codeigniter4/framework/system/Cache/CacheFactory.php(81): CodeIgniter\Cache\Handlers\RedisHandler->initialize()
#1 /var/www/html/vendor/codeigniter4/framework/system/Config/Services.php(129): CodeIgniter\Cache\CacheFactory::getHandler(Object(Config\Cache))
#2 /var/www/html/vendor/codeigniter4/framework/system/Config/BaseService.php(312): CodeIgniter\Config\Services::cache(Object(Config\Cache), false)
#3 /var/www/html/vendor/codeigniter4/framework/system/Config/BaseService.php(251): CodeIgniter\Config\BaseService::__callStatic('cache', Array)
#4 /var/www/html/vendor/codeigniter4/framework/system/Config/Services.php(124): CodeIgniter\Config\BaseService::getSharedInstance('cache', NULL)
#5 /var/www/html/vendor/codeigniter4/framework/system/Config/BaseService.php(321): CodeIgniter\Config\Services::cache()
#6 /var/www/html/vendor/codeigniter4/framework/system/Config/BaseService.php(202): CodeIgniter\Config\BaseService::__callStatic('cache', Array)
#7 /var/www/html/vendor/codeigniter4/framework/system/Config/Services.php(454): CodeIgniter\Config\BaseService::get('cache')
#8 /var/www/html/vendor/codeigniter4/framework/system/Config/BaseService.php(312): CodeIgniter\Config\Services::responsecache(Object(Config\Cache), NULL, false)
#9 /var/www/html/vendor/codeigniter4/framework/system/Config/BaseService.php(251): CodeIgniter\Config\BaseService::__callStatic('responsecache', Array)
#10 /var/www/html/vendor/codeigniter4/framework/system/Config/Services.php(450): CodeIgniter\Config\BaseService::getSharedInstance('responsecache', NULL, NULL)
#11 /var/www/html/vendor/codeigniter4/framework/system/Config/BaseService.php(321): CodeIgniter\Config\Services::responsecache()
#12 /var/www/html/vendor/codeigniter4/framework/system/CodeIgniter.php(179): CodeIgniter\Config\BaseService::__callStatic('responsecache', Array)
#13 /var/www/html/vendor/codeigniter4/framework/system/Config/Services.php(164): CodeIgniter\CodeIgniter->__construct(Object(Config\App))
#14 /var/www/html/vendor/codeigniter4/framework/system/Config/BaseService.php(321): CodeIgniter\Config\Services::codeigniter(Object(Config\App), false)
#15 /var/www/html/vendor/codeigniter4/framework/system/Config/BaseService.php(251): CodeIgniter\Config\BaseService::__callStatic('codeigniter', Array)
#16 /var/www/html/vendor/codeigniter4/framework/system/Config/Services.php(159): CodeIgniter\Config\BaseService::getSharedInstance('codeigniter', NULL)
#17 /var/www/html/vendor/codeigniter4/framework/system/Boot.php(311): CodeIgniter\Config\Services::codeigniter()
#18 /var/www/html/vendor/codeigniter4/framework/system/Boot.php(66): CodeIgniter\Boot::initializeCodeIgniter()
#19 /var/www/html/public/index.php(56): CodeIgniter\Boot::bootWeb(Object(Config\Paths))
#20 {main} Resorting to using dummy handler.
CRITICAL - 2025-04-28 03:49:16 --> CodeIgniter\Exceptions\CriticalError: Cache: RedisException occurred with message (Connection refused). in /var/www/html/vendor/codeigniter4/framework/system/Cache/Handlers/RedisHandler.php:101
Stack trace:
#0 /var/www/html/vendor/codeigniter4/framework/system/Cache/CacheFactory.php(81): CodeIgniter\Cache\Handlers\RedisHandler->initialize()
#1 /var/www/html/vendor/codeigniter4/framework/system/Config/Services.php(129): CodeIgniter\Cache\CacheFactory::getHandler(Object(Config\Cache))
#2 /var/www/html/vendor/codeigniter4/framework/system/Config/BaseService.php(312): CodeIgniter\Config\Services::cache(Object(Config\Cache), false)
#3 /var/www/html/vendor/codeigniter4/framework/system/Config/BaseService.php(251): CodeIgniter\Config\BaseService::__callStatic('cache', Array)
#4 /var/www/html/vendor/codeigniter4/framework/system/Config/Services.php(124): CodeIgniter\Config\BaseService::getSharedInstance('cache', NULL)
#5 /var/www/html/vendor/codeigniter4/framework/system/Config/BaseService.php(321): CodeIgniter\Config\Services::cache()
#6 /var/www/html/vendor/codeigniter4/framework/system/Config/BaseService.php(202): CodeIgniter\Config\BaseService::__callStatic('cache', Array)
#7 /var/www/html/vendor/codeigniter4/framework/system/Config/Services.php(454): CodeIgniter\Config\BaseService::get('cache')
#8 /var/www/html/vendor/codeigniter4/framework/system/Config/BaseService.php(312): CodeIgniter\Config\Services::responsecache(Object(Config\Cache), NULL, false)
#9 /var/www/html/vendor/codeigniter4/framework/system/Config/BaseService.php(251): CodeIgniter\Config\BaseService::__callStatic('responsecache', Array)
#10 /var/www/html/vendor/codeigniter4/framework/system/Config/Services.php(450): CodeIgniter\Config\BaseService::getSharedInstance('responsecache', NULL, NULL)
#11 /var/www/html/vendor/codeigniter4/framework/system/Config/BaseService.php(321): CodeIgniter\Config\Services::responsecache()
#12 /var/www/html/vendor/codeigniter4/framework/system/CodeIgniter.php(179): CodeIgniter\Config\BaseService::__callStatic('responsecache', Array)
#13 /var/www/html/vendor/codeigniter4/framework/system/Config/Services.php(164): CodeIgniter\CodeIgniter->__construct(Object(Config\App))
#14 /var/www/html/vendor/codeigniter4/framework/system/Config/BaseService.php(321): CodeIgniter\Config\Services::codeigniter(Object(Config\App), false)
#15 /var/www/html/vendor/codeigniter4/framework/system/Config/BaseService.php(251): CodeIgniter\Config\BaseService::__callStatic('codeigniter', Array)
#16 /var/www/html/vendor/codeigniter4/framework/system/Config/Services.php(159): CodeIgniter\Config\BaseService::getSharedInstance('codeigniter', NULL)
#17 /var/www/html/vendor/codeigniter4/framework/system/Boot.php(311): CodeIgniter\Config\Services::codeigniter()
#18 /var/www/html/vendor/codeigniter4/framework/system/Boot.php(66): CodeIgniter\Boot::initializeCodeIgniter()
#19 /var/www/html/public/index.php(56): CodeIgniter\Boot::bootWeb(Object(Config\Paths))
#20 {main} Resorting to using dummy handler.
CRITICAL - 2025-04-28 03:49:16 --> CodeIgniter\Exceptions\CriticalError: Cache: RedisException occurred with message (Connection refused). in /var/www/html/vendor/codeigniter4/framework/system/Cache/Handlers/RedisHandler.php:101
Stack trace:
#0 /var/www/html/vendor/codeigniter4/framework/system/Cache/CacheFactory.php(81): CodeIgniter\Cache\Handlers\RedisHandler->initialize()
#1 /var/www/html/vendor/codeigniter4/framework/system/Config/Services.php(129): CodeIgniter\Cache\CacheFactory::getHandler(Object(Config\Cache))
#2 /var/www/html/vendor/codeigniter4/framework/system/Config/BaseService.php(312): CodeIgniter\Config\Services::cache(Object(Config\Cache), false)
#3 /var/www/html/vendor/codeigniter4/framework/system/Config/BaseService.php(251): CodeIgniter\Config\BaseService::__callStatic('cache', Array)
#4 /var/www/html/vendor/codeigniter4/framework/system/Config/Services.php(124): CodeIgniter\Config\BaseService::getSharedInstance('cache', NULL)
#5 /var/www/html/vendor/codeigniter4/framework/system/Config/BaseService.php(321): CodeIgniter\Config\Services::cache()
#6 /var/www/html/vendor/codeigniter4/framework/system/Config/BaseService.php(202): CodeIgniter\Config\BaseService::__callStatic('cache', Array)
#7 /var/www/html/vendor/codeigniter4/framework/system/Config/Services.php(454): CodeIgniter\Config\BaseService::get('cache')
#8 /var/www/html/vendor/codeigniter4/framework/system/Config/BaseService.php(312): CodeIgniter\Config\Services::responsecache(Object(Config\Cache), NULL, false)
#9 /var/www/html/vendor/codeigniter4/framework/system/Config/BaseService.php(251): CodeIgniter\Config\BaseService::__callStatic('responsecache', Array)
#10 /var/www/html/vendor/codeigniter4/framework/system/Config/Services.php(450): CodeIgniter\Config\BaseService::getSharedInstance('responsecache', NULL, NULL)
#11 /var/www/html/vendor/codeigniter4/framework/system/Config/BaseService.php(321): CodeIgniter\Config\Services::responsecache()
#12 /var/www/html/vendor/codeigniter4/framework/system/CodeIgniter.php(179): CodeIgniter\Config\BaseService::__callStatic('responsecache', Array)
#13 /var/www/html/vendor/codeigniter4/framework/system/Config/Services.php(164): CodeIgniter\CodeIgniter->__construct(Object(Config\App))
#14 /var/www/html/vendor/codeigniter4/framework/system/Config/BaseService.php(321): CodeIgniter\Config\Services::codeigniter(Object(Config\App), false)
#15 /var/www/html/vendor/codeigniter4/framework/system/Config/BaseService.php(251): CodeIgniter\Config\BaseService::__callStatic('codeigniter', Array)
#16 /var/www/html/vendor/codeigniter4/framework/system/Config/Services.php(159): CodeIgniter\Config\BaseService::getSharedInstance('codeigniter', NULL)
#17 /var/www/html/vendor/codeigniter4/framework/system/Boot.php(311): CodeIgniter\Config\Services::codeigniter()
#18 /var/www/html/vendor/codeigniter4/framework/system/Boot.php(66): CodeIgniter\Boot::initializeCodeIgniter()
#19 /var/www/html/public/index.php(56): CodeIgniter\Boot::bootWeb(Object(Config\Paths))
#20 {main} Resorting to using dummy handler.
CRITICAL - 2025-04-28 03:49:16 --> CodeIgniter\Exceptions\CriticalError: Cache: RedisException occurred with message (Connection refused). in /var/www/html/vendor/codeigniter4/framework/system/Cache/Handlers/RedisHandler.php:101
Stack trace:
#0 /var/www/html/vendor/codeigniter4/framework/system/Cache/CacheFactory.php(81): CodeIgniter\Cache\Handlers\RedisHandler->initialize()
#1 /var/www/html/vendor/codeigniter4/framework/system/Config/Services.php(129): CodeIgniter\Cache\CacheFactory::getHandler(Object(Config\Cache))
#2 /var/www/html/vendor/codeigniter4/framework/system/Config/BaseService.php(312): CodeIgniter\Config\Services::cache(Object(Config\Cache), false)
#3 /var/www/html/vendor/codeigniter4/framework/system/Config/BaseService.php(251): CodeIgniter\Config\BaseService::__callStatic('cache', Array)
#4 /var/www/html/vendor/codeigniter4/framework/system/Config/Services.php(124): CodeIgniter\Config\BaseService::getSharedInstance('cache', NULL)
#5 /var/www/html/vendor/codeigniter4/framework/system/Config/BaseService.php(321): CodeIgniter\Config\Services::cache()
#6 /var/www/html/vendor/codeigniter4/framework/system/Config/BaseService.php(202): CodeIgniter\Config\BaseService::__callStatic('cache', Array)
#7 /var/www/html/vendor/codeigniter4/framework/system/Config/Services.php(454): CodeIgniter\Config\BaseService::get('cache')
#8 /var/www/html/vendor/codeigniter4/framework/system/Config/BaseService.php(312): CodeIgniter\Config\Services::responsecache(Object(Config\Cache), NULL, false)
#9 /var/www/html/vendor/codeigniter4/framework/system/Config/BaseService.php(251): CodeIgniter\Config\BaseService::__callStatic('responsecache', Array)
#10 /var/www/html/vendor/codeigniter4/framework/system/Config/Services.php(450): CodeIgniter\Config\BaseService::getSharedInstance('responsecache', NULL, NULL)
#11 /var/www/html/vendor/codeigniter4/framework/system/Config/BaseService.php(321): CodeIgniter\Config\Services::responsecache()
#12 /var/www/html/vendor/codeigniter4/framework/system/CodeIgniter.php(179): CodeIgniter\Config\BaseService::__callStatic('responsecache', Array)
#13 /var/www/html/vendor/codeigniter4/framework/system/Config/Services.php(164): CodeIgniter\CodeIgniter->__construct(Object(Config\App))
#14 /var/www/html/vendor/codeigniter4/framework/system/Config/BaseService.php(321): CodeIgniter\Config\Services::codeigniter(Object(Config\App), false)
#15 /var/www/html/vendor/codeigniter4/framework/system/Config/BaseService.php(251): CodeIgniter\Config\BaseService::__callStatic('codeigniter', Array)
#16 /var/www/html/vendor/codeigniter4/framework/system/Config/Services.php(159): CodeIgniter\Config\BaseService::getSharedInstance('codeigniter', NULL)
#17 /var/www/html/vendor/codeigniter4/framework/system/Boot.php(311): CodeIgniter\Config\Services::codeigniter()
#18 /var/www/html/vendor/codeigniter4/framework/system/Boot.php(66): CodeIgniter\Boot::initializeCodeIgniter()
#19 /var/www/html/public/index.php(56): CodeIgniter\Boot::bootWeb(Object(Config\Paths))
#20 {main} Resorting to using dummy handler.
INFO - 2025-04-28 03:49:28 --> Session: Class initialized using 'CodeIgniter\Session\Handlers\FileHandler' driver.
INFO - 2025-04-28 03:49:28 --> Session: Class initialized using 'CodeIgniter\Session\Handlers\FileHandler' driver.
INFO - 2025-04-28 03:49:28 --> Session: Class initialized using 'CodeIgniter\Session\Handlers\FileHandler' driver.
CRITICAL - 2025-04-28 03:49:35 --> CodeIgniter\Exceptions\CriticalError: Cache: RedisException occurred with message (Connection refused). in /var/www/html/vendor/codeigniter4/framework/system/Cache/Handlers/RedisHandler.php:101
Stack trace:
#0 /var/www/html/vendor/codeigniter4/framework/system/Cache/CacheFactory.php(81): CodeIgniter\Cache\Handlers\RedisHandler->initialize()
#1 /var/www/html/vendor/codeigniter4/framework/system/Config/Services.php(129): CodeIgniter\Cache\CacheFactory::getHandler(Object(Config\Cache))
#2 /var/www/html/vendor/codeigniter4/framework/system/Config/BaseService.php(312): CodeIgniter\Config\Services::cache(Object(Config\Cache), false)
#3 /var/www/html/vendor/codeigniter4/framework/system/Config/BaseService.php(251): CodeIgniter\Config\BaseService::__callStatic('cache', Array)
#4 /var/www/html/vendor/codeigniter4/framework/system/Config/Services.php(124): CodeIgniter\Config\BaseService::getSharedInstance('cache', NULL)
#5 /var/www/html/vendor/codeigniter4/framework/system/Config/BaseService.php(321): CodeIgniter\Config\Services::cache()
#6 /var/www/html/vendor/codeigniter4/framework/system/Config/BaseService.php(202): CodeIgniter\Config\BaseService::__callStatic('cache', Array)
#7 /var/www/html/vendor/codeigniter4/framework/system/Config/Services.php(454): CodeIgniter\Config\BaseService::get('cache')
#8 /var/www/html/vendor/codeigniter4/framework/system/Config/BaseService.php(312): CodeIgniter\Config\Services::responsecache(Object(Config\Cache), NULL, false)
#9 /var/www/html/vendor/codeigniter4/framework/system/Config/BaseService.php(251): CodeIgniter\Config\BaseService::__callStatic('responsecache', Array)
#10 /var/www/html/vendor/codeigniter4/framework/system/Config/Services.php(450): CodeIgniter\Config\BaseService::getSharedInstance('responsecache', NULL, NULL)
#11 /var/www/html/vendor/codeigniter4/framework/system/Config/BaseService.php(321): CodeIgniter\Config\Services::responsecache()
#12 /var/www/html/vendor/codeigniter4/framework/system/CodeIgniter.php(179): CodeIgniter\Config\BaseService::__callStatic('responsecache', Array)
#13 /var/www/html/vendor/codeigniter4/framework/system/Config/Services.php(164): CodeIgniter\CodeIgniter->__construct(Object(Config\App))
#14 /var/www/html/vendor/codeigniter4/framework/system/Config/BaseService.php(321): CodeIgniter\Config\Services::codeigniter(Object(Config\App), false)
#15 /var/www/html/vendor/codeigniter4/framework/system/Config/BaseService.php(251): CodeIgniter\Config\BaseService::__callStatic('codeigniter', Array)
#16 /var/www/html/vendor/codeigniter4/framework/system/Config/Services.php(159): CodeIgniter\Config\BaseService::getSharedInstance('codeigniter', NULL)
#17 /var/www/html/vendor/codeigniter4/framework/system/Boot.php(311): CodeIgniter\Config\Services::codeigniter()
#18 /var/www/html/vendor/codeigniter4/framework/system/Boot.php(66): CodeIgniter\Boot::initializeCodeIgniter()
#19 /var/www/html/public/index.php(56): CodeIgniter\Boot::bootWeb(Object(Config\Paths))
#20 {main} Resorting to using dummy handler.
CRITICAL - 2025-04-28 03:49:35 --> CodeIgniter\Exceptions\CriticalError: Cache: RedisException occurred with message (Connection refused). in /var/www/html/vendor/codeigniter4/framework/system/Cache/Handlers/RedisHandler.php:101
Stack trace:
#0 /var/www/html/vendor/codeigniter4/framework/system/Cache/CacheFactory.php(81): CodeIgniter\Cache\Handlers\RedisHandler->initialize()
#1 /var/www/html/vendor/codeigniter4/framework/system/Config/Services.php(129): CodeIgniter\Cache\CacheFactory::getHandler(Object(Config\Cache))
#2 /var/www/html/vendor/codeigniter4/framework/system/Config/BaseService.php(312): CodeIgniter\Config\Services::cache(Object(Config\Cache), false)
#3 /var/www/html/vendor/codeigniter4/framework/system/Config/BaseService.php(251): CodeIgniter\Config\BaseService::__callStatic('cache', Array)
#4 /var/www/html/vendor/codeigniter4/framework/system/Config/Services.php(124): CodeIgniter\Config\BaseService::getSharedInstance('cache', NULL)
#5 /var/www/html/vendor/codeigniter4/framework/system/Config/BaseService.php(321): CodeIgniter\Config\Services::cache()
#6 /var/www/html/vendor/codeigniter4/framework/system/Config/BaseService.php(202): CodeIgniter\Config\BaseService::__callStatic('cache', Array)
#7 /var/www/html/vendor/codeigniter4/framework/system/Config/Services.php(454): CodeIgniter\Config\BaseService::get('cache')
#8 /var/www/html/vendor/codeigniter4/framework/system/Config/BaseService.php(312): CodeIgniter\Config\Services::responsecache(Object(Config\Cache), NULL, false)
#9 /var/www/html/vendor/codeigniter4/framework/system/Config/BaseService.php(251): CodeIgniter\Config\BaseService::__callStatic('responsecache', Array)
#10 /var/www/html/vendor/codeigniter4/framework/system/Config/Services.php(450): CodeIgniter\Config\BaseService::getSharedInstance('responsecache', NULL, NULL)
#11 /var/www/html/vendor/codeigniter4/framework/system/Config/BaseService.php(321): CodeIgniter\Config\Services::responsecache()
#12 /var/www/html/vendor/codeigniter4/framework/system/CodeIgniter.php(179): CodeIgniter\Config\BaseService::__callStatic('responsecache', Array)
#13 /var/www/html/vendor/codeigniter4/framework/system/Config/Services.php(164): CodeIgniter\CodeIgniter->__construct(Object(Config\App))
#14 /var/www/html/vendor/codeigniter4/framework/system/Config/BaseService.php(321): CodeIgniter\Config\Services::codeigniter(Object(Config\App), false)
#15 /var/www/html/vendor/codeigniter4/framework/system/Config/BaseService.php(251): CodeIgniter\Config\BaseService::__callStatic('codeigniter', Array)
#16 /var/www/html/vendor/codeigniter4/framework/system/Config/Services.php(159): CodeIgniter\Config\BaseService::getSharedInstance('codeigniter', NULL)
#17 /var/www/html/vendor/codeigniter4/framework/system/Boot.php(311): CodeIgniter\Config\Services::codeigniter()
#18 /var/www/html/vendor/codeigniter4/framework/system/Boot.php(66): CodeIgniter\Boot::initializeCodeIgniter()
#19 /var/www/html/public/index.php(56): CodeIgniter\Boot::bootWeb(Object(Config\Paths))
#20 {main} Resorting to using dummy handler.
CRITICAL - 2025-04-28 03:49:52 --> CodeIgniter\Exceptions\CriticalError: Cache: RedisException occurred with message (Connection refused). in /var/www/html/vendor/codeigniter4/framework/system/Cache/Handlers/RedisHandler.php:101
Stack trace:
#0 /var/www/html/vendor/codeigniter4/framework/system/Cache/CacheFactory.php(81): CodeIgniter\Cache\Handlers\RedisHandler->initialize()
#1 /var/www/html/vendor/codeigniter4/framework/system/Config/Services.php(129): CodeIgniter\Cache\CacheFactory::getHandler(Object(Config\Cache))
#2 /var/www/html/vendor/codeigniter4/framework/system/Config/BaseService.php(312): CodeIgniter\Config\Services::cache(Object(Config\Cache), false)
#3 /var/www/html/vendor/codeigniter4/framework/system/Config/BaseService.php(251): CodeIgniter\Config\BaseService::__callStatic('cache', Array)
#4 /var/www/html/vendor/codeigniter4/framework/system/Config/Services.php(124): CodeIgniter\Config\BaseService::getSharedInstance('cache', NULL)
#5 /var/www/html/vendor/codeigniter4/framework/system/Config/BaseService.php(321): CodeIgniter\Config\Services::cache()
#6 /var/www/html/vendor/codeigniter4/framework/system/Config/BaseService.php(202): CodeIgniter\Config\BaseService::__callStatic('cache', Array)
#7 /var/www/html/vendor/codeigniter4/framework/system/Config/Services.php(454): CodeIgniter\Config\BaseService::get('cache')
#8 /var/www/html/vendor/codeigniter4/framework/system/Config/BaseService.php(312): CodeIgniter\Config\Services::responsecache(Object(Config\Cache), NULL, false)
#9 /var/www/html/vendor/codeigniter4/framework/system/Config/BaseService.php(251): CodeIgniter\Config\BaseService::__callStatic('responsecache', Array)
#10 /var/www/html/vendor/codeigniter4/framework/system/Config/Services.php(450): CodeIgniter\Config\BaseService::getSharedInstance('responsecache', NULL, NULL)
#11 /var/www/html/vendor/codeigniter4/framework/system/Config/BaseService.php(321): CodeIgniter\Config\Services::responsecache()
#12 /var/www/html/vendor/codeigniter4/framework/system/CodeIgniter.php(179): CodeIgniter\Config\BaseService::__callStatic('responsecache', Array)
#13 /var/www/html/vendor/codeigniter4/framework/system/Config/Services.php(164): CodeIgniter\CodeIgniter->__construct(Object(Config\App))
#14 /var/www/html/vendor/codeigniter4/framework/system/Config/BaseService.php(321): CodeIgniter\Config\Services::codeigniter(Object(Config\App), false)
#15 /var/www/html/vendor/codeigniter4/framework/system/Config/BaseService.php(251): CodeIgniter\Config\BaseService::__callStatic('codeigniter', Array)
#16 /var/www/html/vendor/codeigniter4/framework/system/Config/Services.php(159): CodeIgniter\Config\BaseService::getSharedInstance('codeigniter', NULL)
#17 /var/www/html/vendor/codeigniter4/framework/system/Boot.php(311): CodeIgniter\Config\Services::codeigniter()
#18 /var/www/html/vendor/codeigniter4/framework/system/Boot.php(66): CodeIgniter\Boot::initializeCodeIgniter()
#19 /var/www/html/public/index.php(56): CodeIgniter\Boot::bootWeb(Object(Config\Paths))
#20 {main} Resorting to using dummy handler.
CRITICAL - 2025-04-28 03:49:53 --> CodeIgniter\Exceptions\CriticalError: Cache: RedisException occurred with message (Connection refused). in /var/www/html/vendor/codeigniter4/framework/system/Cache/Handlers/RedisHandler.php:101
Stack trace:
#0 /var/www/html/vendor/codeigniter4/framework/system/Cache/CacheFactory.php(81): CodeIgniter\Cache\Handlers\RedisHandler->initialize()
#1 /var/www/html/vendor/codeigniter4/framework/system/Config/Services.php(129): CodeIgniter\Cache\CacheFactory::getHandler(Object(Config\Cache))
#2 /var/www/html/vendor/codeigniter4/framework/system/Config/BaseService.php(312): CodeIgniter\Config\Services::cache(Object(Config\Cache), false)
#3 /var/www/html/vendor/codeigniter4/framework/system/Config/BaseService.php(251): CodeIgniter\Config\BaseService::__callStatic('cache', Array)
#4 /var/www/html/vendor/codeigniter4/framework/system/Config/Services.php(124): CodeIgniter\Config\BaseService::getSharedInstance('cache', NULL)
#5 /var/www/html/vendor/codeigniter4/framework/system/Config/BaseService.php(321): CodeIgniter\Config\Services::cache()
#6 /var/www/html/vendor/codeigniter4/framework/system/Config/BaseService.php(202): CodeIgniter\Config\BaseService::__callStatic('cache', Array)
#7 /var/www/html/vendor/codeigniter4/framework/system/Config/Services.php(454): CodeIgniter\Config\BaseService::get('cache')
#8 /var/www/html/vendor/codeigniter4/framework/system/Config/BaseService.php(312): CodeIgniter\Config\Services::responsecache(Object(Config\Cache), NULL, false)
#9 /var/www/html/vendor/codeigniter4/framework/system/Config/BaseService.php(251): CodeIgniter\Config\BaseService::__callStatic('responsecache', Array)
#10 /var/www/html/vendor/codeigniter4/framework/system/Config/Services.php(450): CodeIgniter\Config\BaseService::getSharedInstance('responsecache', NULL, NULL)
#11 /var/www/html/vendor/codeigniter4/framework/system/Config/BaseService.php(321): CodeIgniter\Config\Services::responsecache()
#12 /var/www/html/vendor/codeigniter4/framework/system/CodeIgniter.php(179): CodeIgniter\Config\BaseService::__callStatic('responsecache', Array)
#13 /var/www/html/vendor/codeigniter4/framework/system/Config/Services.php(164): CodeIgniter\CodeIgniter->__construct(Object(Config\App))
#14 /var/www/html/vendor/codeigniter4/framework/system/Config/BaseService.php(321): CodeIgniter\Config\Services::codeigniter(Object(Config\App), false)
#15 /var/www/html/vendor/codeigniter4/framework/system/Config/BaseService.php(251): CodeIgniter\Config\BaseService::__callStatic('codeigniter', Array)
#16 /var/www/html/vendor/codeigniter4/framework/system/Config/Services.php(159): CodeIgniter\Config\BaseService::getSharedInstance('codeigniter', NULL)
#17 /var/www/html/vendor/codeigniter4/framework/system/Boot.php(311): CodeIgniter\Config\Services::codeigniter()
#18 /var/www/html/vendor/codeigniter4/framework/system/Boot.php(66): CodeIgniter\Boot::initializeCodeIgniter()
#19 /var/www/html/public/index.php(56): CodeIgniter\Boot::bootWeb(Object(Config\Paths))
#20 {main} Resorting to using dummy handler.
INFO - 2025-04-28 03:50:03 --> Session: Class initialized using 'CodeIgniter\Session\Handlers\FileHandler' driver.
INFO - 2025-04-28 03:50:03 --> Session: Class initialized using 'CodeIgniter\Session\Handlers\FileHandler' driver.
INFO - 2025-04-28 03:50:03 --> Session: Class initialized using 'CodeIgniter\Session\Handlers\FileHandler' driver.
CRITICAL - 2025-04-28 03:50:20 --> CodeIgniter\Exceptions\CriticalError: Cache: RedisException occurred with message (Connection refused). in /var/www/html/vendor/codeigniter4/framework/system/Cache/Handlers/RedisHandler.php:101
Stack trace:
#0 /var/www/html/vendor/codeigniter4/framework/system/Cache/CacheFactory.php(81): CodeIgniter\Cache\Handlers\RedisHandler->initialize()
#1 /var/www/html/vendor/codeigniter4/framework/system/Config/Services.php(129): CodeIgniter\Cache\CacheFactory::getHandler(Object(Config\Cache))
#2 /var/www/html/vendor/codeigniter4/framework/system/Config/BaseService.php(312): CodeIgniter\Config\Services::cache(Object(Config\Cache), false)
#3 /var/www/html/vendor/codeigniter4/framework/system/Config/BaseService.php(251): CodeIgniter\Config\BaseService::__callStatic('cache', Array)
#4 /var/www/html/vendor/codeigniter4/framework/system/Config/Services.php(124): CodeIgniter\Config\BaseService::getSharedInstance('cache', NULL)
#5 /var/www/html/vendor/codeigniter4/framework/system/Config/BaseService.php(321): CodeIgniter\Config\Services::cache()
#6 /var/www/html/vendor/codeigniter4/framework/system/Config/BaseService.php(202): CodeIgniter\Config\BaseService::__callStatic('cache', Array)
#7 /var/www/html/vendor/codeigniter4/framework/system/Config/Services.php(454): CodeIgniter\Config\BaseService::get('cache')
#8 /var/www/html/vendor/codeigniter4/framework/system/Config/BaseService.php(312): CodeIgniter\Config\Services::responsecache(Object(Config\Cache), NULL, false)
#9 /var/www/html/vendor/codeigniter4/framework/system/Config/BaseService.php(251): CodeIgniter\Config\BaseService::__callStatic('responsecache', Array)
#10 /var/www/html/vendor/codeigniter4/framework/system/Config/Services.php(450): CodeIgniter\Config\BaseService::getSharedInstance('responsecache', NULL, NULL)
#11 /var/www/html/vendor/codeigniter4/framework/system/Config/BaseService.php(321): CodeIgniter\Config\Services::responsecache()
#12 /var/www/html/vendor/codeigniter4/framework/system/CodeIgniter.php(179): CodeIgniter\Config\BaseService::__callStatic('responsecache', Array)
#13 /var/www/html/vendor/codeigniter4/framework/system/Config/Services.php(164): CodeIgniter\CodeIgniter->__construct(Object(Config\App))
#14 /var/www/html/vendor/codeigniter4/framework/system/Config/BaseService.php(321): CodeIgniter\Config\Services::codeigniter(Object(Config\App), false)
#15 /var/www/html/vendor/codeigniter4/framework/system/Config/BaseService.php(251): CodeIgniter\Config\BaseService::__callStatic('codeigniter', Array)
#16 /var/www/html/vendor/codeigniter4/framework/system/Config/Services.php(159): CodeIgniter\Config\BaseService::getSharedInstance('codeigniter', NULL)
#17 /var/www/html/vendor/codeigniter4/framework/system/Boot.php(311): CodeIgniter\Config\Services::codeigniter()
#18 /var/www/html/vendor/codeigniter4/framework/system/Boot.php(66): CodeIgniter\Boot::initializeCodeIgniter()
#19 /var/www/html/public/index.php(56): CodeIgniter\Boot::bootWeb(Object(Config\Paths))
#20 {main} Resorting to using dummy handler.
CRITICAL - 2025-04-28 03:50:20 --> CodeIgniter\Exceptions\CriticalError: Cache: RedisException occurred with message (Connection refused). in /var/www/html/vendor/codeigniter4/framework/system/Cache/Handlers/RedisHandler.php:101
Stack trace:
#0 /var/www/html/vendor/codeigniter4/framework/system/Cache/CacheFactory.php(81): CodeIgniter\Cache\Handlers\RedisHandler->initialize()
#1 /var/www/html/vendor/codeigniter4/framework/system/Config/Services.php(129): CodeIgniter\Cache\CacheFactory::getHandler(Object(Config\Cache))
#2 /var/www/html/vendor/codeigniter4/framework/system/Config/BaseService.php(312): CodeIgniter\Config\Services::cache(Object(Config\Cache), false)
#3 /var/www/html/vendor/codeigniter4/framework/system/Config/BaseService.php(251): CodeIgniter\Config\BaseService::__callStatic('cache', Array)
#4 /var/www/html/vendor/codeigniter4/framework/system/Config/Services.php(124): CodeIgniter\Config\BaseService::getSharedInstance('cache', NULL)
#5 /var/www/html/vendor/codeigniter4/framework/system/Config/BaseService.php(321): CodeIgniter\Config\Services::cache()
#6 /var/www/html/vendor/codeigniter4/framework/system/Config/BaseService.php(202): CodeIgniter\Config\BaseService::__callStatic('cache', Array)
#7 /var/www/html/vendor/codeigniter4/framework/system/Config/Services.php(454): CodeIgniter\Config\BaseService::get('cache')
#8 /var/www/html/vendor/codeigniter4/framework/system/Config/BaseService.php(312): CodeIgniter\Config\Services::responsecache(Object(Config\Cache), NULL, false)
#9 /var/www/html/vendor/codeigniter4/framework/system/Config/BaseService.php(251): CodeIgniter\Config\BaseService::__callStatic('responsecache', Array)
#10 /var/www/html/vendor/codeigniter4/framework/system/Config/Services.php(450): CodeIgniter\Config\BaseService::getSharedInstance('responsecache', NULL, NULL)
#11 /var/www/html/vendor/codeigniter4/framework/system/Config/BaseService.php(321): CodeIgniter\Config\Services::responsecache()
#12 /var/www/html/vendor/codeigniter4/framework/system/CodeIgniter.php(179): CodeIgniter\Config\BaseService::__callStatic('responsecache', Array)
#13 /var/www/html/vendor/codeigniter4/framework/system/Config/Services.php(164): CodeIgniter\CodeIgniter->__construct(Object(Config\App))
#14 /var/www/html/vendor/codeigniter4/framework/system/Config/BaseService.php(321): CodeIgniter\Config\Services::codeigniter(Object(Config\App), false)
#15 /var/www/html/vendor/codeigniter4/framework/system/Config/BaseService.php(251): CodeIgniter\Config\BaseService::__callStatic('codeigniter', Array)
#16 /var/www/html/vendor/codeigniter4/framework/system/Config/Services.php(159): CodeIgniter\Config\BaseService::getSharedInstance('codeigniter', NULL)
#17 /var/www/html/vendor/codeigniter4/framework/system/Boot.php(311): CodeIgniter\Config\Services::codeigniter()
#18 /var/www/html/vendor/codeigniter4/framework/system/Boot.php(66): CodeIgniter\Boot::initializeCodeIgniter()
#19 /var/www/html/public/index.php(56): CodeIgniter\Boot::bootWeb(Object(Config\Paths))
#20 {main} Resorting to using dummy handler.
INFO - 2025-04-28 03:50:20 --> Session: Class initialized using 'CodeIgniter\Session\Handlers\FileHandler' driver.
CRITICAL - 2025-04-28 03:50:40 --> CodeIgniter\Exceptions\CriticalError: Cache: RedisException occurred with message (Connection refused). in /var/www/html/vendor/codeigniter4/framework/system/Cache/Handlers/RedisHandler.php:101
Stack trace:
#0 /var/www/html/vendor/codeigniter4/framework/system/Cache/CacheFactory.php(81): CodeIgniter\Cache\Handlers\RedisHandler->initialize()
#1 /var/www/html/vendor/codeigniter4/framework/system/Config/Services.php(129): CodeIgniter\Cache\CacheFactory::getHandler(Object(Config\Cache))
#2 /var/www/html/vendor/codeigniter4/framework/system/Config/BaseService.php(312): CodeIgniter\Config\Services::cache(Object(Config\Cache), false)
#3 /var/www/html/vendor/codeigniter4/framework/system/Config/BaseService.php(251): CodeIgniter\Config\BaseService::__callStatic('cache', Array)
#4 /var/www/html/vendor/codeigniter4/framework/system/Config/Services.php(124): CodeIgniter\Config\BaseService::getSharedInstance('cache', NULL)
#5 /var/www/html/vendor/codeigniter4/framework/system/Config/BaseService.php(321): CodeIgniter\Config\Services::cache()
#6 /var/www/html/vendor/codeigniter4/framework/system/Config/BaseService.php(202): CodeIgniter\Config\BaseService::__callStatic('cache', Array)
#7 /var/www/html/vendor/codeigniter4/framework/system/Config/Services.php(454): CodeIgniter\Config\BaseService::get('cache')
#8 /var/www/html/vendor/codeigniter4/framework/system/Config/BaseService.php(312): CodeIgniter\Config\Services::responsecache(Object(Config\Cache), NULL, false)
#9 /var/www/html/vendor/codeigniter4/framework/system/Config/BaseService.php(251): CodeIgniter\Config\BaseService::__callStatic('responsecache', Array)
#10 /var/www/html/vendor/codeigniter4/framework/system/Config/Services.php(450): CodeIgniter\Config\BaseService::getSharedInstance('responsecache', NULL, NULL)
#11 /var/www/html/vendor/codeigniter4/framework/system/Config/BaseService.php(321): CodeIgniter\Config\Services::responsecache()
#12 /var/www/html/vendor/codeigniter4/framework/system/CodeIgniter.php(179): CodeIgniter\Config\BaseService::__callStatic('responsecache', Array)
#13 /var/www/html/vendor/codeigniter4/framework/system/Config/Services.php(164): CodeIgniter\CodeIgniter->__construct(Object(Config\App))
#14 /var/www/html/vendor/codeigniter4/framework/system/Config/BaseService.php(321): CodeIgniter\Config\Services::codeigniter(Object(Config\App), false)
#15 /var/www/html/vendor/codeigniter4/framework/system/Config/BaseService.php(251): CodeIgniter\Config\BaseService::__callStatic('codeigniter', Array)
#16 /var/www/html/vendor/codeigniter4/framework/system/Config/Services.php(159): CodeIgniter\Config\BaseService::getSharedInstance('codeigniter', NULL)
#17 /var/www/html/vendor/codeigniter4/framework/system/Boot.php(311): CodeIgniter\Config\Services::codeigniter()
#18 /var/www/html/vendor/codeigniter4/framework/system/Boot.php(66): CodeIgniter\Boot::initializeCodeIgniter()
#19 /var/www/html/public/index.php(56): CodeIgniter\Boot::bootWeb(Object(Config\Paths))
#20 {main} Resorting to using dummy handler.
CRITICAL - 2025-04-28 03:50:40 --> CodeIgniter\Exceptions\CriticalError: Cache: RedisException occurred with message (Connection refused). in /var/www/html/vendor/codeigniter4/framework/system/Cache/Handlers/RedisHandler.php:101
Stack trace:
#0 /var/www/html/vendor/codeigniter4/framework/system/Cache/CacheFactory.php(81): CodeIgniter\Cache\Handlers\RedisHandler->initialize()
#1 /var/www/html/vendor/codeigniter4/framework/system/Config/Services.php(129): CodeIgniter\Cache\CacheFactory::getHandler(Object(Config\Cache))
#2 /var/www/html/vendor/codeigniter4/framework/system/Config/BaseService.php(312): CodeIgniter\Config\Services::cache(Object(Config\Cache), false)
#3 /var/www/html/vendor/codeigniter4/framework/system/Config/BaseService.php(251): CodeIgniter\Config\BaseService::__callStatic('cache', Array)
#4 /var/www/html/vendor/codeigniter4/framework/system/Config/Services.php(124): CodeIgniter\Config\BaseService::getSharedInstance('cache', NULL)
#5 /var/www/html/vendor/codeigniter4/framework/system/Config/BaseService.php(321): CodeIgniter\Config\Services::cache()
#6 /var/www/html/vendor/codeigniter4/framework/system/Config/BaseService.php(202): CodeIgniter\Config\BaseService::__callStatic('cache', Array)
#7 /var/www/html/vendor/codeigniter4/framework/system/Config/Services.php(454): CodeIgniter\Config\BaseService::get('cache')
#8 /var/www/html/vendor/codeigniter4/framework/system/Config/BaseService.php(312): CodeIgniter\Config\Services::responsecache(Object(Config\Cache), NULL, false)
#9 /var/www/html/vendor/codeigniter4/framework/system/Config/BaseService.php(251): CodeIgniter\Config\BaseService::__callStatic('responsecache', Array)
#10 /var/www/html/vendor/codeigniter4/framework/system/Config/Services.php(450): CodeIgniter\Config\BaseService::getSharedInstance('responsecache', NULL, NULL)
#11 /var/www/html/vendor/codeigniter4/framework/system/Config/BaseService.php(321): CodeIgniter\Config\Services::responsecache()
#12 /var/www/html/vendor/codeigniter4/framework/system/CodeIgniter.php(179): CodeIgniter\Config\BaseService::__callStatic('responsecache', Array)
#13 /var/www/html/vendor/codeigniter4/framework/system/Config/Services.php(164): CodeIgniter\CodeIgniter->__construct(Object(Config\App))
#14 /var/www/html/vendor/codeigniter4/framework/system/Config/BaseService.php(321): CodeIgniter\Config\Services::codeigniter(Object(Config\App), false)
#15 /var/www/html/vendor/codeigniter4/framework/system/Config/BaseService.php(251): CodeIgniter\Config\BaseService::__callStatic('codeigniter', Array)
#16 /var/www/html/vendor/codeigniter4/framework/system/Config/Services.php(159): CodeIgniter\Config\BaseService::getSharedInstance('codeigniter', NULL)
#17 /var/www/html/vendor/codeigniter4/framework/system/Boot.php(311): CodeIgniter\Config\Services::codeigniter()
#18 /var/www/html/vendor/codeigniter4/framework/system/Boot.php(66): CodeIgniter\Boot::initializeCodeIgniter()
#19 /var/www/html/public/index.php(56): CodeIgniter\Boot::bootWeb(Object(Config\Paths))
#20 {main} Resorting to using dummy handler.
INFO - 2025-04-28 03:50:40 --> Session: Class initialized using 'CodeIgniter\Session\Handlers\FileHandler' driver.
CRITICAL - 2025-04-28 03:50:41 --> CodeIgniter\Exceptions\CriticalError: Cache: RedisException occurred with message (Connection refused). in /var/www/html/vendor/codeigniter4/framework/system/Cache/Handlers/RedisHandler.php:101
Stack trace:
#0 /var/www/html/vendor/codeigniter4/framework/system/Cache/CacheFactory.php(81): CodeIgniter\Cache\Handlers\RedisHandler->initialize()
#1 /var/www/html/vendor/codeigniter4/framework/system/Config/Services.php(129): CodeIgniter\Cache\CacheFactory::getHandler(Object(Config\Cache))
#2 /var/www/html/vendor/codeigniter4/framework/system/Config/BaseService.php(312): CodeIgniter\Config\Services::cache(Object(Config\Cache), false)
#3 /var/www/html/vendor/codeigniter4/framework/system/Config/BaseService.php(251): CodeIgniter\Config\BaseService::__callStatic('cache', Array)
#4 /var/www/html/vendor/codeigniter4/framework/system/Config/Services.php(124): CodeIgniter\Config\BaseService::getSharedInstance('cache', NULL)
#5 /var/www/html/vendor/codeigniter4/framework/system/Config/BaseService.php(321): CodeIgniter\Config\Services::cache()
#6 /var/www/html/vendor/codeigniter4/framework/system/Config/BaseService.php(202): CodeIgniter\Config\BaseService::__callStatic('cache', Array)
#7 /var/www/html/vendor/codeigniter4/framework/system/Config/Services.php(454): CodeIgniter\Config\BaseService::get('cache')
#8 /var/www/html/vendor/codeigniter4/framework/system/Config/BaseService.php(312): CodeIgniter\Config\Services::responsecache(Object(Config\Cache), NULL, false)
#9 /var/www/html/vendor/codeigniter4/framework/system/Config/BaseService.php(251): CodeIgniter\Config\BaseService::__callStatic('responsecache', Array)
#10 /var/www/html/vendor/codeigniter4/framework/system/Config/Services.php(450): CodeIgniter\Config\BaseService::getSharedInstance('responsecache', NULL, NULL)
#11 /var/www/html/vendor/codeigniter4/framework/system/Config/BaseService.php(321): CodeIgniter\Config\Services::responsecache()
#12 /var/www/html/vendor/codeigniter4/framework/system/CodeIgniter.php(179): CodeIgniter\Config\BaseService::__callStatic('responsecache', Array)
#13 /var/www/html/vendor/codeigniter4/framework/system/Config/Services.php(164): CodeIgniter\CodeIgniter->__construct(Object(Config\App))
#14 /var/www/html/vendor/codeigniter4/framework/system/Config/BaseService.php(321): CodeIgniter\Config\Services::codeigniter(Object(Config\App), false)
#15 /var/www/html/vendor/codeigniter4/framework/system/Config/BaseService.php(251): CodeIgniter\Config\BaseService::__callStatic('codeigniter', Array)
#16 /var/www/html/vendor/codeigniter4/framework/system/Config/Services.php(159): CodeIgniter\Config\BaseService::getSharedInstance('codeigniter', NULL)
#17 /var/www/html/vendor/codeigniter4/framework/system/Boot.php(311): CodeIgniter\Config\Services::codeigniter()
#18 /var/www/html/vendor/codeigniter4/framework/system/Boot.php(66): CodeIgniter\Boot::initializeCodeIgniter()
#19 /var/www/html/public/index.php(56): CodeIgniter\Boot::bootWeb(Object(Config\Paths))
#20 {main} Resorting to using dummy handler.
CRITICAL - 2025-04-28 03:50:41 --> CodeIgniter\Exceptions\CriticalError: Cache: RedisException occurred with message (Connection refused). in /var/www/html/vendor/codeigniter4/framework/system/Cache/Handlers/RedisHandler.php:101
Stack trace:
#0 /var/www/html/vendor/codeigniter4/framework/system/Cache/CacheFactory.php(81): CodeIgniter\Cache\Handlers\RedisHandler->initialize()
#1 /var/www/html/vendor/codeigniter4/framework/system/Config/Services.php(129): CodeIgniter\Cache\CacheFactory::getHandler(Object(Config\Cache))
#2 /var/www/html/vendor/codeigniter4/framework/system/Config/BaseService.php(312): CodeIgniter\Config\Services::cache(Object(Config\Cache), false)
#3 /var/www/html/vendor/codeigniter4/framework/system/Config/BaseService.php(251): CodeIgniter\Config\BaseService::__callStatic('cache', Array)
#4 /var/www/html/vendor/codeigniter4/framework/system/Config/Services.php(124): CodeIgniter\Config\BaseService::getSharedInstance('cache', NULL)
#5 /var/www/html/vendor/codeigniter4/framework/system/Config/BaseService.php(321): CodeIgniter\Config\Services::cache()
#6 /var/www/html/vendor/codeigniter4/framework/system/Config/BaseService.php(202): CodeIgniter\Config\BaseService::__callStatic('cache', Array)
#7 /var/www/html/vendor/codeigniter4/framework/system/Config/Services.php(454): CodeIgniter\Config\BaseService::get('cache')
#8 /var/www/html/vendor/codeigniter4/framework/system/Config/BaseService.php(312): CodeIgniter\Config\Services::responsecache(Object(Config\Cache), NULL, false)
#9 /var/www/html/vendor/codeigniter4/framework/system/Config/BaseService.php(251): CodeIgniter\Config\BaseService::__callStatic('responsecache', Array)
#10 /var/www/html/vendor/codeigniter4/framework/system/Config/Services.php(450): CodeIgniter\Config\BaseService::getSharedInstance('responsecache', NULL, NULL)
#11 /var/www/html/vendor/codeigniter4/framework/system/Config/BaseService.php(321): CodeIgniter\Config\Services::responsecache()
#12 /var/www/html/vendor/codeigniter4/framework/system/CodeIgniter.php(179): CodeIgniter\Config\BaseService::__callStatic('responsecache', Array)
#13 /var/www/html/vendor/codeigniter4/framework/system/Config/Services.php(164): CodeIgniter\CodeIgniter->__construct(Object(Config\App))
#14 /var/www/html/vendor/codeigniter4/framework/system/Config/BaseService.php(321): CodeIgniter\Config\Services::codeigniter(Object(Config\App), false)
#15 /var/www/html/vendor/codeigniter4/framework/system/Config/BaseService.php(251): CodeIgniter\Config\BaseService::__callStatic('codeigniter', Array)
#16 /var/www/html/vendor/codeigniter4/framework/system/Config/Services.php(159): CodeIgniter\Config\BaseService::getSharedInstance('codeigniter', NULL)
#17 /var/www/html/vendor/codeigniter4/framework/system/Boot.php(311): CodeIgniter\Config\Services::codeigniter()
#18 /var/www/html/vendor/codeigniter4/framework/system/Boot.php(66): CodeIgniter\Boot::initializeCodeIgniter()
#19 /var/www/html/public/index.php(56): CodeIgniter\Boot::bootWeb(Object(Config\Paths))
#20 {main} Resorting to using dummy handler.
INFO - 2025-04-28 03:50:41 --> Session: Class initialized using 'CodeIgniter\Session\Handlers\FileHandler' driver.
CRITICAL - 2025-04-28 03:50:42 --> CodeIgniter\Exceptions\CriticalError: Cache: RedisException occurred with message (Connection refused). in /var/www/html/vendor/codeigniter4/framework/system/Cache/Handlers/RedisHandler.php:101
Stack trace:
#0 /var/www/html/vendor/codeigniter4/framework/system/Cache/CacheFactory.php(81): CodeIgniter\Cache\Handlers\RedisHandler->initialize()
#1 /var/www/html/vendor/codeigniter4/framework/system/Config/Services.php(129): CodeIgniter\Cache\CacheFactory::getHandler(Object(Config\Cache))
#2 /var/www/html/vendor/codeigniter4/framework/system/Config/BaseService.php(312): CodeIgniter\Config\Services::cache(Object(Config\Cache), false)
#3 /var/www/html/vendor/codeigniter4/framework/system/Config/BaseService.php(251): CodeIgniter\Config\BaseService::__callStatic('cache', Array)
#4 /var/www/html/vendor/codeigniter4/framework/system/Config/Services.php(124): CodeIgniter\Config\BaseService::getSharedInstance('cache', NULL)
#5 /var/www/html/vendor/codeigniter4/framework/system/Config/BaseService.php(321): CodeIgniter\Config\Services::cache()
#6 /var/www/html/vendor/codeigniter4/framework/system/Config/BaseService.php(202): CodeIgniter\Config\BaseService::__callStatic('cache', Array)
#7 /var/www/html/vendor/codeigniter4/framework/system/Config/Services.php(454): CodeIgniter\Config\BaseService::get('cache')
#8 /var/www/html/vendor/codeigniter4/framework/system/Config/BaseService.php(312): CodeIgniter\Config\Services::responsecache(Object(Config\Cache), NULL, false)
#9 /var/www/html/vendor/codeigniter4/framework/system/Config/BaseService.php(251): CodeIgniter\Config\BaseService::__callStatic('responsecache', Array)
#10 /var/www/html/vendor/codeigniter4/framework/system/Config/Services.php(450): CodeIgniter\Config\BaseService::getSharedInstance('responsecache', NULL, NULL)
#11 /var/www/html/vendor/codeigniter4/framework/system/Config/BaseService.php(321): CodeIgniter\Config\Services::responsecache()
#12 /var/www/html/vendor/codeigniter4/framework/system/CodeIgniter.php(179): CodeIgniter\Config\BaseService::__callStatic('responsecache', Array)
#13 /var/www/html/vendor/codeigniter4/framework/system/Config/Services.php(164): CodeIgniter\CodeIgniter->__construct(Object(Config\App))
#14 /var/www/html/vendor/codeigniter4/framework/system/Config/BaseService.php(321): CodeIgniter\Config\Services::codeigniter(Object(Config\App), false)
#15 /var/www/html/vendor/codeigniter4/framework/system/Config/BaseService.php(251): CodeIgniter\Config\BaseService::__callStatic('codeigniter', Array)
#16 /var/www/html/vendor/codeigniter4/framework/system/Config/Services.php(159): CodeIgniter\Config\BaseService::getSharedInstance('codeigniter', NULL)
#17 /var/www/html/vendor/codeigniter4/framework/system/Boot.php(311): CodeIgniter\Config\Services::codeigniter()
#18 /var/www/html/vendor/codeigniter4/framework/system/Boot.php(66): CodeIgniter\Boot::initializeCodeIgniter()
#19 /var/www/html/public/index.php(56): CodeIgniter\Boot::bootWeb(Object(Config\Paths))
#20 {main} Resorting to using dummy handler.
INFO - 2025-04-28 03:50:42 --> Session: Class initialized using 'CodeIgniter\Session\Handlers\FileHandler' driver.
CRITICAL - 2025-04-28 03:50:42 --> CodeIgniter\Exceptions\CriticalError: Cache: RedisException occurred with message (Connection refused). in /var/www/html/vendor/codeigniter4/framework/system/Cache/Handlers/RedisHandler.php:101
Stack trace:
#0 /var/www/html/vendor/codeigniter4/framework/system/Cache/CacheFactory.php(81): CodeIgniter\Cache\Handlers\RedisHandler->initialize()
#1 /var/www/html/vendor/codeigniter4/framework/system/Config/Services.php(129): CodeIgniter\Cache\CacheFactory::getHandler(Object(Config\Cache))
#2 /var/www/html/vendor/codeigniter4/framework/system/Config/BaseService.php(312): CodeIgniter\Config\Services::cache(Object(Config\Cache), false)
#3 /var/www/html/vendor/codeigniter4/framework/system/Config/BaseService.php(251): CodeIgniter\Config\BaseService::__callStatic('cache', Array)
#4 /var/www/html/vendor/codeigniter4/framework/system/Config/Services.php(124): CodeIgniter\Config\BaseService::getSharedInstance('cache', NULL)
#5 /var/www/html/vendor/codeigniter4/framework/system/Config/BaseService.php(321): CodeIgniter\Config\Services::cache()
#6 /var/www/html/vendor/codeigniter4/framework/system/Config/BaseService.php(202): CodeIgniter\Config\BaseService::__callStatic('cache', Array)
#7 /var/www/html/vendor/codeigniter4/framework/system/Config/Services.php(454): CodeIgniter\Config\BaseService::get('cache')
#8 /var/www/html/vendor/codeigniter4/framework/system/Config/BaseService.php(312): CodeIgniter\Config\Services::responsecache(Object(Config\Cache), NULL, false)
#9 /var/www/html/vendor/codeigniter4/framework/system/Config/BaseService.php(251): CodeIgniter\Config\BaseService::__callStatic('responsecache', Array)
#10 /var/www/html/vendor/codeigniter4/framework/system/Config/Services.php(450): CodeIgniter\Config\BaseService::getSharedInstance('responsecache', NULL, NULL)
#11 /var/www/html/vendor/codeigniter4/framework/system/Config/BaseService.php(321): CodeIgniter\Config\Services::responsecache()
#12 /var/www/html/vendor/codeigniter4/framework/system/CodeIgniter.php(179): CodeIgniter\Config\BaseService::__callStatic('responsecache', Array)
#13 /var/www/html/vendor/codeigniter4/framework/system/Config/Services.php(164): CodeIgniter\CodeIgniter->__construct(Object(Config\App))
#14 /var/www/html/vendor/codeigniter4/framework/system/Config/BaseService.php(321): CodeIgniter\Config\Services::codeigniter(Object(Config\App), false)
#15 /var/www/html/vendor/codeigniter4/framework/system/Config/BaseService.php(251): CodeIgniter\Config\BaseService::__callStatic('codeigniter', Array)
#16 /var/www/html/vendor/codeigniter4/framework/system/Config/Services.php(159): CodeIgniter\Config\BaseService::getSharedInstance('codeigniter', NULL)
#17 /var/www/html/vendor/codeigniter4/framework/system/Boot.php(311): CodeIgniter\Config\Services::codeigniter()
#18 /var/www/html/vendor/codeigniter4/framework/system/Boot.php(66): CodeIgniter\Boot::initializeCodeIgniter()
#19 /var/www/html/public/index.php(56): CodeIgniter\Boot::bootWeb(Object(Config\Paths))
#20 {main} Resorting to using dummy handler.
INFO - 2025-04-28 03:50:43 --> Session: Class initialized using 'CodeIgniter\Session\Handlers\FileHandler' driver.
CRITICAL - 2025-04-28 03:50:51 --> CodeIgniter\Exceptions\CriticalError: Cache: RedisException occurred with message (Connection refused). in /var/www/html/vendor/codeigniter4/framework/system/Cache/Handlers/RedisHandler.php:101
Stack trace:
#0 /var/www/html/vendor/codeigniter4/framework/system/Cache/CacheFactory.php(81): CodeIgniter\Cache\Handlers\RedisHandler->initialize()
#1 /var/www/html/vendor/codeigniter4/framework/system/Config/Services.php(129): CodeIgniter\Cache\CacheFactory::getHandler(Object(Config\Cache))
#2 /var/www/html/vendor/codeigniter4/framework/system/Config/BaseService.php(312): CodeIgniter\Config\Services::cache(Object(Config\Cache), false)
#3 /var/www/html/vendor/codeigniter4/framework/system/Config/BaseService.php(251): CodeIgniter\Config\BaseService::__callStatic('cache', Array)
#4 /var/www/html/vendor/codeigniter4/framework/system/Config/Services.php(124): CodeIgniter\Config\BaseService::getSharedInstance('cache', NULL)
#5 /var/www/html/vendor/codeigniter4/framework/system/Config/BaseService.php(321): CodeIgniter\Config\Services::cache()
#6 /var/www/html/vendor/codeigniter4/framework/system/Config/BaseService.php(202): CodeIgniter\Config\BaseService::__callStatic('cache', Array)
#7 /var/www/html/vendor/codeigniter4/framework/system/Config/Services.php(454): CodeIgniter\Config\BaseService::get('cache')
#8 /var/www/html/vendor/codeigniter4/framework/system/Config/BaseService.php(312): CodeIgniter\Config\Services::responsecache(Object(Config\Cache), NULL, false)
#9 /var/www/html/vendor/codeigniter4/framework/system/Config/BaseService.php(251): CodeIgniter\Config\BaseService::__callStatic('responsecache', Array)
#10 /var/www/html/vendor/codeigniter4/framework/system/Config/Services.php(450): CodeIgniter\Config\BaseService::getSharedInstance('responsecache', NULL, NULL)
#11 /var/www/html/vendor/codeigniter4/framework/system/Config/BaseService.php(321): CodeIgniter\Config\Services::responsecache()
#12 /var/www/html/vendor/codeigniter4/framework/system/CodeIgniter.php(179): CodeIgniter\Config\BaseService::__callStatic('responsecache', Array)
#13 /var/www/html/vendor/codeigniter4/framework/system/Config/Services.php(164): CodeIgniter\CodeIgniter->__construct(Object(Config\App))
#14 /var/www/html/vendor/codeigniter4/framework/system/Config/BaseService.php(321): CodeIgniter\Config\Services::codeigniter(Object(Config\App), false)
#15 /var/www/html/vendor/codeigniter4/framework/system/Config/BaseService.php(251): CodeIgniter\Config\BaseService::__callStatic('codeigniter', Array)
#16 /var/www/html/vendor/codeigniter4/framework/system/Config/Services.php(159): CodeIgniter\Config\BaseService::getSharedInstance('codeigniter', NULL)
#17 /var/www/html/vendor/codeigniter4/framework/system/Boot.php(311): CodeIgniter\Config\Services::codeigniter()
#18 /var/www/html/vendor/codeigniter4/framework/system/Boot.php(66): CodeIgniter\Boot::initializeCodeIgniter()
#19 /var/www/html/public/index.php(56): CodeIgniter\Boot::bootWeb(Object(Config\Paths))
#20 {main} Resorting to using dummy handler.
CRITICAL - 2025-04-28 03:50:51 --> CodeIgniter\Exceptions\CriticalError: Cache: RedisException occurred with message (Connection refused). in /var/www/html/vendor/codeigniter4/framework/system/Cache/Handlers/RedisHandler.php:101
Stack trace:
#0 /var/www/html/vendor/codeigniter4/framework/system/Cache/CacheFactory.php(81): CodeIgniter\Cache\Handlers\RedisHandler->initialize()
#1 /var/www/html/vendor/codeigniter4/framework/system/Config/Services.php(129): CodeIgniter\Cache\CacheFactory::getHandler(Object(Config\Cache))
#2 /var/www/html/vendor/codeigniter4/framework/system/Config/BaseService.php(312): CodeIgniter\Config\Services::cache(Object(Config\Cache), false)
#3 /var/www/html/vendor/codeigniter4/framework/system/Config/BaseService.php(251): CodeIgniter\Config\BaseService::__callStatic('cache', Array)
#4 /var/www/html/vendor/codeigniter4/framework/system/Config/Services.php(124): CodeIgniter\Config\BaseService::getSharedInstance('cache', NULL)
#5 /var/www/html/vendor/codeigniter4/framework/system/Config/BaseService.php(321): CodeIgniter\Config\Services::cache()
#6 /var/www/html/vendor/codeigniter4/framework/system/Config/BaseService.php(202): CodeIgniter\Config\BaseService::__callStatic('cache', Array)
#7 /var/www/html/vendor/codeigniter4/framework/system/Config/Services.php(454): CodeIgniter\Config\BaseService::get('cache')
#8 /var/www/html/vendor/codeigniter4/framework/system/Config/BaseService.php(312): CodeIgniter\Config\Services::responsecache(Object(Config\Cache), NULL, false)
#9 /var/www/html/vendor/codeigniter4/framework/system/Config/BaseService.php(251): CodeIgniter\Config\BaseService::__callStatic('responsecache', Array)
#10 /var/www/html/vendor/codeigniter4/framework/system/Config/Services.php(450): CodeIgniter\Config\BaseService::getSharedInstance('responsecache', NULL, NULL)
#11 /var/www/html/vendor/codeigniter4/framework/system/Config/BaseService.php(321): CodeIgniter\Config\Services::responsecache()
#12 /var/www/html/vendor/codeigniter4/framework/system/CodeIgniter.php(179): CodeIgniter\Config\BaseService::__callStatic('responsecache', Array)
#13 /var/www/html/vendor/codeigniter4/framework/system/Config/Services.php(164): CodeIgniter\CodeIgniter->__construct(Object(Config\App))
#14 /var/www/html/vendor/codeigniter4/framework/system/Config/BaseService.php(321): CodeIgniter\Config\Services::codeigniter(Object(Config\App), false)
#15 /var/www/html/vendor/codeigniter4/framework/system/Config/BaseService.php(251): CodeIgniter\Config\BaseService::__callStatic('codeigniter', Array)
#16 /var/www/html/vendor/codeigniter4/framework/system/Config/Services.php(159): CodeIgniter\Config\BaseService::getSharedInstance('codeigniter', NULL)
#17 /var/www/html/vendor/codeigniter4/framework/system/Boot.php(311): CodeIgniter\Config\Services::codeigniter()
#18 /var/www/html/vendor/codeigniter4/framework/system/Boot.php(66): CodeIgniter\Boot::initializeCodeIgniter()
#19 /var/www/html/public/index.php(56): CodeIgniter\Boot::bootWeb(Object(Config\Paths))
#20 {main} Resorting to using dummy handler.
INFO - 2025-04-28 03:50:51 --> Session: Class initialized using 'CodeIgniter\Session\Handlers\FileHandler' driver.
CRITICAL - 2025-04-28 04:02:38 --> CodeIgniter\Exceptions\CriticalError: Cache: RedisException occurred with message (Connection refused). in /var/www/html/vendor/codeigniter4/framework/system/Cache/Handlers/RedisHandler.php:101
Stack trace:
#0 /var/www/html/vendor/codeigniter4/framework/system/Cache/CacheFactory.php(81): CodeIgniter\Cache\Handlers\RedisHandler->initialize()
#1 /var/www/html/vendor/codeigniter4/framework/system/Config/Services.php(129): CodeIgniter\Cache\CacheFactory::getHandler(Object(Config\Cache))
#2 /var/www/html/vendor/codeigniter4/framework/system/Config/BaseService.php(312): CodeIgniter\Config\Services::cache(Object(Config\Cache), false)
#3 /var/www/html/vendor/codeigniter4/framework/system/Config/BaseService.php(251): CodeIgniter\Config\BaseService::__callStatic('cache', Array)
#4 /var/www/html/vendor/codeigniter4/framework/system/Config/Services.php(124): CodeIgniter\Config\BaseService::getSharedInstance('cache', NULL)
#5 /var/www/html/vendor/codeigniter4/framework/system/Config/BaseService.php(321): CodeIgniter\Config\Services::cache()
#6 /var/www/html/vendor/codeigniter4/framework/system/Config/BaseService.php(202): CodeIgniter\Config\BaseService::__callStatic('cache', Array)
#7 /var/www/html/vendor/codeigniter4/framework/system/Config/Services.php(454): CodeIgniter\Config\BaseService::get('cache')
#8 /var/www/html/vendor/codeigniter4/framework/system/Config/BaseService.php(312): CodeIgniter\Config\Services::responsecache(Object(Config\Cache), NULL, false)
#9 /var/www/html/vendor/codeigniter4/framework/system/Config/BaseService.php(251): CodeIgniter\Config\BaseService::__callStatic('responsecache', Array)
#10 /var/www/html/vendor/codeigniter4/framework/system/Config/Services.php(450): CodeIgniter\Config\BaseService::getSharedInstance('responsecache', NULL, NULL)
#11 /var/www/html/vendor/codeigniter4/framework/system/Config/BaseService.php(321): CodeIgniter\Config\Services::responsecache()
#12 /var/www/html/vendor/codeigniter4/framework/system/CodeIgniter.php(179): CodeIgniter\Config\BaseService::__callStatic('responsecache', Array)
#13 /var/www/html/vendor/codeigniter4/framework/system/Config/Services.php(164): CodeIgniter\CodeIgniter->__construct(Object(Config\App))
#14 /var/www/html/vendor/codeigniter4/framework/system/Config/BaseService.php(321): CodeIgniter\Config\Services::codeigniter(Object(Config\App), false)
#15 /var/www/html/vendor/codeigniter4/framework/system/Config/BaseService.php(251): CodeIgniter\Config\BaseService::__callStatic('codeigniter', Array)
#16 /var/www/html/vendor/codeigniter4/framework/system/Config/Services.php(159): CodeIgniter\Config\BaseService::getSharedInstance('codeigniter', NULL)
#17 /var/www/html/vendor/codeigniter4/framework/system/Boot.php(311): CodeIgniter\Config\Services::codeigniter()
#18 /var/www/html/vendor/codeigniter4/framework/system/Boot.php(66): CodeIgniter\Boot::initializeCodeIgniter()
#19 /var/www/html/public/index.php(56): CodeIgniter\Boot::bootWeb(Object(Config\Paths))
#20 {main} Resorting to using dummy handler.
CRITICAL - 2025-04-28 04:02:39 --> CodeIgniter\Exceptions\CriticalError: Cache: RedisException occurred with message (Connection refused). in /var/www/html/vendor/codeigniter4/framework/system/Cache/Handlers/RedisHandler.php:101
Stack trace:
#0 /var/www/html/vendor/codeigniter4/framework/system/Cache/CacheFactory.php(81): CodeIgniter\Cache\Handlers\RedisHandler->initialize()
#1 /var/www/html/vendor/codeigniter4/framework/system/Config/Services.php(129): CodeIgniter\Cache\CacheFactory::getHandler(Object(Config\Cache))
#2 /var/www/html/vendor/codeigniter4/framework/system/Config/BaseService.php(312): CodeIgniter\Config\Services::cache(Object(Config\Cache), false)
#3 /var/www/html/vendor/codeigniter4/framework/system/Config/BaseService.php(251): CodeIgniter\Config\BaseService::__callStatic('cache', Array)
#4 /var/www/html/vendor/codeigniter4/framework/system/Config/Services.php(124): CodeIgniter\Config\BaseService::getSharedInstance('cache', NULL)
#5 /var/www/html/vendor/codeigniter4/framework/system/Config/BaseService.php(321): CodeIgniter\Config\Services::cache()
#6 /var/www/html/vendor/codeigniter4/framework/system/Config/BaseService.php(202): CodeIgniter\Config\BaseService::__callStatic('cache', Array)
#7 /var/www/html/vendor/codeigniter4/framework/system/Config/Services.php(454): CodeIgniter\Config\BaseService::get('cache')
#8 /var/www/html/vendor/codeigniter4/framework/system/Config/BaseService.php(312): CodeIgniter\Config\Services::responsecache(Object(Config\Cache), NULL, false)
#9 /var/www/html/vendor/codeigniter4/framework/system/Config/BaseService.php(251): CodeIgniter\Config\BaseService::__callStatic('responsecache', Array)
#10 /var/www/html/vendor/codeigniter4/framework/system/Config/Services.php(450): CodeIgniter\Config\BaseService::getSharedInstance('responsecache', NULL, NULL)
#11 /var/www/html/vendor/codeigniter4/framework/system/Config/BaseService.php(321): CodeIgniter\Config\Services::responsecache()
#12 /var/www/html/vendor/codeigniter4/framework/system/CodeIgniter.php(179): CodeIgniter\Config\BaseService::__callStatic('responsecache', Array)
#13 /var/www/html/vendor/codeigniter4/framework/system/Config/Services.php(164): CodeIgniter\CodeIgniter->__construct(Object(Config\App))
#14 /var/www/html/vendor/codeigniter4/framework/system/Config/BaseService.php(321): CodeIgniter\Config\Services::codeigniter(Object(Config\App), false)
#15 /var/www/html/vendor/codeigniter4/framework/system/Config/BaseService.php(251): CodeIgniter\Config\BaseService::__callStatic('codeigniter', Array)
#16 /var/www/html/vendor/codeigniter4/framework/system/Config/Services.php(159): CodeIgniter\Config\BaseService::getSharedInstance('codeigniter', NULL)
#17 /var/www/html/vendor/codeigniter4/framework/system/Boot.php(311): CodeIgniter\Config\Services::codeigniter()
#18 /var/www/html/vendor/codeigniter4/framework/system/Boot.php(66): CodeIgniter\Boot::initializeCodeIgniter()
#19 /var/www/html/public/index.php(56): CodeIgniter\Boot::bootWeb(Object(Config\Paths))
#20 {main} Resorting to using dummy handler.
INFO - 2025-04-28 04:02:39 --> Session: Class initialized using 'CodeIgniter\Session\Handlers\FileHandler' driver.
CRITICAL - 2025-04-28 04:04:18 --> CodeIgniter\Exceptions\CriticalError: Cache: RedisException occurred with message (Connection refused). in /var/www/html/vendor/codeigniter4/framework/system/Cache/Handlers/RedisHandler.php:101
Stack trace:
#0 /var/www/html/vendor/codeigniter4/framework/system/Cache/CacheFactory.php(81): CodeIgniter\Cache\Handlers\RedisHandler->initialize()
#1 /var/www/html/vendor/codeigniter4/framework/system/Config/Services.php(129): CodeIgniter\Cache\CacheFactory::getHandler(Object(Config\Cache))
#2 /var/www/html/vendor/codeigniter4/framework/system/Config/BaseService.php(312): CodeIgniter\Config\Services::cache(Object(Config\Cache), false)
#3 /var/www/html/vendor/codeigniter4/framework/system/Config/BaseService.php(251): CodeIgniter\Config\BaseService::__callStatic('cache', Array)
#4 /var/www/html/vendor/codeigniter4/framework/system/Config/Services.php(124): CodeIgniter\Config\BaseService::getSharedInstance('cache', NULL)
#5 /var/www/html/vendor/codeigniter4/framework/system/Config/BaseService.php(321): CodeIgniter\Config\Services::cache()
#6 /var/www/html/vendor/codeigniter4/framework/system/Config/BaseService.php(202): CodeIgniter\Config\BaseService::__callStatic('cache', Array)
#7 /var/www/html/vendor/codeigniter4/framework/system/Config/Services.php(454): CodeIgniter\Config\BaseService::get('cache')
#8 /var/www/html/vendor/codeigniter4/framework/system/Config/BaseService.php(312): CodeIgniter\Config\Services::responsecache(Object(Config\Cache), NULL, false)
#9 /var/www/html/vendor/codeigniter4/framework/system/Config/BaseService.php(251): CodeIgniter\Config\BaseService::__callStatic('responsecache', Array)
#10 /var/www/html/vendor/codeigniter4/framework/system/Config/Services.php(450): CodeIgniter\Config\BaseService::getSharedInstance('responsecache', NULL, NULL)
#11 /var/www/html/vendor/codeigniter4/framework/system/Config/BaseService.php(321): CodeIgniter\Config\Services::responsecache()
#12 /var/www/html/vendor/codeigniter4/framework/system/CodeIgniter.php(179): CodeIgniter\Config\BaseService::__callStatic('responsecache', Array)
#13 /var/www/html/vendor/codeigniter4/framework/system/Config/Services.php(164): CodeIgniter\CodeIgniter->__construct(Object(Config\App))
#14 /var/www/html/vendor/codeigniter4/framework/system/Config/BaseService.php(321): CodeIgniter\Config\Services::codeigniter(Object(Config\App), false)
#15 /var/www/html/vendor/codeigniter4/framework/system/Config/BaseService.php(251): CodeIgniter\Config\BaseService::__callStatic('codeigniter', Array)
#16 /var/www/html/vendor/codeigniter4/framework/system/Config/Services.php(159): CodeIgniter\Config\BaseService::getSharedInstance('codeigniter', NULL)
#17 /var/www/html/vendor/codeigniter4/framework/system/Boot.php(311): CodeIgniter\Config\Services::codeigniter()
#18 /var/www/html/vendor/codeigniter4/framework/system/Boot.php(66): CodeIgniter\Boot::initializeCodeIgniter()
#19 /var/www/html/public/index.php(56): CodeIgniter\Boot::bootWeb(Object(Config\Paths))
#20 {main} Resorting to using dummy handler.
CRITICAL - 2025-04-28 04:04:18 --> CodeIgniter\Exceptions\CriticalError: Cache: RedisException occurred with message (Connection refused). in /var/www/html/vendor/codeigniter4/framework/system/Cache/Handlers/RedisHandler.php:101
Stack trace:
#0 /var/www/html/vendor/codeigniter4/framework/system/Cache/CacheFactory.php(81): CodeIgniter\Cache\Handlers\RedisHandler->initialize()
#1 /var/www/html/vendor/codeigniter4/framework/system/Config/Services.php(129): CodeIgniter\Cache\CacheFactory::getHandler(Object(Config\Cache))
#2 /var/www/html/vendor/codeigniter4/framework/system/Config/BaseService.php(312): CodeIgniter\Config\Services::cache(Object(Config\Cache), false)
#3 /var/www/html/vendor/codeigniter4/framework/system/Config/BaseService.php(251): CodeIgniter\Config\BaseService::__callStatic('cache', Array)
#4 /var/www/html/vendor/codeigniter4/framework/system/Config/Services.php(124): CodeIgniter\Config\BaseService::getSharedInstance('cache', NULL)
#5 /var/www/html/vendor/codeigniter4/framework/system/Config/BaseService.php(321): CodeIgniter\Config\Services::cache()
#6 /var/www/html/vendor/codeigniter4/framework/system/Config/BaseService.php(202): CodeIgniter\Config\BaseService::__callStatic('cache', Array)
#7 /var/www/html/vendor/codeigniter4/framework/system/Config/Services.php(454): CodeIgniter\Config\BaseService::get('cache')
#8 /var/www/html/vendor/codeigniter4/framework/system/Config/BaseService.php(312): CodeIgniter\Config\Services::responsecache(Object(Config\Cache), NULL, false)
#9 /var/www/html/vendor/codeigniter4/framework/system/Config/BaseService.php(251): CodeIgniter\Config\BaseService::__callStatic('responsecache', Array)
#10 /var/www/html/vendor/codeigniter4/framework/system/Config/Services.php(450): CodeIgniter\Config\BaseService::getSharedInstance('responsecache', NULL, NULL)
#11 /var/www/html/vendor/codeigniter4/framework/system/Config/BaseService.php(321): CodeIgniter\Config\Services::responsecache()
#12 /var/www/html/vendor/codeigniter4/framework/system/CodeIgniter.php(179): CodeIgniter\Config\BaseService::__callStatic('responsecache', Array)
#13 /var/www/html/vendor/codeigniter4/framework/system/Config/Services.php(164): CodeIgniter\CodeIgniter->__construct(Object(Config\App))
#14 /var/www/html/vendor/codeigniter4/framework/system/Config/BaseService.php(321): CodeIgniter\Config\Services::codeigniter(Object(Config\App), false)
#15 /var/www/html/vendor/codeigniter4/framework/system/Config/BaseService.php(251): CodeIgniter\Config\BaseService::__callStatic('codeigniter', Array)
#16 /var/www/html/vendor/codeigniter4/framework/system/Config/Services.php(159): CodeIgniter\Config\BaseService::getSharedInstance('codeigniter', NULL)
#17 /var/www/html/vendor/codeigniter4/framework/system/Boot.php(311): CodeIgniter\Config\Services::codeigniter()
#18 /var/www/html/vendor/codeigniter4/framework/system/Boot.php(66): CodeIgniter\Boot::initializeCodeIgniter()
#19 /var/www/html/public/index.php(56): CodeIgniter\Boot::bootWeb(Object(Config\Paths))
#20 {main} Resorting to using dummy handler.
INFO - 2025-04-28 04:04:18 --> Session: Class initialized using 'CodeIgniter\Session\Handlers\FileHandler' driver.
CRITICAL - 2025-04-28 04:04:30 --> CodeIgniter\Exceptions\CriticalError: Cache: RedisException occurred with message (Connection refused). in /var/www/html/vendor/codeigniter4/framework/system/Cache/Handlers/RedisHandler.php:101
Stack trace:
#0 /var/www/html/vendor/codeigniter4/framework/system/Cache/CacheFactory.php(81): CodeIgniter\Cache\Handlers\RedisHandler->initialize()
#1 /var/www/html/vendor/codeigniter4/framework/system/Config/Services.php(129): CodeIgniter\Cache\CacheFactory::getHandler(Object(Config\Cache))
#2 /var/www/html/vendor/codeigniter4/framework/system/Config/BaseService.php(312): CodeIgniter\Config\Services::cache(Object(Config\Cache), false)
#3 /var/www/html/vendor/codeigniter4/framework/system/Config/BaseService.php(251): CodeIgniter\Config\BaseService::__callStatic('cache', Array)
#4 /var/www/html/vendor/codeigniter4/framework/system/Config/Services.php(124): CodeIgniter\Config\BaseService::getSharedInstance('cache', NULL)
#5 /var/www/html/vendor/codeigniter4/framework/system/Config/BaseService.php(321): CodeIgniter\Config\Services::cache()
#6 /var/www/html/vendor/codeigniter4/framework/system/Config/BaseService.php(202): CodeIgniter\Config\BaseService::__callStatic('cache', Array)
#7 /var/www/html/vendor/codeigniter4/framework/system/Config/Services.php(454): CodeIgniter\Config\BaseService::get('cache')
#8 /var/www/html/vendor/codeigniter4/framework/system/Config/BaseService.php(312): CodeIgniter\Config\Services::responsecache(Object(Config\Cache), NULL, false)
#9 /var/www/html/vendor/codeigniter4/framework/system/Config/BaseService.php(251): CodeIgniter\Config\BaseService::__callStatic('responsecache', Array)
#10 /var/www/html/vendor/codeigniter4/framework/system/Config/Services.php(450): CodeIgniter\Config\BaseService::getSharedInstance('responsecache', NULL, NULL)
#11 /var/www/html/vendor/codeigniter4/framework/system/Config/BaseService.php(321): CodeIgniter\Config\Services::responsecache()
#12 /var/www/html/vendor/codeigniter4/framework/system/CodeIgniter.php(179): CodeIgniter\Config\BaseService::__callStatic('responsecache', Array)
#13 /var/www/html/vendor/codeigniter4/framework/system/Config/Services.php(164): CodeIgniter\CodeIgniter->__construct(Object(Config\App))
#14 /var/www/html/vendor/codeigniter4/framework/system/Config/BaseService.php(321): CodeIgniter\Config\Services::codeigniter(Object(Config\App), false)
#15 /var/www/html/vendor/codeigniter4/framework/system/Config/BaseService.php(251): CodeIgniter\Config\BaseService::__callStatic('codeigniter', Array)
#16 /var/www/html/vendor/codeigniter4/framework/system/Config/Services.php(159): CodeIgniter\Config\BaseService::getSharedInstance('codeigniter', NULL)
#17 /var/www/html/vendor/codeigniter4/framework/system/Boot.php(311): CodeIgniter\Config\Services::codeigniter()
#18 /var/www/html/vendor/codeigniter4/framework/system/Boot.php(66): CodeIgniter\Boot::initializeCodeIgniter()
#19 /var/www/html/public/index.php(56): CodeIgniter\Boot::bootWeb(Object(Config\Paths))
#20 {main} Resorting to using dummy handler.
INFO - 2025-04-28 04:04:31 --> Session: Class initialized using 'CodeIgniter\Session\Handlers\FileHandler' driver.
CRITICAL - 2025-04-28 05:17:39 --> CodeIgniter\Exceptions\CriticalError: Cache: RedisException occurred with message (Connection refused). in /var/www/html/vendor/codeigniter4/framework/system/Cache/Handlers/RedisHandler.php:101
Stack trace:
#0 /var/www/html/vendor/codeigniter4/framework/system/Cache/CacheFactory.php(81): CodeIgniter\Cache\Handlers\RedisHandler->initialize()
#1 /var/www/html/vendor/codeigniter4/framework/system/Config/Services.php(129): CodeIgniter\Cache\CacheFactory::getHandler(Object(Config\Cache))
#2 /var/www/html/vendor/codeigniter4/framework/system/Config/BaseService.php(312): CodeIgniter\Config\Services::cache(Object(Config\Cache), false)
#3 /var/www/html/vendor/codeigniter4/framework/system/Config/BaseService.php(251): CodeIgniter\Config\BaseService::__callStatic('cache', Array)
#4 /var/www/html/vendor/codeigniter4/framework/system/Config/Services.php(124): CodeIgniter\Config\BaseService::getSharedInstance('cache', NULL)
#5 /var/www/html/vendor/codeigniter4/framework/system/Config/BaseService.php(321): CodeIgniter\Config\Services::cache()
#6 /var/www/html/vendor/codeigniter4/framework/system/Config/BaseService.php(202): CodeIgniter\Config\BaseService::__callStatic('cache', Array)
#7 /var/www/html/vendor/codeigniter4/framework/system/Config/Services.php(454): CodeIgniter\Config\BaseService::get('cache')
#8 /var/www/html/vendor/codeigniter4/framework/system/Config/BaseService.php(312): CodeIgniter\Config\Services::responsecache(Object(Config\Cache), NULL, false)
#9 /var/www/html/vendor/codeigniter4/framework/system/Config/BaseService.php(251): CodeIgniter\Config\BaseService::__callStatic('responsecache', Array)
#10 /var/www/html/vendor/codeigniter4/framework/system/Config/Services.php(450): CodeIgniter\Config\BaseService::getSharedInstance('responsecache', NULL, NULL)
#11 /var/www/html/vendor/codeigniter4/framework/system/Config/BaseService.php(321): CodeIgniter\Config\Services::responsecache()
#12 /var/www/html/vendor/codeigniter4/framework/system/CodeIgniter.php(179): CodeIgniter\Config\BaseService::__callStatic('responsecache', Array)
#13 /var/www/html/vendor/codeigniter4/framework/system/Config/Services.php(164): CodeIgniter\CodeIgniter->__construct(Object(Config\App))
#14 /var/www/html/vendor/codeigniter4/framework/system/Config/BaseService.php(321): CodeIgniter\Config\Services::codeigniter(Object(Config\App), false)
#15 /var/www/html/vendor/codeigniter4/framework/system/Config/BaseService.php(251): CodeIgniter\Config\BaseService::__callStatic('codeigniter', Array)
#16 /var/www/html/vendor/codeigniter4/framework/system/Config/Services.php(159): CodeIgniter\Config\BaseService::getSharedInstance('codeigniter', NULL)
#17 /var/www/html/vendor/codeigniter4/framework/system/Boot.php(311): CodeIgniter\Config\Services::codeigniter()
#18 /var/www/html/vendor/codeigniter4/framework/system/Boot.php(66): CodeIgniter\Boot::initializeCodeIgniter()
#19 /var/www/html/public/index.php(56): CodeIgniter\Boot::bootWeb(Object(Config\Paths))
#20 {main} Resorting to using dummy handler.
CRITICAL - 2025-04-28 05:17:39 --> CodeIgniter\Exceptions\CriticalError: Cache: RedisException occurred with message (Connection refused). in /var/www/html/vendor/codeigniter4/framework/system/Cache/Handlers/RedisHandler.php:101
Stack trace:
#0 /var/www/html/vendor/codeigniter4/framework/system/Cache/CacheFactory.php(81): CodeIgniter\Cache\Handlers\RedisHandler->initialize()
#1 /var/www/html/vendor/codeigniter4/framework/system/Config/Services.php(129): CodeIgniter\Cache\CacheFactory::getHandler(Object(Config\Cache))
#2 /var/www/html/vendor/codeigniter4/framework/system/Config/BaseService.php(312): CodeIgniter\Config\Services::cache(Object(Config\Cache), false)
#3 /var/www/html/vendor/codeigniter4/framework/system/Config/BaseService.php(251): CodeIgniter\Config\BaseService::__callStatic('cache', Array)
#4 /var/www/html/vendor/codeigniter4/framework/system/Config/Services.php(124): CodeIgniter\Config\BaseService::getSharedInstance('cache', NULL)
#5 /var/www/html/vendor/codeigniter4/framework/system/Config/BaseService.php(321): CodeIgniter\Config\Services::cache()
#6 /var/www/html/vendor/codeigniter4/framework/system/Config/BaseService.php(202): CodeIgniter\Config\BaseService::__callStatic('cache', Array)
#7 /var/www/html/vendor/codeigniter4/framework/system/Config/Services.php(454): CodeIgniter\Config\BaseService::get('cache')
#8 /var/www/html/vendor/codeigniter4/framework/system/Config/BaseService.php(312): CodeIgniter\Config\Services::responsecache(Object(Config\Cache), NULL, false)
#9 /var/www/html/vendor/codeigniter4/framework/system/Config/BaseService.php(251): CodeIgniter\Config\BaseService::__callStatic('responsecache', Array)
#10 /var/www/html/vendor/codeigniter4/framework/system/Config/Services.php(450): CodeIgniter\Config\BaseService::getSharedInstance('responsecache', NULL, NULL)
#11 /var/www/html/vendor/codeigniter4/framework/system/Config/BaseService.php(321): CodeIgniter\Config\Services::responsecache()
#12 /var/www/html/vendor/codeigniter4/framework/system/CodeIgniter.php(179): CodeIgniter\Config\BaseService::__callStatic('responsecache', Array)
#13 /var/www/html/vendor/codeigniter4/framework/system/Config/Services.php(164): CodeIgniter\CodeIgniter->__construct(Object(Config\App))
#14 /var/www/html/vendor/codeigniter4/framework/system/Config/BaseService.php(321): CodeIgniter\Config\Services::codeigniter(Object(Config\App), false)
#15 /var/www/html/vendor/codeigniter4/framework/system/Config/BaseService.php(251): CodeIgniter\Config\BaseService::__callStatic('codeigniter', Array)
#16 /var/www/html/vendor/codeigniter4/framework/system/Config/Services.php(159): CodeIgniter\Config\BaseService::getSharedInstance('codeigniter', NULL)
#17 /var/www/html/vendor/codeigniter4/framework/system/Boot.php(311): CodeIgniter\Config\Services::codeigniter()
#18 /var/www/html/vendor/codeigniter4/framework/system/Boot.php(66): CodeIgniter\Boot::initializeCodeIgniter()
#19 /var/www/html/public/index.php(56): CodeIgniter\Boot::bootWeb(Object(Config\Paths))
#20 {main} Resorting to using dummy handler.
CRITICAL - 2025-04-28 05:17:40 --> CodeIgniter\Exceptions\CriticalError: Cache: RedisException occurred with message (Connection refused). in /var/www/html/vendor/codeigniter4/framework/system/Cache/Handlers/RedisHandler.php:101
Stack trace:
#0 /var/www/html/vendor/codeigniter4/framework/system/Cache/CacheFactory.php(81): CodeIgniter\Cache\Handlers\RedisHandler->initialize()
#1 /var/www/html/vendor/codeigniter4/framework/system/Config/Services.php(129): CodeIgniter\Cache\CacheFactory::getHandler(Object(Config\Cache))
#2 /var/www/html/vendor/codeigniter4/framework/system/Config/BaseService.php(312): CodeIgniter\Config\Services::cache(Object(Config\Cache), false)
#3 /var/www/html/vendor/codeigniter4/framework/system/Config/BaseService.php(251): CodeIgniter\Config\BaseService::__callStatic('cache', Array)
#4 /var/www/html/vendor/codeigniter4/framework/system/Config/Services.php(124): CodeIgniter\Config\BaseService::getSharedInstance('cache', NULL)
#5 /var/www/html/vendor/codeigniter4/framework/system/Config/BaseService.php(321): CodeIgniter\Config\Services::cache()
#6 /var/www/html/vendor/codeigniter4/framework/system/Config/BaseService.php(202): CodeIgniter\Config\BaseService::__callStatic('cache', Array)
#7 /var/www/html/vendor/codeigniter4/framework/system/Config/Services.php(454): CodeIgniter\Config\BaseService::get('cache')
#8 /var/www/html/vendor/codeigniter4/framework/system/Config/BaseService.php(312): CodeIgniter\Config\Services::responsecache(Object(Config\Cache), NULL, false)
#9 /var/www/html/vendor/codeigniter4/framework/system/Config/BaseService.php(251): CodeIgniter\Config\BaseService::__callStatic('responsecache', Array)
#10 /var/www/html/vendor/codeigniter4/framework/system/Config/Services.php(450): CodeIgniter\Config\BaseService::getSharedInstance('responsecache', NULL, NULL)
#11 /var/www/html/vendor/codeigniter4/framework/system/Config/BaseService.php(321): CodeIgniter\Config\Services::responsecache()
#12 /var/www/html/vendor/codeigniter4/framework/system/CodeIgniter.php(179): CodeIgniter\Config\BaseService::__callStatic('responsecache', Array)
#13 /var/www/html/vendor/codeigniter4/framework/system/Config/Services.php(164): CodeIgniter\CodeIgniter->__construct(Object(Config\App))
#14 /var/www/html/vendor/codeigniter4/framework/system/Config/BaseService.php(321): CodeIgniter\Config\Services::codeigniter(Object(Config\App), false)
#15 /var/www/html/vendor/codeigniter4/framework/system/Config/BaseService.php(251): CodeIgniter\Config\BaseService::__callStatic('codeigniter', Array)
#16 /var/www/html/vendor/codeigniter4/framework/system/Config/Services.php(159): CodeIgniter\Config\BaseService::getSharedInstance('codeigniter', NULL)
#17 /var/www/html/vendor/codeigniter4/framework/system/Boot.php(311): CodeIgniter\Config\Services::codeigniter()
#18 /var/www/html/vendor/codeigniter4/framework/system/Boot.php(66): CodeIgniter\Boot::initializeCodeIgniter()
#19 /var/www/html/public/index.php(56): CodeIgniter\Boot::bootWeb(Object(Config\Paths))
#20 {main} Resorting to using dummy handler.
CRITICAL - 2025-04-28 05:17:59 --> CodeIgniter\Exceptions\CriticalError: Cache: RedisException occurred with message (Connection refused). in /var/www/html/vendor/codeigniter4/framework/system/Cache/Handlers/RedisHandler.php:101
Stack trace:
#0 /var/www/html/vendor/codeigniter4/framework/system/Cache/CacheFactory.php(81): CodeIgniter\Cache\Handlers\RedisHandler->initialize()
#1 /var/www/html/vendor/codeigniter4/framework/system/Config/Services.php(129): CodeIgniter\Cache\CacheFactory::getHandler(Object(Config\Cache))
#2 /var/www/html/vendor/codeigniter4/framework/system/Config/BaseService.php(312): CodeIgniter\Config\Services::cache(Object(Config\Cache), false)
#3 /var/www/html/vendor/codeigniter4/framework/system/Config/BaseService.php(251): CodeIgniter\Config\BaseService::__callStatic('cache', Array)
#4 /var/www/html/vendor/codeigniter4/framework/system/Config/Services.php(124): CodeIgniter\Config\BaseService::getSharedInstance('cache', NULL)
#5 /var/www/html/vendor/codeigniter4/framework/system/Config/BaseService.php(321): CodeIgniter\Config\Services::cache()
#6 /var/www/html/vendor/codeigniter4/framework/system/Config/BaseService.php(202): CodeIgniter\Config\BaseService::__callStatic('cache', Array)
#7 /var/www/html/vendor/codeigniter4/framework/system/Config/Services.php(454): CodeIgniter\Config\BaseService::get('cache')
#8 /var/www/html/vendor/codeigniter4/framework/system/Config/BaseService.php(312): CodeIgniter\Config\Services::responsecache(Object(Config\Cache), NULL, false)
#9 /var/www/html/vendor/codeigniter4/framework/system/Config/BaseService.php(251): CodeIgniter\Config\BaseService::__callStatic('responsecache', Array)
#10 /var/www/html/vendor/codeigniter4/framework/system/Config/Services.php(450): CodeIgniter\Config\BaseService::getSharedInstance('responsecache', NULL, NULL)
#11 /var/www/html/vendor/codeigniter4/framework/system/Config/BaseService.php(321): CodeIgniter\Config\Services::responsecache()
#12 /var/www/html/vendor/codeigniter4/framework/system/CodeIgniter.php(179): CodeIgniter\Config\BaseService::__callStatic('responsecache', Array)
#13 /var/www/html/vendor/codeigniter4/framework/system/Config/Services.php(164): CodeIgniter\CodeIgniter->__construct(Object(Config\App))
#14 /var/www/html/vendor/codeigniter4/framework/system/Config/BaseService.php(321): CodeIgniter\Config\Services::codeigniter(Object(Config\App), false)
#15 /var/www/html/vendor/codeigniter4/framework/system/Config/BaseService.php(251): CodeIgniter\Config\BaseService::__callStatic('codeigniter', Array)
#16 /var/www/html/vendor/codeigniter4/framework/system/Config/Services.php(159): CodeIgniter\Config\BaseService::getSharedInstance('codeigniter', NULL)
#17 /var/www/html/vendor/codeigniter4/framework/system/Boot.php(311): CodeIgniter\Config\Services::codeigniter()
#18 /var/www/html/vendor/codeigniter4/framework/system/Boot.php(66): CodeIgniter\Boot::initializeCodeIgniter()
#19 /var/www/html/public/index.php(56): CodeIgniter\Boot::bootWeb(Object(Config\Paths))
#20 {main} Resorting to using dummy handler.
INFO - 2025-04-28 05:18:08 --> Session: Class initialized using 'CodeIgniter\Session\Handlers\FileHandler' driver.
INFO - 2025-04-28 05:18:19 --> Session: Class initialized using 'CodeIgniter\Session\Handlers\FileHandler' driver.
