CRITICAL - 2025-06-16 03:22:09 --> CodeIgniter\Exceptions\CriticalError: Cache: RedisException occurred with message (Connection refused). in /var/www/html/vendor/codeigniter4/framework/system/Cache/Handlers/RedisHandler.php:101
Stack trace:
#0 /var/www/html/vendor/codeigniter4/framework/system/Cache/CacheFactory.php(81): CodeIgniter\Cache\Handlers\RedisHandler->initialize()
#1 /var/www/html/vendor/codeigniter4/framework/system/Config/Services.php(129): CodeIgniter\Cache\CacheFactory::getHandler(Object(Config\Cache))
#2 /var/www/html/vendor/codeigniter4/framework/system/Config/BaseService.php(312): CodeIgniter\Config\Services::cache(Object(Config\Cache), false)
#3 /var/www/html/vendor/codeigniter4/framework/system/Config/BaseService.php(251): CodeIgniter\Config\BaseService::__callStatic('cache', Array)
#4 /var/www/html/vendor/codeigniter4/framework/system/Config/Services.php(124): CodeIgniter\Config\BaseService::getSharedInstance('cache', NULL)
#5 /var/www/html/vendor/codeigniter4/framework/system/Config/BaseService.php(321): CodeIgniter\Config\Services::cache()
#6 /var/www/html/vendor/codeigniter4/framework/system/Config/BaseService.php(202): CodeIgniter\Config\BaseService::__callStatic('cache', Array)
#7 /var/www/html/vendor/codeigniter4/framework/system/Config/Services.php(454): CodeIgniter\Config\BaseService::get('cache')
#8 /var/www/html/vendor/codeigniter4/framework/system/Config/BaseService.php(312): CodeIgniter\Config\Services::responsecache(Object(Config\Cache), NULL, false)
#9 /var/www/html/vendor/codeigniter4/framework/system/Config/BaseService.php(251): CodeIgniter\Config\BaseService::__callStatic('responsecache', Array)
#10 /var/www/html/vendor/codeigniter4/framework/system/Config/Services.php(450): CodeIgniter\Config\BaseService::getSharedInstance('responsecache', NULL, NULL)
#11 /var/www/html/vendor/codeigniter4/framework/system/Config/BaseService.php(321): CodeIgniter\Config\Services::responsecache()
#12 /var/www/html/vendor/codeigniter4/framework/system/CodeIgniter.php(179): CodeIgniter\Config\BaseService::__callStatic('responsecache', Array)
#13 /var/www/html/vendor/codeigniter4/framework/system/Config/Services.php(164): CodeIgniter\CodeIgniter->__construct(Object(Config\App))
#14 /var/www/html/vendor/codeigniter4/framework/system/Config/BaseService.php(321): CodeIgniter\Config\Services::codeigniter(Object(Config\App), false)
#15 /var/www/html/vendor/codeigniter4/framework/system/Config/BaseService.php(251): CodeIgniter\Config\BaseService::__callStatic('codeigniter', Array)
#16 /var/www/html/vendor/codeigniter4/framework/system/Config/Services.php(159): CodeIgniter\Config\BaseService::getSharedInstance('codeigniter', NULL)
#17 /var/www/html/vendor/codeigniter4/framework/system/Boot.php(311): CodeIgniter\Config\Services::codeigniter()
#18 /var/www/html/vendor/codeigniter4/framework/system/Boot.php(101): CodeIgniter\Boot::initializeCodeIgniter()
#19 /var/www/html/spark(84): CodeIgniter\Boot::bootSpark(Object(Config\Paths))
#20 {main} Resorting to using dummy handler.
CRITICAL - 2025-06-16 03:22:21 --> CodeIgniter\Exceptions\CriticalError: Cache: RedisException occurred with message (Connection refused). in /var/www/html/vendor/codeigniter4/framework/system/Cache/Handlers/RedisHandler.php:101
Stack trace:
#0 /var/www/html/vendor/codeigniter4/framework/system/Cache/CacheFactory.php(81): CodeIgniter\Cache\Handlers\RedisHandler->initialize()
#1 /var/www/html/vendor/codeigniter4/framework/system/Config/Services.php(129): CodeIgniter\Cache\CacheFactory::getHandler(Object(Config\Cache))
#2 /var/www/html/vendor/codeigniter4/framework/system/Config/BaseService.php(312): CodeIgniter\Config\Services::cache(Object(Config\Cache), false)
#3 /var/www/html/vendor/codeigniter4/framework/system/Config/BaseService.php(251): CodeIgniter\Config\BaseService::__callStatic('cache', Array)
#4 /var/www/html/vendor/codeigniter4/framework/system/Config/Services.php(124): CodeIgniter\Config\BaseService::getSharedInstance('cache', NULL)
#5 /var/www/html/vendor/codeigniter4/framework/system/Config/BaseService.php(321): CodeIgniter\Config\Services::cache()
#6 /var/www/html/vendor/codeigniter4/framework/system/Config/BaseService.php(202): CodeIgniter\Config\BaseService::__callStatic('cache', Array)
#7 /var/www/html/vendor/codeigniter4/framework/system/Config/Services.php(454): CodeIgniter\Config\BaseService::get('cache')
#8 /var/www/html/vendor/codeigniter4/framework/system/Config/BaseService.php(312): CodeIgniter\Config\Services::responsecache(Object(Config\Cache), NULL, false)
#9 /var/www/html/vendor/codeigniter4/framework/system/Config/BaseService.php(251): CodeIgniter\Config\BaseService::__callStatic('responsecache', Array)
#10 /var/www/html/vendor/codeigniter4/framework/system/Config/Services.php(450): CodeIgniter\Config\BaseService::getSharedInstance('responsecache', NULL, NULL)
#11 /var/www/html/vendor/codeigniter4/framework/system/Config/BaseService.php(321): CodeIgniter\Config\Services::responsecache()
#12 /var/www/html/vendor/codeigniter4/framework/system/CodeIgniter.php(179): CodeIgniter\Config\BaseService::__callStatic('responsecache', Array)
#13 /var/www/html/vendor/codeigniter4/framework/system/Config/Services.php(164): CodeIgniter\CodeIgniter->__construct(Object(Config\App))
#14 /var/www/html/vendor/codeigniter4/framework/system/Config/BaseService.php(321): CodeIgniter\Config\Services::codeigniter(Object(Config\App), false)
#15 /var/www/html/vendor/codeigniter4/framework/system/Config/BaseService.php(251): CodeIgniter\Config\BaseService::__callStatic('codeigniter', Array)
#16 /var/www/html/vendor/codeigniter4/framework/system/Config/Services.php(159): CodeIgniter\Config\BaseService::getSharedInstance('codeigniter', NULL)
#17 /var/www/html/vendor/codeigniter4/framework/system/Boot.php(311): CodeIgniter\Config\Services::codeigniter()
#18 /var/www/html/vendor/codeigniter4/framework/system/Boot.php(101): CodeIgniter\Boot::initializeCodeIgniter()
#19 /var/www/html/spark(84): CodeIgniter\Boot::bootSpark(Object(Config\Paths))
#20 {main} Resorting to using dummy handler.
ERROR - 2025-06-16 03:22:21 --> Error connecting to the database: mysqli_sql_exception: Connection refused in /var/www/html/vendor/codeigniter4/framework/system/Database/MySQLi/Connection.php:186
Stack trace:
#0 /var/www/html/vendor/codeigniter4/framework/system/Database/MySQLi/Connection.php(186): mysqli->real_connect('127.0.0.1', 'root', Object(SensitiveParameterValue), 'assist_pro_mf_d...', 3306, '', 0)
#1 /var/www/html/vendor/codeigniter4/framework/system/Database/BaseConnection.php(421): CodeIgniter\Database\MySQLi\Connection->connect(false)
#2 /var/www/html/vendor/codeigniter4/framework/system/Database/BaseConnection.php(616): CodeIgniter\Database\BaseConnection->initialize()
#3 /var/www/html/vendor/codeigniter4/framework/system/Database/BaseConnection.php(1485): CodeIgniter\Database\BaseConnection->query('SHOW TABLES FRO...')
#4 /var/www/html/vendor/codeigniter4/framework/system/Database/BaseConnection.php(1505): CodeIgniter\Database\BaseConnection->listTables()
#5 /var/www/html/vendor/codeigniter4/framework/system/Database/MigrationRunner.php(759): CodeIgniter\Database\BaseConnection->tableExists('migrations')
#6 /var/www/html/vendor/codeigniter4/framework/system/Database/MigrationRunner.php(163): CodeIgniter\Database\MigrationRunner->ensureTable()
#7 /var/www/html/vendor/codeigniter4/framework/system/Commands/Database/Migrate.php(85): CodeIgniter\Database\MigrationRunner->latest(NULL)
#8 /var/www/html/vendor/codeigniter4/framework/system/CLI/Commands.php(70): CodeIgniter\Commands\Database\Migrate->run(Array)
#9 /var/www/html/vendor/codeigniter4/framework/system/CLI/Console.php(48): CodeIgniter\CLI\Commands->run('migrate', Array)
#10 /var/www/html/vendor/codeigniter4/framework/system/Boot.php(351): CodeIgniter\CLI\Console->run()
#11 /var/www/html/vendor/codeigniter4/framework/system/Boot.php(104): CodeIgniter\Boot::runCommand(Object(CodeIgniter\CLI\Console))
#12 /var/www/html/spark(84): CodeIgniter\Boot::bootSpark(Object(Config\Paths))
#13 {main}

Next CodeIgniter\Database\Exceptions\DatabaseException: Connection refused in /var/www/html/vendor/codeigniter4/framework/system/Database/MySQLi/Connection.php:231
Stack trace:
#0 /var/www/html/vendor/codeigniter4/framework/system/Database/BaseConnection.php(421): CodeIgniter\Database\MySQLi\Connection->connect(false)
#1 /var/www/html/vendor/codeigniter4/framework/system/Database/BaseConnection.php(616): CodeIgniter\Database\BaseConnection->initialize()
#2 /var/www/html/vendor/codeigniter4/framework/system/Database/BaseConnection.php(1485): CodeIgniter\Database\BaseConnection->query('SHOW TABLES FRO...')
#3 /var/www/html/vendor/codeigniter4/framework/system/Database/BaseConnection.php(1505): CodeIgniter\Database\BaseConnection->listTables()
#4 /var/www/html/vendor/codeigniter4/framework/system/Database/MigrationRunner.php(759): CodeIgniter\Database\BaseConnection->tableExists('migrations')
#5 /var/www/html/vendor/codeigniter4/framework/system/Database/MigrationRunner.php(163): CodeIgniter\Database\MigrationRunner->ensureTable()
#6 /var/www/html/vendor/codeigniter4/framework/system/Commands/Database/Migrate.php(85): CodeIgniter\Database\MigrationRunner->latest(NULL)
#7 /var/www/html/vendor/codeigniter4/framework/system/CLI/Commands.php(70): CodeIgniter\Commands\Database\Migrate->run(Array)
#8 /var/www/html/vendor/codeigniter4/framework/system/CLI/Console.php(48): CodeIgniter\CLI\Commands->run('migrate', Array)
#9 /var/www/html/vendor/codeigniter4/framework/system/Boot.php(351): CodeIgniter\CLI\Console->run()
#10 /var/www/html/vendor/codeigniter4/framework/system/Boot.php(104): CodeIgniter\Boot::runCommand(Object(CodeIgniter\CLI\Console))
#11 /var/www/html/spark(84): CodeIgniter\Boot::bootSpark(Object(Config\Paths))
#12 {main}
